{"timestamp":"2025-07-30 08:16:50.896","level":"error","category":"system","message":"uncaughtException: listen EADDRINUSE: address already in use :::3003\nError: listen EADDRINUSE: address already in use :::3003\n    at Server.setupListenHandle [as _listen2] (node:net:1937:16)\n    at listenInCluster (node:net:1994:12)\n    at Server.listen (node:net:2099:7)\n    at Function.listen (/home/chous/work/semantest/nodejs.server/node_modules/express/lib/application.js:635:24)\n    at startServer (/home/chous/work/semantest/nodejs.server/src/start-server.ts:122:7)\n    at processTicksAndRejections (node:internal/process/task_queues:105:5)","context":{},"service":"semantest-server","version":"1.0.0","environment":"development","hostname":"maricruz","pid":3858072,"stack":"Error: listen EADDRINUSE: address already in use :::3003\n    at Server.setupListenHandle [as _listen2] (node:net:1937:16)\n    at listenInCluster (node:net:1994:12)\n    at Server.listen (node:net:2099:7)\n    at Function.listen (/home/chous/work/semantest/nodejs.server/node_modules/express/lib/application.js:635:24)\n    at startServer (/home/chous/work/semantest/nodejs.server/src/start-server.ts:122:7)\n    at processTicksAndRejections (node:internal/process/task_queues:105:5)"}
{"timestamp":"2025-07-31 14:37:51.046","level":"error","category":"system","message":"uncaughtException: ⨯ Unable to compile TypeScript:\n\u001b[96msrc/addons/infrastructure/http/addon-dynamic.routes.ts\u001b[0m:\u001b[93m119\u001b[0m:\u001b[93m62\u001b[0m - \u001b[91merror\u001b[0m\u001b[90m TS2559: \u001b[0mType 'Error' has no properties in common with type 'LogContext'.\n\n\u001b[7m119\u001b[0m         logger.warn(`Failed to bundle script ${scriptFile}`, error as Error);\n\u001b[7m   \u001b[0m \u001b[91m                                                             ~~~~~~~~~~~~~~\u001b[0m\n\nTSError: ⨯ Unable to compile TypeScript:\n\u001b[96msrc/addons/infrastructure/http/addon-dynamic.routes.ts\u001b[0m:\u001b[93m119\u001b[0m:\u001b[93m62\u001b[0m - \u001b[91merror\u001b[0m\u001b[90m TS2559: \u001b[0mType 'Error' has no properties in common with type 'LogContext'.\n\n\u001b[7m119\u001b[0m         logger.warn(`Failed to bundle script ${scriptFile}`, error as Error);\n\u001b[7m   \u001b[0m \u001b[91m                                                             ~~~~~~~~~~~~~~\u001b[0m\n\n    at createTSError (/home/chous/work/semantest/nodejs.server/node_modules/ts-node/src/index.ts:859:12)\n    at reportTSError (/home/chous/work/semantest/nodejs.server/node_modules/ts-node/src/index.ts:863:19)\n    at getOutput (/home/chous/work/semantest/nodejs.server/node_modules/ts-node/src/index.ts:1077:36)\n    at Object.compile (/home/chous/work/semantest/nodejs.server/node_modules/ts-node/src/index.ts:1433:41)\n    at Module.m._compile (/home/chous/work/semantest/nodejs.server/node_modules/ts-node/src/index.ts:1617:30)\n    at node:internal/modules/cjs/loader:1706:10\n    at Object.require.extensions.<computed> [as .ts] (/home/chous/work/semantest/nodejs.server/node_modules/ts-node/src/index.ts:1621:12)\n    at Module.load (node:internal/modules/cjs/loader:1289:32)\n    at Function._load (node:internal/modules/cjs/loader:1108:12)\n    at TracingChannel.traceSync (node:diagnostics_channel:322:14)","context":{},"service":"semantest-server","version":"1.0.0","environment":"development","hostname":"maricruz","pid":1518095,"stack":"TSError: ⨯ Unable to compile TypeScript:\n\u001b[96msrc/addons/infrastructure/http/addon-dynamic.routes.ts\u001b[0m:\u001b[93m119\u001b[0m:\u001b[93m62\u001b[0m - \u001b[91merror\u001b[0m\u001b[90m TS2559: \u001b[0mType 'Error' has no properties in common with type 'LogContext'.\n\n\u001b[7m119\u001b[0m         logger.warn(`Failed to bundle script ${scriptFile}`, error as Error);\n\u001b[7m   \u001b[0m \u001b[91m                                                             ~~~~~~~~~~~~~~\u001b[0m\n\n    at createTSError (/home/chous/work/semantest/nodejs.server/node_modules/ts-node/src/index.ts:859:12)\n    at reportTSError (/home/chous/work/semantest/nodejs.server/node_modules/ts-node/src/index.ts:863:19)\n    at getOutput (/home/chous/work/semantest/nodejs.server/node_modules/ts-node/src/index.ts:1077:36)\n    at Object.compile (/home/chous/work/semantest/nodejs.server/node_modules/ts-node/src/index.ts:1433:41)\n    at Module.m._compile (/home/chous/work/semantest/nodejs.server/node_modules/ts-node/src/index.ts:1617:30)\n    at node:internal/modules/cjs/loader:1706:10\n    at Object.require.extensions.<computed> [as .ts] (/home/chous/work/semantest/nodejs.server/node_modules/ts-node/src/index.ts:1621:12)\n    at Module.load (node:internal/modules/cjs/loader:1289:32)\n    at Function._load (node:internal/modules/cjs/loader:1108:12)\n    at TracingChannel.traceSync (node:diagnostics_channel:322:14)"}
{"timestamp":"2025-07-31 14:40:53.136","level":"error","category":"system","message":"uncaughtException: ⨯ Unable to compile TypeScript:\nsrc/addons/infrastructure/http/addon-dynamic.routes.ts(119,62): error TS2559: Type 'Error' has no properties in common with type 'LogContext'.\n\nTSError: ⨯ Unable to compile TypeScript:\nsrc/addons/infrastructure/http/addon-dynamic.routes.ts(119,62): error TS2559: Type 'Error' has no properties in common with type 'LogContext'.\n\n    at createTSError (/home/chous/work/semantest/nodejs.server/node_modules/ts-node/src/index.ts:859:12)\n    at reportTSError (/home/chous/work/semantest/nodejs.server/node_modules/ts-node/src/index.ts:863:19)\n    at getOutput (/home/chous/work/semantest/nodejs.server/node_modules/ts-node/src/index.ts:1077:36)\n    at Object.compile (/home/chous/work/semantest/nodejs.server/node_modules/ts-node/src/index.ts:1433:41)\n    at Module.m._compile (/home/chous/work/semantest/nodejs.server/node_modules/ts-node/src/index.ts:1617:30)\n    at node:internal/modules/cjs/loader:1706:10\n    at Object.require.extensions.<computed> [as .ts] (/home/chous/work/semantest/nodejs.server/node_modules/ts-node/src/index.ts:1621:12)\n    at Module.load (node:internal/modules/cjs/loader:1289:32)\n    at Function._load (node:internal/modules/cjs/loader:1108:12)\n    at TracingChannel.traceSync (node:diagnostics_channel:322:14)","context":{},"service":"semantest-server","version":"1.0.0","environment":"development","hostname":"maricruz","pid":1523993,"stack":"TSError: ⨯ Unable to compile TypeScript:\nsrc/addons/infrastructure/http/addon-dynamic.routes.ts(119,62): error TS2559: Type 'Error' has no properties in common with type 'LogContext'.\n\n    at createTSError (/home/chous/work/semantest/nodejs.server/node_modules/ts-node/src/index.ts:859:12)\n    at reportTSError (/home/chous/work/semantest/nodejs.server/node_modules/ts-node/src/index.ts:863:19)\n    at getOutput (/home/chous/work/semantest/nodejs.server/node_modules/ts-node/src/index.ts:1077:36)\n    at Object.compile (/home/chous/work/semantest/nodejs.server/node_modules/ts-node/src/index.ts:1433:41)\n    at Module.m._compile (/home/chous/work/semantest/nodejs.server/node_modules/ts-node/src/index.ts:1617:30)\n    at node:internal/modules/cjs/loader:1706:10\n    at Object.require.extensions.<computed> [as .ts] (/home/chous/work/semantest/nodejs.server/node_modules/ts-node/src/index.ts:1621:12)\n    at Module.load (node:internal/modules/cjs/loader:1289:32)\n    at Function._load (node:internal/modules/cjs/loader:1108:12)\n    at TracingChannel.traceSync (node:diagnostics_channel:322:14)"}
{"timestamp":"2025-07-31 14:41:26.231","level":"error","category":"system","message":"uncaughtException: listen EADDRINUSE: address already in use :::3003\nError: listen EADDRINUSE: address already in use :::3003\n    at Server.setupListenHandle [as _listen2] (node:net:1937:16)\n    at listenInCluster (node:net:1994:12)\n    at Server.listen (node:net:2099:7)\n    at Function.listen (/home/chous/work/semantest/nodejs.server/node_modules/express/lib/application.js:635:24)\n    at startServer (/home/chous/work/semantest/nodejs.server/src/start-server.ts:125:7)\n    at processTicksAndRejections (node:internal/process/task_queues:105:5)","context":{},"service":"semantest-server","version":"1.0.0","environment":"development","hostname":"maricruz","pid":1525838,"stack":"Error: listen EADDRINUSE: address already in use :::3003\n    at Server.setupListenHandle [as _listen2] (node:net:1937:16)\n    at listenInCluster (node:net:1994:12)\n    at Server.listen (node:net:2099:7)\n    at Function.listen (/home/chous/work/semantest/nodejs.server/node_modules/express/lib/application.js:635:24)\n    at startServer (/home/chous/work/semantest/nodejs.server/src/start-server.ts:125:7)\n    at processTicksAndRejections (node:internal/process/task_queues:105:5)"}
{"timestamp":"2025-07-31 14:43:55.232","level":"error","category":"system","message":"uncaughtException: ⨯ Unable to compile TypeScript:\nsrc/addons/infrastructure/http/addon-dynamic.routes.ts(119,62): error TS2559: Type 'Error' has no properties in common with type 'LogContext'.\n\nTSError: ⨯ Unable to compile TypeScript:\nsrc/addons/infrastructure/http/addon-dynamic.routes.ts(119,62): error TS2559: Type 'Error' has no properties in common with type 'LogContext'.\n\n    at createTSError (/home/chous/work/semantest/nodejs.server/node_modules/ts-node/src/index.ts:859:12)\n    at reportTSError (/home/chous/work/semantest/nodejs.server/node_modules/ts-node/src/index.ts:863:19)\n    at getOutput (/home/chous/work/semantest/nodejs.server/node_modules/ts-node/src/index.ts:1077:36)\n    at Object.compile (/home/chous/work/semantest/nodejs.server/node_modules/ts-node/src/index.ts:1433:41)\n    at Module.m._compile (/home/chous/work/semantest/nodejs.server/node_modules/ts-node/src/index.ts:1617:30)\n    at node:internal/modules/cjs/loader:1706:10\n    at Object.require.extensions.<computed> [as .ts] (/home/chous/work/semantest/nodejs.server/node_modules/ts-node/src/index.ts:1621:12)\n    at Module.load (node:internal/modules/cjs/loader:1289:32)\n    at Function._load (node:internal/modules/cjs/loader:1108:12)\n    at TracingChannel.traceSync (node:diagnostics_channel:322:14)","context":{},"service":"semantest-server","version":"1.0.0","environment":"development","hostname":"maricruz","pid":1531206,"stack":"TSError: ⨯ Unable to compile TypeScript:\nsrc/addons/infrastructure/http/addon-dynamic.routes.ts(119,62): error TS2559: Type 'Error' has no properties in common with type 'LogContext'.\n\n    at createTSError (/home/chous/work/semantest/nodejs.server/node_modules/ts-node/src/index.ts:859:12)\n    at reportTSError (/home/chous/work/semantest/nodejs.server/node_modules/ts-node/src/index.ts:863:19)\n    at getOutput (/home/chous/work/semantest/nodejs.server/node_modules/ts-node/src/index.ts:1077:36)\n    at Object.compile (/home/chous/work/semantest/nodejs.server/node_modules/ts-node/src/index.ts:1433:41)\n    at Module.m._compile (/home/chous/work/semantest/nodejs.server/node_modules/ts-node/src/index.ts:1617:30)\n    at node:internal/modules/cjs/loader:1706:10\n    at Object.require.extensions.<computed> [as .ts] (/home/chous/work/semantest/nodejs.server/node_modules/ts-node/src/index.ts:1621:12)\n    at Module.load (node:internal/modules/cjs/loader:1289:32)\n    at Function._load (node:internal/modules/cjs/loader:1108:12)\n    at TracingChannel.traceSync (node:diagnostics_channel:322:14)"}
{"timestamp":"2025-07-31 14:45:18.715","level":"error","category":"system","message":"uncaughtException: ⨯ Unable to compile TypeScript:\nsrc/addons/infrastructure/http/addon-dynamic.routes.ts(119,62): error TS2559: Type 'Error' has no properties in common with type 'LogContext'.\n\nTSError: ⨯ Unable to compile TypeScript:\nsrc/addons/infrastructure/http/addon-dynamic.routes.ts(119,62): error TS2559: Type 'Error' has no properties in common with type 'LogContext'.\n\n    at createTSError (/home/chous/work/semantest/nodejs.server/node_modules/ts-node/src/index.ts:859:12)\n    at reportTSError (/home/chous/work/semantest/nodejs.server/node_modules/ts-node/src/index.ts:863:19)\n    at getOutput (/home/chous/work/semantest/nodejs.server/node_modules/ts-node/src/index.ts:1077:36)\n    at Object.compile (/home/chous/work/semantest/nodejs.server/node_modules/ts-node/src/index.ts:1433:41)\n    at Module.m._compile (/home/chous/work/semantest/nodejs.server/node_modules/ts-node/src/index.ts:1617:30)\n    at node:internal/modules/cjs/loader:1706:10\n    at Object.require.extensions.<computed> [as .ts] (/home/chous/work/semantest/nodejs.server/node_modules/ts-node/src/index.ts:1621:12)\n    at Module.load (node:internal/modules/cjs/loader:1289:32)\n    at Function._load (node:internal/modules/cjs/loader:1108:12)\n    at TracingChannel.traceSync (node:diagnostics_channel:322:14)","context":{},"service":"semantest-server","version":"1.0.0","environment":"development","hostname":"maricruz","pid":1533841,"stack":"TSError: ⨯ Unable to compile TypeScript:\nsrc/addons/infrastructure/http/addon-dynamic.routes.ts(119,62): error TS2559: Type 'Error' has no properties in common with type 'LogContext'.\n\n    at createTSError (/home/chous/work/semantest/nodejs.server/node_modules/ts-node/src/index.ts:859:12)\n    at reportTSError (/home/chous/work/semantest/nodejs.server/node_modules/ts-node/src/index.ts:863:19)\n    at getOutput (/home/chous/work/semantest/nodejs.server/node_modules/ts-node/src/index.ts:1077:36)\n    at Object.compile (/home/chous/work/semantest/nodejs.server/node_modules/ts-node/src/index.ts:1433:41)\n    at Module.m._compile (/home/chous/work/semantest/nodejs.server/node_modules/ts-node/src/index.ts:1617:30)\n    at node:internal/modules/cjs/loader:1706:10\n    at Object.require.extensions.<computed> [as .ts] (/home/chous/work/semantest/nodejs.server/node_modules/ts-node/src/index.ts:1621:12)\n    at Module.load (node:internal/modules/cjs/loader:1289:32)\n    at Function._load (node:internal/modules/cjs/loader:1108:12)\n    at TracingChannel.traceSync (node:diagnostics_channel:322:14)"}
{"timestamp":"2025-07-31 14:45:30.555","level":"error","category":"system","message":"uncaughtException: ⨯ Unable to compile TypeScript:\nsrc/addons/infrastructure/http/addon-dynamic.routes.ts(119,62): error TS2559: Type 'Error' has no properties in common with type 'LogContext'.\n\nTSError: ⨯ Unable to compile TypeScript:\nsrc/addons/infrastructure/http/addon-dynamic.routes.ts(119,62): error TS2559: Type 'Error' has no properties in common with type 'LogContext'.\n\n    at createTSError (/home/chous/work/semantest/nodejs.server/node_modules/ts-node/src/index.ts:859:12)\n    at reportTSError (/home/chous/work/semantest/nodejs.server/node_modules/ts-node/src/index.ts:863:19)\n    at getOutput (/home/chous/work/semantest/nodejs.server/node_modules/ts-node/src/index.ts:1077:36)\n    at Object.compile (/home/chous/work/semantest/nodejs.server/node_modules/ts-node/src/index.ts:1433:41)\n    at Module.m._compile (/home/chous/work/semantest/nodejs.server/node_modules/ts-node/src/index.ts:1617:30)\n    at node:internal/modules/cjs/loader:1706:10\n    at Object.require.extensions.<computed> [as .ts] (/home/chous/work/semantest/nodejs.server/node_modules/ts-node/src/index.ts:1621:12)\n    at Module.load (node:internal/modules/cjs/loader:1289:32)\n    at Function._load (node:internal/modules/cjs/loader:1108:12)\n    at TracingChannel.traceSync (node:diagnostics_channel:322:14)","context":{},"service":"semantest-server","version":"1.0.0","environment":"development","hostname":"maricruz","pid":1534447,"stack":"TSError: ⨯ Unable to compile TypeScript:\nsrc/addons/infrastructure/http/addon-dynamic.routes.ts(119,62): error TS2559: Type 'Error' has no properties in common with type 'LogContext'.\n\n    at createTSError (/home/chous/work/semantest/nodejs.server/node_modules/ts-node/src/index.ts:859:12)\n    at reportTSError (/home/chous/work/semantest/nodejs.server/node_modules/ts-node/src/index.ts:863:19)\n    at getOutput (/home/chous/work/semantest/nodejs.server/node_modules/ts-node/src/index.ts:1077:36)\n    at Object.compile (/home/chous/work/semantest/nodejs.server/node_modules/ts-node/src/index.ts:1433:41)\n    at Module.m._compile (/home/chous/work/semantest/nodejs.server/node_modules/ts-node/src/index.ts:1617:30)\n    at node:internal/modules/cjs/loader:1706:10\n    at Object.require.extensions.<computed> [as .ts] (/home/chous/work/semantest/nodejs.server/node_modules/ts-node/src/index.ts:1621:12)\n    at Module.load (node:internal/modules/cjs/loader:1289:32)\n    at Function._load (node:internal/modules/cjs/loader:1108:12)\n    at TracingChannel.traceSync (node:diagnostics_channel:322:14)"}
{"timestamp":"2025-07-31 14:47:22.297","level":"error","category":"system","message":"uncaughtException: ⨯ Unable to compile TypeScript:\nsrc/addons/infrastructure/http/addon-dynamic.routes.ts(119,64): error TS2353: Object literal may only specify known properties, and 'error' does not exist in type 'LogContext'.\n\nTSError: ⨯ Unable to compile TypeScript:\nsrc/addons/infrastructure/http/addon-dynamic.routes.ts(119,64): error TS2353: Object literal may only specify known properties, and 'error' does not exist in type 'LogContext'.\n\n    at createTSError (/home/chous/work/semantest/nodejs.server/node_modules/ts-node/src/index.ts:859:12)\n    at reportTSError (/home/chous/work/semantest/nodejs.server/node_modules/ts-node/src/index.ts:863:19)\n    at getOutput (/home/chous/work/semantest/nodejs.server/node_modules/ts-node/src/index.ts:1077:36)\n    at Object.compile (/home/chous/work/semantest/nodejs.server/node_modules/ts-node/src/index.ts:1433:41)\n    at Module.m._compile (/home/chous/work/semantest/nodejs.server/node_modules/ts-node/src/index.ts:1617:30)\n    at node:internal/modules/cjs/loader:1706:10\n    at Object.require.extensions.<computed> [as .ts] (/home/chous/work/semantest/nodejs.server/node_modules/ts-node/src/index.ts:1621:12)\n    at Module.load (node:internal/modules/cjs/loader:1289:32)\n    at Function._load (node:internal/modules/cjs/loader:1108:12)\n    at TracingChannel.traceSync (node:diagnostics_channel:322:14)","context":{},"service":"semantest-server","version":"1.0.0","environment":"development","hostname":"maricruz","pid":1537170,"stack":"TSError: ⨯ Unable to compile TypeScript:\nsrc/addons/infrastructure/http/addon-dynamic.routes.ts(119,64): error TS2353: Object literal may only specify known properties, and 'error' does not exist in type 'LogContext'.\n\n    at createTSError (/home/chous/work/semantest/nodejs.server/node_modules/ts-node/src/index.ts:859:12)\n    at reportTSError (/home/chous/work/semantest/nodejs.server/node_modules/ts-node/src/index.ts:863:19)\n    at getOutput (/home/chous/work/semantest/nodejs.server/node_modules/ts-node/src/index.ts:1077:36)\n    at Object.compile (/home/chous/work/semantest/nodejs.server/node_modules/ts-node/src/index.ts:1433:41)\n    at Module.m._compile (/home/chous/work/semantest/nodejs.server/node_modules/ts-node/src/index.ts:1617:30)\n    at node:internal/modules/cjs/loader:1706:10\n    at Object.require.extensions.<computed> [as .ts] (/home/chous/work/semantest/nodejs.server/node_modules/ts-node/src/index.ts:1621:12)\n    at Module.load (node:internal/modules/cjs/loader:1289:32)\n    at Function._load (node:internal/modules/cjs/loader:1108:12)\n    at TracingChannel.traceSync (node:diagnostics_channel:322:14)"}
{"timestamp":"2025-07-31 14:48:08.504","level":"error","category":"system","message":"uncaughtException: ⨯ Unable to compile TypeScript:\nsrc/addons/infrastructure/http/addon-dynamic.routes.ts(119,64): error TS2353: Object literal may only specify known properties, and 'error' does not exist in type 'LogContext'.\n\nTSError: ⨯ Unable to compile TypeScript:\nsrc/addons/infrastructure/http/addon-dynamic.routes.ts(119,64): error TS2353: Object literal may only specify known properties, and 'error' does not exist in type 'LogContext'.\n\n    at createTSError (/home/chous/work/semantest/nodejs.server/node_modules/ts-node/src/index.ts:859:12)\n    at reportTSError (/home/chous/work/semantest/nodejs.server/node_modules/ts-node/src/index.ts:863:19)\n    at getOutput (/home/chous/work/semantest/nodejs.server/node_modules/ts-node/src/index.ts:1077:36)\n    at Object.compile (/home/chous/work/semantest/nodejs.server/node_modules/ts-node/src/index.ts:1433:41)\n    at Module.m._compile (/home/chous/work/semantest/nodejs.server/node_modules/ts-node/src/index.ts:1617:30)\n    at node:internal/modules/cjs/loader:1706:10\n    at Object.require.extensions.<computed> [as .ts] (/home/chous/work/semantest/nodejs.server/node_modules/ts-node/src/index.ts:1621:12)\n    at Module.load (node:internal/modules/cjs/loader:1289:32)\n    at Function._load (node:internal/modules/cjs/loader:1108:12)\n    at TracingChannel.traceSync (node:diagnostics_channel:322:14)","context":{},"service":"semantest-server","version":"1.0.0","environment":"development","hostname":"maricruz","pid":1539132,"stack":"TSError: ⨯ Unable to compile TypeScript:\nsrc/addons/infrastructure/http/addon-dynamic.routes.ts(119,64): error TS2353: Object literal may only specify known properties, and 'error' does not exist in type 'LogContext'.\n\n    at createTSError (/home/chous/work/semantest/nodejs.server/node_modules/ts-node/src/index.ts:859:12)\n    at reportTSError (/home/chous/work/semantest/nodejs.server/node_modules/ts-node/src/index.ts:863:19)\n    at getOutput (/home/chous/work/semantest/nodejs.server/node_modules/ts-node/src/index.ts:1077:36)\n    at Object.compile (/home/chous/work/semantest/nodejs.server/node_modules/ts-node/src/index.ts:1433:41)\n    at Module.m._compile (/home/chous/work/semantest/nodejs.server/node_modules/ts-node/src/index.ts:1617:30)\n    at node:internal/modules/cjs/loader:1706:10\n    at Object.require.extensions.<computed> [as .ts] (/home/chous/work/semantest/nodejs.server/node_modules/ts-node/src/index.ts:1621:12)\n    at Module.load (node:internal/modules/cjs/loader:1289:32)\n    at Function._load (node:internal/modules/cjs/loader:1108:12)\n    at TracingChannel.traceSync (node:diagnostics_channel:322:14)"}
{"timestamp":"2025-08-02 06:51:00.791","level":"error","category":"system","message":"uncaughtException: ⨯ Unable to compile TypeScript:\n\u001b[96msrc/addons/infrastructure/http/addon-dynamic.routes.ts\u001b[0m:\u001b[93m119\u001b[0m:\u001b[93m64\u001b[0m - \u001b[91merror\u001b[0m\u001b[90m TS2353: \u001b[0mObject literal may only specify known properties, and 'error' does not exist in type 'LogContext'.\n\n\u001b[7m119\u001b[0m         logger.warn(`Failed to bundle script ${scriptFile}`, { error: error as Error });\n\u001b[7m   \u001b[0m \u001b[91m                                                               ~~~~~\u001b[0m\n\nTSError: ⨯ Unable to compile TypeScript:\n\u001b[96msrc/addons/infrastructure/http/addon-dynamic.routes.ts\u001b[0m:\u001b[93m119\u001b[0m:\u001b[93m64\u001b[0m - \u001b[91merror\u001b[0m\u001b[90m TS2353: \u001b[0mObject literal may only specify known properties, and 'error' does not exist in type 'LogContext'.\n\n\u001b[7m119\u001b[0m         logger.warn(`Failed to bundle script ${scriptFile}`, { error: error as Error });\n\u001b[7m   \u001b[0m \u001b[91m                                                               ~~~~~\u001b[0m\n\n    at createTSError (/home/chous/work/semantest/nodejs.server/node_modules/ts-node/src/index.ts:859:12)\n    at reportTSError (/home/chous/work/semantest/nodejs.server/node_modules/ts-node/src/index.ts:863:19)\n    at getOutput (/home/chous/work/semantest/nodejs.server/node_modules/ts-node/src/index.ts:1077:36)\n    at Object.compile (/home/chous/work/semantest/nodejs.server/node_modules/ts-node/src/index.ts:1433:41)\n    at Module.m._compile (/home/chous/work/semantest/nodejs.server/node_modules/ts-node/src/index.ts:1617:30)\n    at node:internal/modules/cjs/loader:1706:10\n    at Object.require.extensions.<computed> [as .ts] (/home/chous/work/semantest/nodejs.server/node_modules/ts-node/src/index.ts:1621:12)\n    at Module.load (node:internal/modules/cjs/loader:1289:32)\n    at Function._load (node:internal/modules/cjs/loader:1108:12)\n    at TracingChannel.traceSync (node:diagnostics_channel:322:14)","context":{},"service":"semantest-server","version":"1.0.0","environment":"development","hostname":"maricruz","pid":4012256,"stack":"TSError: ⨯ Unable to compile TypeScript:\n\u001b[96msrc/addons/infrastructure/http/addon-dynamic.routes.ts\u001b[0m:\u001b[93m119\u001b[0m:\u001b[93m64\u001b[0m - \u001b[91merror\u001b[0m\u001b[90m TS2353: \u001b[0mObject literal may only specify known properties, and 'error' does not exist in type 'LogContext'.\n\n\u001b[7m119\u001b[0m         logger.warn(`Failed to bundle script ${scriptFile}`, { error: error as Error });\n\u001b[7m   \u001b[0m \u001b[91m                                                               ~~~~~\u001b[0m\n\n    at createTSError (/home/chous/work/semantest/nodejs.server/node_modules/ts-node/src/index.ts:859:12)\n    at reportTSError (/home/chous/work/semantest/nodejs.server/node_modules/ts-node/src/index.ts:863:19)\n    at getOutput (/home/chous/work/semantest/nodejs.server/node_modules/ts-node/src/index.ts:1077:36)\n    at Object.compile (/home/chous/work/semantest/nodejs.server/node_modules/ts-node/src/index.ts:1433:41)\n    at Module.m._compile (/home/chous/work/semantest/nodejs.server/node_modules/ts-node/src/index.ts:1617:30)\n    at node:internal/modules/cjs/loader:1706:10\n    at Object.require.extensions.<computed> [as .ts] (/home/chous/work/semantest/nodejs.server/node_modules/ts-node/src/index.ts:1621:12)\n    at Module.load (node:internal/modules/cjs/loader:1289:32)\n    at Function._load (node:internal/modules/cjs/loader:1108:12)\n    at TracingChannel.traceSync (node:diagnostics_channel:322:14)"}
{"timestamp":"2025-08-02 06:52:45.062","level":"error","category":"system","message":"uncaughtException: ⨯ Unable to compile TypeScript:\n\u001b[96msrc/addons/infrastructure/http/addon-dynamic.routes.ts\u001b[0m:\u001b[93m119\u001b[0m:\u001b[93m64\u001b[0m - \u001b[91merror\u001b[0m\u001b[90m TS2353: \u001b[0mObject literal may only specify known properties, and 'error' does not exist in type 'LogContext'.\n\n\u001b[7m119\u001b[0m         logger.warn(`Failed to bundle script ${scriptFile}`, { error: error as Error });\n\u001b[7m   \u001b[0m \u001b[91m                                                               ~~~~~\u001b[0m\n\nTSError: ⨯ Unable to compile TypeScript:\n\u001b[96msrc/addons/infrastructure/http/addon-dynamic.routes.ts\u001b[0m:\u001b[93m119\u001b[0m:\u001b[93m64\u001b[0m - \u001b[91merror\u001b[0m\u001b[90m TS2353: \u001b[0mObject literal may only specify known properties, and 'error' does not exist in type 'LogContext'.\n\n\u001b[7m119\u001b[0m         logger.warn(`Failed to bundle script ${scriptFile}`, { error: error as Error });\n\u001b[7m   \u001b[0m \u001b[91m                                                               ~~~~~\u001b[0m\n\n    at createTSError (/home/chous/work/semantest/nodejs.server/node_modules/ts-node/src/index.ts:859:12)\n    at reportTSError (/home/chous/work/semantest/nodejs.server/node_modules/ts-node/src/index.ts:863:19)\n    at getOutput (/home/chous/work/semantest/nodejs.server/node_modules/ts-node/src/index.ts:1077:36)\n    at Object.compile (/home/chous/work/semantest/nodejs.server/node_modules/ts-node/src/index.ts:1433:41)\n    at Module.m._compile (/home/chous/work/semantest/nodejs.server/node_modules/ts-node/src/index.ts:1617:30)\n    at node:internal/modules/cjs/loader:1706:10\n    at Object.require.extensions.<computed> [as .ts] (/home/chous/work/semantest/nodejs.server/node_modules/ts-node/src/index.ts:1621:12)\n    at Module.load (node:internal/modules/cjs/loader:1289:32)\n    at Function._load (node:internal/modules/cjs/loader:1108:12)\n    at TracingChannel.traceSync (node:diagnostics_channel:322:14)","context":{},"service":"semantest-server","version":"1.0.0","environment":"development","hostname":"maricruz","pid":4014192,"stack":"TSError: ⨯ Unable to compile TypeScript:\n\u001b[96msrc/addons/infrastructure/http/addon-dynamic.routes.ts\u001b[0m:\u001b[93m119\u001b[0m:\u001b[93m64\u001b[0m - \u001b[91merror\u001b[0m\u001b[90m TS2353: \u001b[0mObject literal may only specify known properties, and 'error' does not exist in type 'LogContext'.\n\n\u001b[7m119\u001b[0m         logger.warn(`Failed to bundle script ${scriptFile}`, { error: error as Error });\n\u001b[7m   \u001b[0m \u001b[91m                                                               ~~~~~\u001b[0m\n\n    at createTSError (/home/chous/work/semantest/nodejs.server/node_modules/ts-node/src/index.ts:859:12)\n    at reportTSError (/home/chous/work/semantest/nodejs.server/node_modules/ts-node/src/index.ts:863:19)\n    at getOutput (/home/chous/work/semantest/nodejs.server/node_modules/ts-node/src/index.ts:1077:36)\n    at Object.compile (/home/chous/work/semantest/nodejs.server/node_modules/ts-node/src/index.ts:1433:41)\n    at Module.m._compile (/home/chous/work/semantest/nodejs.server/node_modules/ts-node/src/index.ts:1617:30)\n    at node:internal/modules/cjs/loader:1706:10\n    at Object.require.extensions.<computed> [as .ts] (/home/chous/work/semantest/nodejs.server/node_modules/ts-node/src/index.ts:1621:12)\n    at Module.load (node:internal/modules/cjs/loader:1289:32)\n    at Function._load (node:internal/modules/cjs/loader:1108:12)\n    at TracingChannel.traceSync (node:diagnostics_channel:322:14)"}
{"timestamp":"2025-08-02 06:53:56.888","level":"error","category":"system","message":"uncaughtException: listen EADDRINUSE: address already in use :::3003\nError: listen EADDRINUSE: address already in use :::3003\n    at Server.setupListenHandle [as _listen2] (node:net:1937:16)\n    at listenInCluster (node:net:1994:12)\n    at Server.listen (node:net:2099:7)\n    at Function.listen (/home/chous/work/semantest/nodejs.server/node_modules/express/lib/application.js:635:24)\n    at startServer (/home/chous/work/semantest/nodejs.server/src/start-server.ts:125:7)\n    at processTicksAndRejections (node:internal/process/task_queues:105:5)","context":{},"service":"semantest-server","version":"1.0.0","environment":"development","hostname":"maricruz","pid":4015937,"stack":"Error: listen EADDRINUSE: address already in use :::3003\n    at Server.setupListenHandle [as _listen2] (node:net:1937:16)\n    at listenInCluster (node:net:1994:12)\n    at Server.listen (node:net:2099:7)\n    at Function.listen (/home/chous/work/semantest/nodejs.server/node_modules/express/lib/application.js:635:24)\n    at startServer (/home/chous/work/semantest/nodejs.server/src/start-server.ts:125:7)\n    at processTicksAndRejections (node:internal/process/task_queues:105:5)"}
{"timestamp":"2025-08-02 14:15:32.706","level":"error","category":"system","message":"uncaughtException: ⨯ Unable to compile TypeScript:\n\u001b[96msrc/addons/infrastructure/http/addon-dynamic.routes.ts\u001b[0m:\u001b[93m119\u001b[0m:\u001b[93m64\u001b[0m - \u001b[91merror\u001b[0m\u001b[90m TS2353: \u001b[0mObject literal may only specify known properties, and 'error' does not exist in type 'LogContext'.\n\n\u001b[7m119\u001b[0m         logger.warn(`Failed to bundle script ${scriptFile}`, { error: error as Error });\n\u001b[7m   \u001b[0m \u001b[91m                                                               ~~~~~\u001b[0m\n\nTSError: ⨯ Unable to compile TypeScript:\n\u001b[96msrc/addons/infrastructure/http/addon-dynamic.routes.ts\u001b[0m:\u001b[93m119\u001b[0m:\u001b[93m64\u001b[0m - \u001b[91merror\u001b[0m\u001b[90m TS2353: \u001b[0mObject literal may only specify known properties, and 'error' does not exist in type 'LogContext'.\n\n\u001b[7m119\u001b[0m         logger.warn(`Failed to bundle script ${scriptFile}`, { error: error as Error });\n\u001b[7m   \u001b[0m \u001b[91m                                                               ~~~~~\u001b[0m\n\n    at createTSError (/home/chous/work/semantest/nodejs.server/node_modules/ts-node/src/index.ts:859:12)\n    at reportTSError (/home/chous/work/semantest/nodejs.server/node_modules/ts-node/src/index.ts:863:19)\n    at getOutput (/home/chous/work/semantest/nodejs.server/node_modules/ts-node/src/index.ts:1077:36)\n    at Object.compile (/home/chous/work/semantest/nodejs.server/node_modules/ts-node/src/index.ts:1433:41)\n    at Module.m._compile (/home/chous/work/semantest/nodejs.server/node_modules/ts-node/src/index.ts:1617:30)\n    at node:internal/modules/cjs/loader:1706:10\n    at Object.require.extensions.<computed> [as .ts] (/home/chous/work/semantest/nodejs.server/node_modules/ts-node/src/index.ts:1621:12)\n    at Module.load (node:internal/modules/cjs/loader:1289:32)\n    at Function._load (node:internal/modules/cjs/loader:1108:12)\n    at TracingChannel.traceSync (node:diagnostics_channel:322:14)","context":{},"service":"semantest-server","version":"1.0.0","environment":"development","hostname":"maricruz","pid":335997,"stack":"TSError: ⨯ Unable to compile TypeScript:\n\u001b[96msrc/addons/infrastructure/http/addon-dynamic.routes.ts\u001b[0m:\u001b[93m119\u001b[0m:\u001b[93m64\u001b[0m - \u001b[91merror\u001b[0m\u001b[90m TS2353: \u001b[0mObject literal may only specify known properties, and 'error' does not exist in type 'LogContext'.\n\n\u001b[7m119\u001b[0m         logger.warn(`Failed to bundle script ${scriptFile}`, { error: error as Error });\n\u001b[7m   \u001b[0m \u001b[91m                                                               ~~~~~\u001b[0m\n\n    at createTSError (/home/chous/work/semantest/nodejs.server/node_modules/ts-node/src/index.ts:859:12)\n    at reportTSError (/home/chous/work/semantest/nodejs.server/node_modules/ts-node/src/index.ts:863:19)\n    at getOutput (/home/chous/work/semantest/nodejs.server/node_modules/ts-node/src/index.ts:1077:36)\n    at Object.compile (/home/chous/work/semantest/nodejs.server/node_modules/ts-node/src/index.ts:1433:41)\n    at Module.m._compile (/home/chous/work/semantest/nodejs.server/node_modules/ts-node/src/index.ts:1617:30)\n    at node:internal/modules/cjs/loader:1706:10\n    at Object.require.extensions.<computed> [as .ts] (/home/chous/work/semantest/nodejs.server/node_modules/ts-node/src/index.ts:1621:12)\n    at Module.load (node:internal/modules/cjs/loader:1289:32)\n    at Function._load (node:internal/modules/cjs/loader:1108:12)\n    at TracingChannel.traceSync (node:diagnostics_channel:322:14)"}
{"timestamp":"2025-08-03 02:00:56.842","level":"error","category":"system","message":"uncaughtException: listen EADDRINUSE: address already in use :::3003\nError: listen EADDRINUSE: address already in use :::3003\n    at Server.setupListenHandle [as _listen2] (node:net:1937:16)\n    at listenInCluster (node:net:1994:12)\n    at Server.listen (node:net:2099:7)\n    at Function.listen (/home/chous/work/semantest/nodejs.server/node_modules/express/lib/application.js:635:24)\n    at startServer (/home/chous/work/semantest/nodejs.server/src/start-server.ts:135:7)\n    at processTicksAndRejections (node:internal/process/task_queues:105:5)","context":{},"service":"semantest-server","version":"1.0.0","environment":"development","hostname":"maricruz","pid":1278750,"stack":"Error: listen EADDRINUSE: address already in use :::3003\n    at Server.setupListenHandle [as _listen2] (node:net:1937:16)\n    at listenInCluster (node:net:1994:12)\n    at Server.listen (node:net:2099:7)\n    at Function.listen (/home/chous/work/semantest/nodejs.server/node_modules/express/lib/application.js:635:24)\n    at startServer (/home/chous/work/semantest/nodejs.server/src/start-server.ts:135:7)\n    at processTicksAndRejections (node:internal/process/task_queues:105:5)"}
{"timestamp":"2025-08-03 02:16:15.814","level":"error","category":"system","message":"uncaughtException: write EPIPE\nError: write EPIPE\n    at afterWriteDispatched (node:internal/stream_base_commons:159:15)\n    at writeGeneric (node:internal/stream_base_commons:150:3)\n    at Socket._writeGeneric (node:net:971:11)\n    at Socket._write (node:net:983:8)\n    at writeOrBuffer (node:internal/streams/writable:572:12)\n    at _write (node:internal/streams/writable:501:10)\n    at Socket.Writable.write (node:internal/streams/writable:510:10)\n    at Console.log (/home/chous/work/semantest/nodejs.server/node_modules/winston/lib/winston/transports/console.js:87:23)\n    at Console._write (/home/chous/work/semantest/nodejs.server/node_modules/winston-transport/modern.js:103:17)\n    at doWrite (/home/chous/work/semantest/nodejs.server/node_modules/readable-stream/lib/_stream_writable.js:390:139)","context":{},"service":"semantest-server","version":"1.0.0","environment":"development","hostname":"maricruz","pid":1313450,"stack":"Error: write EPIPE\n    at afterWriteDispatched (node:internal/stream_base_commons:159:15)\n    at writeGeneric (node:internal/stream_base_commons:150:3)\n    at Socket._writeGeneric (node:net:971:11)\n    at Socket._write (node:net:983:8)\n    at writeOrBuffer (node:internal/streams/writable:572:12)\n    at _write (node:internal/streams/writable:501:10)\n    at Socket.Writable.write (node:internal/streams/writable:510:10)\n    at Console.log (/home/chous/work/semantest/nodejs.server/node_modules/winston/lib/winston/transports/console.js:87:23)\n    at Console._write (/home/chous/work/semantest/nodejs.server/node_modules/winston-transport/modern.js:103:17)\n    at doWrite (/home/chous/work/semantest/nodejs.server/node_modules/readable-stream/lib/_stream_writable.js:390:139)"}
{"timestamp":"2025-08-03 02:16:15.816","level":"error","category":"system","message":"uncaughtException: write EPIPE\nError: write EPIPE\n    at afterWriteDispatched (node:internal/stream_base_commons:159:15)\n    at writeGeneric (node:internal/stream_base_commons:150:3)\n    at Socket._writeGeneric (node:net:971:11)\n    at Socket._write (node:net:983:8)\n    at writeOrBuffer (node:internal/streams/writable:572:12)\n    at _write (node:internal/streams/writable:501:10)\n    at Socket.Writable.write (node:internal/streams/writable:510:10)\n    at Console.log (/home/chous/work/semantest/nodejs.server/node_modules/winston/lib/winston/transports/console.js:87:23)\n    at Console._write (/home/chous/work/semantest/nodejs.server/node_modules/winston-transport/modern.js:103:17)\n    at doWrite (/home/chous/work/semantest/nodejs.server/node_modules/readable-stream/lib/_stream_writable.js:390:139)","context":{},"service":"semantest-server","version":"1.0.0","environment":"development","hostname":"maricruz","pid":1313450,"stack":"Error: write EPIPE\n    at afterWriteDispatched (node:internal/stream_base_commons:159:15)\n    at writeGeneric (node:internal/stream_base_commons:150:3)\n    at Socket._writeGeneric (node:net:971:11)\n    at Socket._write (node:net:983:8)\n    at writeOrBuffer (node:internal/streams/writable:572:12)\n    at _write (node:internal/streams/writable:501:10)\n    at Socket.Writable.write (node:internal/streams/writable:510:10)\n    at Console.log (/home/chous/work/semantest/nodejs.server/node_modules/winston/lib/winston/transports/console.js:87:23)\n    at Console._write (/home/chous/work/semantest/nodejs.server/node_modules/winston-transport/modern.js:103:17)\n    at doWrite (/home/chous/work/semantest/nodejs.server/node_modules/readable-stream/lib/_stream_writable.js:390:139)"}
