{"total": {"lines":{"total":3806,"covered":2308,"skipped":0,"pct":60.64},"statements":{"total":3922,"covered":2377,"skipped":0,"pct":60.6},"functions":{"total":801,"covered":461,"skipped":0,"pct":57.55},"branches":{"total":943,"covered":523,"skipped":0,"pct":55.46},"branchesTrue":{"total":0,"covered":0,"skipped":0,"pct":100}}
,"/home/chous/work/semantest/nodejs.server/src/index.ts": {"lines":{"total":9,"covered":9,"skipped":0,"pct":100},"functions":{"total":4,"covered":4,"skipped":0,"pct":100},"statements":{"total":13,"covered":13,"skipped":0,"pct":100},"branches":{"total":0,"covered":0,"skipped":0,"pct":100}}
,"/home/chous/work/semantest/nodejs.server/src/start-server.ts": {"lines":{"total":84,"covered":22,"skipped":0,"pct":26.19},"functions":{"total":8,"covered":2,"skipped":0,"pct":25},"statements":{"total":84,"covered":22,"skipped":0,"pct":26.19},"branches":{"total":7,"covered":4,"skipped":0,"pct":57.14}}
,"/home/chous/work/semantest/nodejs.server/src/auth/auth-module.ts": {"lines":{"total":103,"covered":0,"skipped":0,"pct":0},"functions":{"total":16,"covered":0,"skipped":0,"pct":0},"statements":{"total":103,"covered":0,"skipped":0,"pct":0},"branches":{"total":27,"covered":0,"skipped":0,"pct":0}}
,"/home/chous/work/semantest/nodejs.server/src/auth/auth-service.ts": {"lines":{"total":89,"covered":82,"skipped":0,"pct":92.13},"functions":{"total":15,"covered":12,"skipped":0,"pct":80},"statements":{"total":91,"covered":84,"skipped":0,"pct":92.3},"branches":{"total":16,"covered":7,"skipped":0,"pct":43.75}}
,"/home/chous/work/semantest/nodejs.server/src/auth/enterprise-auth.service.ts": {"lines":{"total":104,"covered":57,"skipped":0,"pct":54.8},"functions":{"total":16,"covered":10,"skipped":0,"pct":62.5},"statements":{"total":114,"covered":62,"skipped":0,"pct":54.38},"branches":{"total":54,"covered":31,"skipped":0,"pct":57.4}}
,"/home/chous/work/semantest/nodejs.server/src/auth/adapters/api-key-manager.ts": {"lines":{"total":85,"covered":76,"skipped":0,"pct":89.41},"functions":{"total":24,"covered":15,"skipped":0,"pct":62.5},"statements":{"total":88,"covered":79,"skipped":0,"pct":89.77},"branches":{"total":23,"covered":23,"skipped":0,"pct":100}}
,"/home/chous/work/semantest/nodejs.server/src/auth/adapters/jwt-token-manager.ts": {"lines":{"total":77,"covered":73,"skipped":0,"pct":94.8},"functions":{"total":20,"covered":20,"skipped":0,"pct":100},"statements":{"total":78,"covered":74,"skipped":0,"pct":94.87},"branches":{"total":18,"covered":14,"skipped":0,"pct":77.77}}
,"/home/chous/work/semantest/nodejs.server/src/auth/adapters/oauth2-manager.ts": {"lines":{"total":81,"covered":81,"skipped":0,"pct":100},"functions":{"total":21,"covered":21,"skipped":0,"pct":100},"statements":{"total":81,"covered":81,"skipped":0,"pct":100},"branches":{"total":40,"covered":37,"skipped":0,"pct":92.5}}
,"/home/chous/work/semantest/nodejs.server/src/auth/adapters/password-hash-manager.ts": {"lines":{"total":110,"covered":105,"skipped":0,"pct":95.45},"functions":{"total":20,"covered":15,"skipped":0,"pct":75},"statements":{"total":111,"covered":106,"skipped":0,"pct":95.49},"branches":{"total":30,"covered":30,"skipped":0,"pct":100}}
,"/home/chous/work/semantest/nodejs.server/src/auth/adapters/rbac-manager.ts": {"lines":{"total":113,"covered":107,"skipped":0,"pct":94.69},"functions":{"total":31,"covered":26,"skipped":0,"pct":83.87},"statements":{"total":120,"covered":114,"skipped":0,"pct":95},"branches":{"total":20,"covered":18,"skipped":0,"pct":90}}
,"/home/chous/work/semantest/nodejs.server/src/auth/domain/auth-entities.ts": {"lines":{"total":2,"covered":2,"skipped":0,"pct":100},"functions":{"total":0,"covered":0,"skipped":0,"pct":100},"statements":{"total":2,"covered":2,"skipped":0,"pct":100},"branches":{"total":0,"covered":0,"skipped":0,"pct":100}}
,"/home/chous/work/semantest/nodejs.server/src/auth/domain/enterprise-entities.ts": {"lines":{"total":2,"covered":2,"skipped":0,"pct":100},"functions":{"total":0,"covered":0,"skipped":0,"pct":100},"statements":{"total":2,"covered":2,"skipped":0,"pct":100},"branches":{"total":0,"covered":0,"skipped":0,"pct":100}}
,"/home/chous/work/semantest/nodejs.server/src/auth/examples/express-integration.ts": {"lines":{"total":96,"covered":0,"skipped":0,"pct":0},"functions":{"total":31,"covered":0,"skipped":0,"pct":0},"statements":{"total":99,"covered":0,"skipped":0,"pct":0},"branches":{"total":19,"covered":0,"skipped":0,"pct":0}}
,"/home/chous/work/semantest/nodejs.server/src/auth/services/enterprise-sso.service.ts": {"lines":{"total":116,"covered":37,"skipped":0,"pct":31.89},"functions":{"total":28,"covered":11,"skipped":0,"pct":39.28},"statements":{"total":116,"covered":37,"skipped":0,"pct":31.89},"branches":{"total":50,"covered":15,"skipped":0,"pct":30}}
,"/home/chous/work/semantest/nodejs.server/src/auth/services/organization-management.service.ts": {"lines":{"total":121,"covered":82,"skipped":0,"pct":67.76},"functions":{"total":31,"covered":20,"skipped":0,"pct":64.51},"statements":{"total":130,"covered":87,"skipped":0,"pct":66.92},"branches":{"total":68,"covered":38,"skipped":0,"pct":55.88}}
,"/home/chous/work/semantest/nodejs.server/src/auth/services/team-management.service.ts": {"lines":{"total":154,"covered":69,"skipped":0,"pct":44.8},"functions":{"total":37,"covered":17,"skipped":0,"pct":45.94},"statements":{"total":163,"covered":73,"skipped":0,"pct":44.78},"branches":{"total":73,"covered":25,"skipped":0,"pct":34.24}}
,"/home/chous/work/semantest/nodejs.server/src/coordination/coordination-application.ts": {"lines":{"total":120,"covered":0,"skipped":0,"pct":0},"functions":{"total":30,"covered":0,"skipped":0,"pct":0},"statements":{"total":130,"covered":0,"skipped":0,"pct":0},"branches":{"total":29,"covered":0,"skipped":0,"pct":0}}
,"/home/chous/work/semantest/nodejs.server/src/coordination/adapters/extension-manager-adapter.ts": {"lines":{"total":3,"covered":3,"skipped":0,"pct":100},"functions":{"total":1,"covered":1,"skipped":0,"pct":100},"statements":{"total":3,"covered":3,"skipped":0,"pct":100},"branches":{"total":0,"covered":0,"skipped":0,"pct":100}}
,"/home/chous/work/semantest/nodejs.server/src/coordination/adapters/session-manager-adapter.ts": {"lines":{"total":3,"covered":3,"skipped":0,"pct":100},"functions":{"total":1,"covered":1,"skipped":0,"pct":100},"statements":{"total":3,"covered":3,"skipped":0,"pct":100},"branches":{"total":0,"covered":0,"skipped":0,"pct":100}}
,"/home/chous/work/semantest/nodejs.server/src/coordination/adapters/websocket-server-adapter.ts": {"lines":{"total":145,"covered":4,"skipped":0,"pct":2.75},"functions":{"total":37,"covered":0,"skipped":0,"pct":0},"statements":{"total":148,"covered":6,"skipped":0,"pct":4.05},"branches":{"total":29,"covered":0,"skipped":0,"pct":0}}
,"/home/chous/work/semantest/nodejs.server/src/coordination/services/ai-tool-websocket-bridge.ts": {"lines":{"total":52,"covered":0,"skipped":0,"pct":0},"functions":{"total":9,"covered":0,"skipped":0,"pct":0},"statements":{"total":52,"covered":0,"skipped":0,"pct":0},"branches":{"total":12,"covered":0,"skipped":0,"pct":0}}
,"/home/chous/work/semantest/nodejs.server/src/core/events/auth-events.ts": {"lines":{"total":57,"covered":57,"skipped":0,"pct":100},"functions":{"total":10,"covered":10,"skipped":0,"pct":100},"statements":{"total":57,"covered":57,"skipped":0,"pct":100},"branches":{"total":0,"covered":0,"skipped":0,"pct":100}}
,"/home/chous/work/semantest/nodejs.server/src/core/events/coordination-events.ts": {"lines":{"total":78,"covered":78,"skipped":0,"pct":100},"functions":{"total":12,"covered":12,"skipped":0,"pct":100},"statements":{"total":78,"covered":78,"skipped":0,"pct":100},"branches":{"total":0,"covered":0,"skipped":0,"pct":100}}
,"/home/chous/work/semantest/nodejs.server/src/core/events/developer-portal-events.ts": {"lines":{"total":133,"covered":133,"skipped":0,"pct":100},"functions":{"total":19,"covered":19,"skipped":0,"pct":100},"statements":{"total":133,"covered":133,"skipped":0,"pct":100},"branches":{"total":0,"covered":0,"skipped":0,"pct":100}}
,"/home/chous/work/semantest/nodejs.server/src/core/events/integration-testing-events.ts": {"lines":{"total":124,"covered":0,"skipped":0,"pct":0},"functions":{"total":22,"covered":0,"skipped":0,"pct":0},"statements":{"total":124,"covered":0,"skipped":0,"pct":0},"branches":{"total":0,"covered":0,"skipped":0,"pct":100}}
,"/home/chous/work/semantest/nodejs.server/src/core/events/rate-limiting-events.ts": {"lines":{"total":76,"covered":76,"skipped":0,"pct":100},"functions":{"total":11,"covered":11,"skipped":0,"pct":100},"statements":{"total":76,"covered":76,"skipped":0,"pct":100},"branches":{"total":0,"covered":0,"skipped":0,"pct":100}}
,"/home/chous/work/semantest/nodejs.server/src/core/events/server-events.ts": {"lines":{"total":59,"covered":27,"skipped":0,"pct":45.76},"functions":{"total":10,"covered":4,"skipped":0,"pct":40},"statements":{"total":59,"covered":27,"skipped":0,"pct":45.76},"branches":{"total":5,"covered":3,"skipped":0,"pct":60}}
,"/home/chous/work/semantest/nodejs.server/src/developer-portal/adapters/openapi-documentation-generator.ts": {"lines":{"total":76,"covered":72,"skipped":0,"pct":94.73},"functions":{"total":31,"covered":31,"skipped":0,"pct":100},"statements":{"total":82,"covered":78,"skipped":0,"pct":95.12},"branches":{"total":26,"covered":17,"skipped":0,"pct":65.38}}
,"/home/chous/work/semantest/nodejs.server/src/health/infrastructure/http/health.routes.ts": {"lines":{"total":50,"covered":48,"skipped":0,"pct":96},"functions":{"total":5,"covered":4,"skipped":0,"pct":80},"statements":{"total":54,"covered":49,"skipped":0,"pct":90.74},"branches":{"total":24,"covered":13,"skipped":0,"pct":54.16}}
,"/home/chous/work/semantest/nodejs.server/src/items/application/services/item.service.ts": {"lines":{"total":55,"covered":54,"skipped":0,"pct":98.18},"functions":{"total":11,"covered":11,"skipped":0,"pct":100},"statements":{"total":55,"covered":54,"skipped":0,"pct":98.18},"branches":{"total":18,"covered":16,"skipped":0,"pct":88.88}}
,"/home/chous/work/semantest/nodejs.server/src/items/domain/entities/item.entity.ts": {"lines":{"total":46,"covered":46,"skipped":0,"pct":100},"functions":{"total":9,"covered":9,"skipped":0,"pct":100},"statements":{"total":51,"covered":51,"skipped":0,"pct":100},"branches":{"total":22,"covered":22,"skipped":0,"pct":100}}
,"/home/chous/work/semantest/nodejs.server/src/items/infrastructure/http/item.routes.ts": {"lines":{"total":97,"covered":80,"skipped":0,"pct":82.47},"functions":{"total":9,"covered":8,"skipped":0,"pct":88.88},"statements":{"total":97,"covered":80,"skipped":0,"pct":82.47},"branches":{"total":27,"covered":24,"skipped":0,"pct":88.88}}
,"/home/chous/work/semantest/nodejs.server/src/items/infrastructure/repositories/in-memory-item.repository.ts": {"lines":{"total":48,"covered":28,"skipped":0,"pct":58.33},"functions":{"total":18,"covered":12,"skipped":0,"pct":66.66},"statements":{"total":51,"covered":30,"skipped":0,"pct":58.82},"branches":{"total":12,"covered":7,"skipped":0,"pct":58.33}}
,"/home/chous/work/semantest/nodejs.server/src/messages/infrastructure/http/message.routes.ts": {"lines":{"total":55,"covered":39,"skipped":0,"pct":70.9},"functions":{"total":9,"covered":5,"skipped":0,"pct":55.55},"statements":{"total":55,"covered":39,"skipped":0,"pct":70.9},"branches":{"total":15,"covered":13,"skipped":0,"pct":86.66}}
,"/home/chous/work/semantest/nodejs.server/src/messages/infrastructure/repositories/in-memory-message.repository.ts": {"lines":{"total":44,"covered":44,"skipped":0,"pct":100},"functions":{"total":17,"covered":17,"skipped":0,"pct":100},"statements":{"total":52,"covered":52,"skipped":0,"pct":100},"branches":{"total":18,"covered":18,"skipped":0,"pct":100}}
,"/home/chous/work/semantest/nodejs.server/src/monitoring/index.ts": {"lines":{"total":110,"covered":0,"skipped":0,"pct":0},"functions":{"total":24,"covered":0,"skipped":0,"pct":0},"statements":{"total":111,"covered":0,"skipped":0,"pct":0},"branches":{"total":35,"covered":0,"skipped":0,"pct":0}}
,"/home/chous/work/semantest/nodejs.server/src/monitoring/infrastructure/health-check.ts": {"lines":{"total":162,"covered":156,"skipped":0,"pct":96.29},"functions":{"total":35,"covered":35,"skipped":0,"pct":100},"statements":{"total":168,"covered":161,"skipped":0,"pct":95.83},"branches":{"total":58,"covered":44,"skipped":0,"pct":75.86}}
,"/home/chous/work/semantest/nodejs.server/src/monitoring/infrastructure/metrics-dashboard.ts": {"lines":{"total":58,"covered":0,"skipped":0,"pct":0},"functions":{"total":12,"covered":0,"skipped":0,"pct":0},"statements":{"total":58,"covered":0,"skipped":0,"pct":0},"branches":{"total":9,"covered":0,"skipped":0,"pct":0}}
,"/home/chous/work/semantest/nodejs.server/src/monitoring/infrastructure/http/monitoring.routes.ts": {"lines":{"total":32,"covered":5,"skipped":0,"pct":15.62},"functions":{"total":5,"covered":0,"skipped":0,"pct":0},"statements":{"total":33,"covered":5,"skipped":0,"pct":15.15},"branches":{"total":0,"covered":0,"skipped":0,"pct":100}}
,"/home/chous/work/semantest/nodejs.server/src/queues/application/services/download-queue-manager.ts": {"lines":{"total":160,"covered":125,"skipped":0,"pct":78.12},"functions":{"total":33,"covered":23,"skipped":0,"pct":69.69},"statements":{"total":170,"covered":127,"skipped":0,"pct":74.7},"branches":{"total":32,"covered":14,"skipped":0,"pct":43.75}}
,"/home/chous/work/semantest/nodejs.server/src/queues/infrastructure/http/queue.routes.ts": {"lines":{"total":71,"covered":7,"skipped":0,"pct":9.85},"functions":{"total":9,"covered":0,"skipped":0,"pct":0},"statements":{"total":71,"covered":7,"skipped":0,"pct":9.85},"branches":{"total":12,"covered":4,"skipped":0,"pct":33.33}}
,"/home/chous/work/semantest/nodejs.server/src/rate-limiting/adapters/redis-rate-limiter.ts": {"lines":{"total":84,"covered":63,"skipped":0,"pct":75},"functions":{"total":20,"covered":11,"skipped":0,"pct":55},"statements":{"total":84,"covered":63,"skipped":0,"pct":75},"branches":{"total":18,"covered":18,"skipped":0,"pct":100}}
,"/home/chous/work/semantest/nodejs.server/src/rate-limiting/domain/rate-limiting-entities.ts": {"lines":{"total":4,"covered":4,"skipped":0,"pct":100},"functions":{"total":0,"covered":0,"skipped":0,"pct":100},"statements":{"total":4,"covered":4,"skipped":0,"pct":100},"branches":{"total":0,"covered":0,"skipped":0,"pct":100}}
,"/home/chous/work/semantest/nodejs.server/src/security/index.ts": {"lines":{"total":162,"covered":128,"skipped":0,"pct":79.01},"functions":{"total":28,"covered":21,"skipped":0,"pct":75},"statements":{"total":162,"covered":128,"skipped":0,"pct":79.01},"branches":{"total":4,"covered":4,"skipped":0,"pct":100}}
,"/home/chous/work/semantest/nodejs.server/src/security/infrastructure/middleware/security.middleware.ts": {"lines":{"total":90,"covered":59,"skipped":0,"pct":65.55},"functions":{"total":13,"covered":8,"skipped":0,"pct":61.53},"statements":{"total":94,"covered":61,"skipped":0,"pct":64.89},"branches":{"total":43,"covered":24,"skipped":0,"pct":55.81}}
,"/home/chous/work/semantest/nodejs.server/src/server/server-application.ts": {"lines":{"total":77,"covered":66,"skipped":0,"pct":85.71},"functions":{"total":21,"covered":18,"skipped":0,"pct":85.71},"statements":{"total":79,"covered":68,"skipped":0,"pct":86.07},"branches":{"total":20,"covered":19,"skipped":0,"pct":95}}
,"/home/chous/work/semantest/nodejs.server/src/server/adapters/cache-adapter.ts": {"lines":{"total":3,"covered":3,"skipped":0,"pct":100},"functions":{"total":1,"covered":1,"skipped":0,"pct":100},"statements":{"total":3,"covered":3,"skipped":0,"pct":100},"branches":{"total":0,"covered":0,"skipped":0,"pct":100}}
,"/home/chous/work/semantest/nodejs.server/src/server/adapters/http-server-adapter.ts": {"lines":{"total":119,"covered":89,"skipped":0,"pct":74.78},"functions":{"total":26,"covered":15,"skipped":0,"pct":57.69},"statements":{"total":123,"covered":91,"skipped":0,"pct":73.98},"branches":{"total":30,"covered":21,"skipped":0,"pct":70}}
,"/home/chous/work/semantest/nodejs.server/src/server/adapters/logging-adapter.ts": {"lines":{"total":3,"covered":3,"skipped":0,"pct":100},"functions":{"total":1,"covered":1,"skipped":0,"pct":100},"statements":{"total":3,"covered":3,"skipped":0,"pct":100},"branches":{"total":0,"covered":0,"skipped":0,"pct":100}}
,"/home/chous/work/semantest/nodejs.server/src/testing/domain/integration-testing-entities.ts": {"lines":{"total":4,"covered":4,"skipped":0,"pct":100},"functions":{"total":0,"covered":0,"skipped":0,"pct":100},"statements":{"total":4,"covered":4,"skipped":0,"pct":100},"branches":{"total":0,"covered":0,"skipped":0,"pct":100}}
}
