TN:
SF:src/index.ts
FN:7,(anonymous_4)
FN:14,(anonymous_5)
FN:15,(anonymous_6)
FN:16,(anonymous_7)
FNF:4
FNH:4
FNDA:2,(anonymous_4)
FNDA:2,(anonymous_5)
FNDA:2,(anonymous_6)
FNDA:2,(anonymous_7)
DA:7,3
DA:10,1
DA:11,1
DA:14,3
DA:15,3
DA:16,3
DA:19,1
DA:20,1
DA:21,1
LF:9
LH:9
BRF:0
BRH:0
end_of_record
TN:
SF:src/start-server.ts
FN:20,startServer
FN:57,(anonymous_2)
FN:61,(anonymous_3)
FN:70,(anonymous_4)
FN:99,(anonymous_5)
FN:108,(anonymous_6)
FN:119,(anonymous_7)
FN:162,(anonymous_8)
FNF:8
FNH:2
FNDA:11,startServer
FNDA:0,(anonymous_2)
FNDA:0,(anonymous_3)
FNDA:0,(anonymous_4)
FNDA:0,(anonymous_5)
FNDA:0,(anonymous_6)
FNDA:0,(anonymous_7)
FNDA:11,(anonymous_8)
DA:6,16
DA:7,16
DA:8,16
DA:9,16
DA:10,16
DA:11,16
DA:12,15
DA:13,14
DA:14,13
DA:15,12
DA:16,11
DA:18,11
DA:21,11
DA:24,11
DA:36,11
DA:44,11
DA:47,11
DA:50,11
DA:53,11
DA:54,0
DA:57,0
DA:58,0
DA:59,0
DA:61,0
DA:62,0
DA:63,0
DA:66,0
DA:70,0
DA:71,0
DA:80,0
DA:81,0
DA:82,0
DA:83,0
DA:84,0
DA:86,0
DA:87,0
DA:88,0
DA:89,0
DA:90,0
DA:91,0
DA:94,0
DA:95,0
DA:99,0
DA:100,0
DA:108,0
DA:109,0
DA:111,0
DA:119,0
DA:120,0
DA:121,0
DA:122,0
DA:123,0
DA:124,0
DA:125,0
DA:126,0
DA:128,0
DA:129,0
DA:130,0
DA:131,0
DA:132,0
DA:133,0
DA:134,0
DA:136,0
DA:137,0
DA:138,0
DA:139,0
DA:140,0
DA:141,0
DA:143,0
DA:144,0
DA:145,0
DA:146,0
DA:147,0
DA:148,0
DA:149,0
DA:151,0
DA:152,0
DA:153,0
DA:154,0
DA:155,0
DA:157,0
DA:162,11
DA:163,11
DA:164,11
LF:84
LH:22
BRDA:18,0,0,11
BRDA:18,0,1,11
BRDA:37,1,0,11
BRDA:37,1,1,11
BRDA:75,2,0,0
BRDA:75,2,1,0
BRDA:94,3,0,0
BRF:7
BRH:4
end_of_record
TN:
SF:src/auth/auth-module.ts
FN:68,(anonymous_4)
FN:81,(anonymous_5)
FN:102,(anonymous_6)
FN:109,(anonymous_7)
FN:116,(anonymous_8)
FN:123,(anonymous_9)
FN:132,(anonymous_10)
FN:142,(anonymous_11)
FN:152,(anonymous_12)
FN:161,(anonymous_13)
FN:170,(anonymous_14)
FN:172,(anonymous_15)
FN:186,(anonymous_16)
FN:200,(anonymous_17)
FN:298,createAuthModule
FN:320,useAuthentication
FNF:16
FNH:0
FNDA:0,(anonymous_4)
FNDA:0,(anonymous_5)
FNDA:0,(anonymous_6)
FNDA:0,(anonymous_7)
FNDA:0,(anonymous_8)
FNDA:0,(anonymous_9)
FNDA:0,(anonymous_10)
FNDA:0,(anonymous_11)
FNDA:0,(anonymous_12)
FNDA:0,(anonymous_13)
FNDA:0,(anonymous_14)
FNDA:0,(anonymous_15)
FNDA:0,(anonymous_16)
FNDA:0,(anonymous_17)
FNDA:0,createAuthModule
FNDA:0,useAuthentication
DA:7,0
DA:8,0
DA:9,0
DA:10,0
DA:11,0
DA:62,0
DA:69,0
DA:70,0
DA:73,0
DA:74,0
DA:75,0
DA:83,0
DA:86,0
DA:89,0
DA:90,0
DA:94,0
DA:96,0
DA:103,0
DA:110,0
DA:117,0
DA:124,0
DA:125,0
DA:126,0
DA:133,0
DA:134,0
DA:135,0
DA:136,0
DA:143,0
DA:144,0
DA:145,0
DA:146,0
DA:153,0
DA:154,0
DA:155,0
DA:162,0
DA:163,0
DA:164,0
DA:172,0
DA:173,0
DA:174,0
DA:176,0
DA:180,0
DA:187,0
DA:189,0
DA:191,0
DA:193,0
DA:201,0
DA:202,0
DA:205,0
DA:206,0
DA:209,0
DA:210,0
DA:213,0
DA:214,0
DA:217,0
DA:218,0
DA:221,0
DA:222,0
DA:225,0
DA:226,0
DA:229,0
DA:230,0
DA:233,0
DA:234,0
DA:237,0
DA:238,0
DA:241,0
DA:242,0
DA:245,0
DA:246,0
DA:249,0
DA:250,0
DA:253,0
DA:254,0
DA:257,0
DA:258,0
DA:261,0
DA:262,0
DA:265,0
DA:266,0
DA:269,0
DA:270,0
DA:273,0
DA:274,0
DA:277,0
DA:278,0
DA:281,0
DA:282,0
DA:285,0
DA:286,0
DA:289,0
DA:290,0
DA:298,0
DA:299,0
DA:305,0
DA:320,0
DA:321,0
DA:322,0
DA:323,0
DA:327,0
DA:328,0
DA:329,0
DA:330,0
LF:103
LH:0
BRDA:68,0,0,0
BRDA:89,1,0,0
BRDA:201,2,0,0
BRDA:205,3,0,0
BRDA:209,4,0,0
BRDA:213,5,0,0
BRDA:217,6,0,0
BRDA:221,7,0,0
BRDA:225,8,0,0
BRDA:229,9,0,0
BRDA:233,10,0,0
BRDA:237,11,0,0
BRDA:241,12,0,0
BRDA:245,13,0,0
BRDA:249,14,0,0
BRDA:253,15,0,0
BRDA:257,16,0,0
BRDA:261,17,0,0
BRDA:265,18,0,0
BRDA:269,19,0,0
BRDA:273,20,0,0
BRDA:277,21,0,0
BRDA:281,22,0,0
BRDA:285,23,0,0
BRDA:289,24,0,0
BRDA:298,25,0,0
BRDA:320,26,0,0
BRF:27
BRH:0
end_of_record
TN:
SF:src/auth/auth-service.ts
FN:40,(anonymous_2)
FN:53,(anonymous_3)
FN:80,(anonymous_4)
FN:110,(anonymous_5)
FN:137,(anonymous_6)
FN:174,(anonymous_7)
FN:197,(anonymous_8)
FN:226,(anonymous_9)
FN:260,(anonymous_10)
FN:272,(anonymous_11)
FN:279,(anonymous_12)
FN:286,(anonymous_13)
FN:291,(anonymous_14)
FN:306,(anonymous_15)
FN:311,(anonymous_16)
FNF:15
FNH:12
FNDA:35,(anonymous_2)
FNDA:21,(anonymous_3)
FNDA:3,(anonymous_4)
FNDA:2,(anonymous_5)
FNDA:12,(anonymous_6)
FNDA:1,(anonymous_7)
FNDA:1,(anonymous_8)
FNDA:4,(anonymous_9)
FNDA:1,(anonymous_10)
FNDA:0,(anonymous_11)
FNDA:0,(anonymous_12)
FNDA:1,(anonymous_13)
FNDA:0,(anonymous_14)
FNDA:4,(anonymous_15)
FNDA:4,(anonymous_16)
DA:7,2
DA:8,2
DA:9,2
DA:10,2
DA:11,2
DA:12,2
DA:13,2
DA:25,2
DA:26,35
DA:41,35
DA:42,35
DA:43,35
DA:44,35
DA:45,35
DA:46,35
DA:53,2
DA:54,21
DA:55,21
DA:57,21
DA:59,18
DA:60,11
DA:62,1
DA:63,1
DA:65,1
DA:66,1
DA:68,1
DA:71,8
DA:72,8
DA:80,2
DA:81,3
DA:82,3
DA:85,3
DA:88,2
DA:94,2
DA:95,1
DA:98,1
DA:101,2
DA:102,2
DA:110,2
DA:111,2
DA:112,2
DA:115,2
DA:118,1
DA:121,1
DA:124,1
DA:126,1
DA:129,1
DA:130,1
DA:138,12
DA:141,12
DA:142,12
DA:143,1
DA:147,11
DA:148,11
DA:149,0
DA:153,11
DA:154,0
DA:158,11
DA:159,11
DA:161,11
DA:163,11
DA:175,1
DA:178,1
DA:179,1
DA:180,0
DA:184,1
DA:185,0
DA:189,1
DA:191,1
DA:198,1
DA:201,1
DA:204,1
DA:207,1
DA:210,1
DA:211,1
DA:213,1
DA:215,1
DA:234,4
DA:237,4
DA:250,4
DA:252,4
DA:254,4
DA:266,1
DA:273,0
DA:280,0
DA:288,1
DA:293,0
DA:308,4
DA:312,4
LF:89
LH:82
BRDA:57,0,0,18
BRDA:57,0,1,1
BRDA:57,0,2,1
BRDA:57,0,3,1
BRDA:94,1,0,1
BRDA:142,2,0,1
BRDA:148,3,0,0
BRDA:153,4,0,0
BRDA:179,5,0,0
BRDA:184,6,0,0
BRDA:243,7,0,4
BRDA:243,7,1,0
BRDA:297,8,0,0
BRDA:297,8,1,0
BRDA:298,9,0,0
BRDA:298,9,1,0
BRF:16
BRH:7
end_of_record
TN:
SF:src/auth/enterprise-auth.service.ts
FN:45,(anonymous_2)
FN:65,(anonymous_3)
FN:107,(anonymous_4)
FN:142,(anonymous_5)
FN:186,(anonymous_6)
FN:218,(anonymous_7)
FN:303,(anonymous_8)
FN:365,(anonymous_9)
FN:416,(anonymous_10)
FN:439,(anonymous_11)
FN:484,(anonymous_12)
FN:498,(anonymous_13)
FN:511,(anonymous_14)
FN:528,(anonymous_15)
FN:570,(anonymous_16)
FN:574,(anonymous_17)
FNF:16
FNH:10
FNDA:20,(anonymous_2)
FNDA:0,(anonymous_3)
FNDA:0,(anonymous_4)
FNDA:0,(anonymous_5)
FNDA:0,(anonymous_6)
FNDA:4,(anonymous_7)
FNDA:1,(anonymous_8)
FNDA:0,(anonymous_9)
FNDA:0,(anonymous_10)
FNDA:7,(anonymous_11)
FNDA:4,(anonymous_12)
FNDA:4,(anonymous_13)
FNDA:1,(anonymous_14)
FNDA:2,(anonymous_15)
FNDA:7,(anonymous_16)
FNDA:1,(anonymous_17)
DA:7,1
DA:8,1
DA:9,1
DA:10,1
DA:11,1
DA:30,1
DA:31,20
DA:43,20
DA:51,20
DA:52,20
DA:53,20
DA:54,20
DA:55,20
DA:74,0
DA:75,0
DA:78,0
DA:95,0
DA:97,0
DA:99,0
DA:100,0
DA:114,0
DA:115,0
DA:116,0
DA:119,0
DA:126,0
DA:153,0
DA:154,0
DA:157,0
DA:174,0
DA:176,0
DA:178,0
DA:179,0
DA:192,0
DA:193,0
DA:194,0
DA:197,0
DA:203,0
DA:229,4
DA:231,4
DA:240,4
DA:247,4
DA:248,4
DA:249,4
DA:254,4
DA:274,4
DA:291,4
DA:293,4
DA:295,0
DA:296,0
DA:314,1
DA:341,1
DA:342,1
DA:344,1
DA:350,1
DA:374,0
DA:375,0
DA:378,0
DA:379,0
DA:388,0
DA:404,0
DA:406,0
DA:408,0
DA:409,0
DA:420,0
DA:421,0
DA:423,0
DA:425,0
DA:427,0
DA:428,0
DA:452,7
DA:469,7
DA:470,7
DA:471,7
DA:474,7
DA:475,0
DA:478,7
DA:494,4
DA:497,4
DA:498,2
DA:499,4
DA:500,4
DA:501,3
DA:502,3
DA:503,3
DA:504,2
DA:505,2
DA:506,2
DA:511,4
DA:514,4
DA:515,0
DA:518,4
DA:535,2
DA:537,2
DA:543,2
DA:544,0
DA:548,2
DA:549,2
DA:555,2
DA:556,2
DA:560,0
DA:562,0
DA:563,0
DA:571,7
DA:575,1
LF:104
LH:57
BRDA:52,0,0,20
BRDA:52,0,1,0
BRDA:53,1,0,20
BRDA:53,1,1,0
BRDA:54,2,0,20
BRDA:54,2,1,0
BRDA:55,3,0,20
BRDA:55,3,1,0
BRDA:115,4,0,0
BRDA:193,5,0,0
BRDA:235,6,0,4
BRDA:235,6,1,1
BRDA:236,7,0,4
BRDA:236,7,1,0
BRDA:243,8,0,4
BRDA:243,8,1,0
BRDA:247,9,0,4
BRDA:257,10,0,4
BRDA:257,10,1,0
BRDA:264,11,0,4
BRDA:264,11,1,3
BRDA:469,12,0,7
BRDA:469,12,1,6
BRDA:474,13,0,0
BRDA:474,14,0,7
BRDA:474,14,1,7
BRDA:494,15,0,4
BRDA:494,15,1,0
BRDA:497,16,0,2
BRDA:499,17,0,0
BRDA:499,18,0,4
BRDA:499,18,1,0
BRDA:500,19,0,1
BRDA:500,20,0,4
BRDA:500,20,1,2
BRDA:501,21,0,0
BRDA:501,22,0,3
BRDA:501,22,1,0
BRDA:502,23,0,0
BRDA:502,24,0,3
BRDA:502,24,1,0
BRDA:503,25,0,1
BRDA:503,26,0,3
BRDA:503,26,1,2
BRDA:504,27,0,0
BRDA:504,28,0,2
BRDA:504,28,1,0
BRDA:505,29,0,0
BRDA:505,30,0,2
BRDA:505,30,1,0
BRDA:514,31,0,0
BRDA:543,32,0,0
BRDA:548,33,0,2
BRDA:555,34,0,2
BRF:54
BRH:31
end_of_record
TN:
SF:src/auth/adapters/api-key-manager.ts
FN:17,(anonymous_0)
FN:26,(anonymous_1)
FN:60,(anonymous_2)
FN:91,(anonymous_3)
FN:141,(anonymous_4)
FN:164,(anonymous_5)
FN:177,(anonymous_6)
FN:184,(anonymous_7)
FN:192,(anonymous_8)
FN:205,(anonymous_9)
FN:219,(anonymous_10)
FN:226,(anonymous_11)
FN:239,(anonymous_12)
FN:247,(anonymous_13)
FN:252,(anonymous_14)
FN:257,(anonymous_15)
FN:262,(anonymous_16)
FN:267,(anonymous_17)
FN:272,(anonymous_18)
FN:277,(anonymous_19)
FN:282,(anonymous_20)
FN:287,(anonymous_21)
FN:292,(anonymous_22)
FN:297,(anonymous_23)
FNF:24
FNH:15
FNDA:54,(anonymous_0)
FNDA:5,(anonymous_1)
FNDA:5,(anonymous_2)
FNDA:6,(anonymous_3)
FNDA:3,(anonymous_4)
FNDA:2,(anonymous_5)
FNDA:2,(anonymous_6)
FNDA:2,(anonymous_7)
FNDA:2,(anonymous_8)
FNDA:6,(anonymous_9)
FNDA:6,(anonymous_10)
FNDA:5,(anonymous_11)
FNDA:4,(anonymous_12)
FNDA:5,(anonymous_13)
FNDA:1,(anonymous_14)
FNDA:0,(anonymous_15)
FNDA:0,(anonymous_16)
FNDA:0,(anonymous_17)
FNDA:0,(anonymous_18)
FNDA:0,(anonymous_19)
FNDA:0,(anonymous_20)
FNDA:0,(anonymous_21)
FNDA:0,(anonymous_22)
FNDA:0,(anonymous_23)
DA:7,3
DA:8,3
DA:13,3
DA:18,54
DA:19,54
DA:20,54
DA:32,5
DA:33,5
DA:35,5
DA:51,5
DA:53,5
DA:54,5
DA:61,5
DA:63,5
DA:64,4
DA:65,1
DA:69,3
DA:70,1
DA:74,2
DA:75,1
DA:79,1
DA:81,1
DA:83,1
DA:84,1
DA:92,6
DA:93,6
DA:94,1
DA:97,5
DA:100,5
DA:101,5
DA:103,5
DA:104,1
DA:108,4
DA:109,4
DA:111,4
DA:112,1
DA:116,3
DA:117,3
DA:119,3
DA:120,1
DA:124,2
DA:125,2
DA:127,2
DA:128,1
DA:132,1
DA:133,1
DA:134,1
DA:135,1
DA:142,3
DA:143,3
DA:145,2
DA:158,2
DA:165,2
DA:166,2
DA:167,1
DA:170,1
DA:171,1
DA:178,2
DA:185,2
DA:186,2
DA:193,2
DA:194,2
DA:195,1
DA:198,1
DA:199,1
DA:206,6
DA:207,6
DA:209,6
DA:210,192
DA:213,6
DA:220,6
DA:227,5
DA:240,4
DA:241,3
DA:249,5
DA:254,1
DA:259,0
DA:264,0
DA:269,0
DA:274,0
DA:279,0
DA:284,0
DA:289,0
DA:294,0
DA:299,0
LF:85
LH:76
BRDA:19,0,0,54
BRDA:19,0,1,21
BRDA:64,1,0,1
BRDA:69,2,0,1
BRDA:74,3,0,1
BRDA:74,4,0,2
BRDA:74,4,1,1
BRDA:93,5,0,1
BRDA:103,6,0,1
BRDA:111,7,0,1
BRDA:119,8,0,1
BRDA:127,9,0,1
BRDA:141,10,0,1
BRDA:143,11,0,1
BRDA:149,12,0,1
BRDA:149,12,1,1
BRDA:150,13,0,1
BRDA:150,13,1,1
BRDA:166,14,0,1
BRDA:186,15,0,2
BRDA:186,15,1,1
BRDA:194,16,0,1
BRDA:240,17,0,1
BRF:23
BRH:23
end_of_record
TN:
SF:src/auth/adapters/jwt-token-manager.ts
FN:19,(anonymous_0)
FN:30,(anonymous_1)
FN:53,(anonymous_2)
FN:76,(anonymous_3)
FN:104,(anonymous_4)
FN:132,(anonymous_5)
FN:145,(anonymous_6)
FN:158,(anonymous_7)
FN:170,(anonymous_8)
FN:181,(anonymous_9)
FN:194,(anonymous_10)
FN:215,(anonymous_11)
FN:224,(anonymous_12)
FN:231,(anonymous_13)
FN:236,(anonymous_14)
FN:241,(anonymous_15)
FN:246,(anonymous_16)
FN:251,(anonymous_17)
FN:256,(anonymous_18)
FN:261,(anonymous_19)
FNF:20
FNH:20
FNDA:45,(anonymous_0)
FNDA:8,(anonymous_1)
FNDA:3,(anonymous_2)
FNDA:7,(anonymous_3)
FNDA:2,(anonymous_4)
FNDA:2,(anonymous_5)
FNDA:2,(anonymous_6)
FNDA:5,(anonymous_7)
FNDA:3,(anonymous_8)
FNDA:11,(anonymous_9)
FNDA:18,(anonymous_10)
FNDA:21,(anonymous_11)
FNDA:11,(anonymous_12)
FNDA:8,(anonymous_13)
FNDA:8,(anonymous_14)
FNDA:3,(anonymous_15)
FNDA:1,(anonymous_16)
FNDA:1,(anonymous_17)
FNDA:1,(anonymous_18)
FNDA:1,(anonymous_19)
DA:7,3
DA:13,3
DA:20,45
DA:21,45
DA:22,45
DA:23,45
DA:24,45
DA:31,8
DA:44,8
DA:46,8
DA:47,8
DA:54,3
DA:64,3
DA:67,3
DA:69,3
DA:70,3
DA:77,7
DA:78,7
DA:81,2
DA:82,0
DA:86,2
DA:87,1
DA:91,1
DA:92,0
DA:95,1
DA:97,6
DA:105,2
DA:106,2
DA:109,2
DA:110,0
DA:114,2
DA:115,1
DA:119,1
DA:120,0
DA:123,1
DA:125,1
DA:133,2
DA:134,2
DA:135,1
DA:136,1
DA:138,1
DA:146,2
DA:147,2
DA:148,1
DA:149,1
DA:151,1
DA:159,5
DA:160,5
DA:161,3
DA:163,2
DA:171,3
DA:172,3
DA:174,2
DA:175,2
DA:183,11
DA:184,11
DA:185,11
DA:186,11
DA:188,11
DA:196,18
DA:197,18
DA:198,8
DA:201,10
DA:204,10
DA:205,10
DA:206,1
DA:209,9
DA:217,21
DA:218,21
DA:225,11
DA:233,8
DA:238,8
DA:243,3
DA:248,1
DA:253,1
DA:258,1
DA:263,1
LF:77
LH:73
BRDA:21,0,0,45
BRDA:21,0,1,1
BRDA:22,1,0,45
BRDA:22,1,1,21
BRDA:23,2,0,45
BRDA:23,2,1,20
BRDA:24,3,0,45
BRDA:24,3,1,20
BRDA:30,4,0,7
BRDA:81,5,0,0
BRDA:86,6,0,1
BRDA:91,7,0,0
BRDA:109,8,0,0
BRDA:114,9,0,1
BRDA:119,10,0,0
BRDA:172,11,0,1
BRDA:197,12,0,8
BRDA:205,13,0,1
BRF:18
BRH:14
end_of_record
TN:
SF:src/auth/adapters/oauth2-manager.ts
FN:16,(anonymous_0)
FN:25,(anonymous_1)
FN:48,(anonymous_2)
FN:81,(anonymous_3)
FN:113,(anonymous_4)
FN:132,(anonymous_5)
FN:157,(anonymous_6)
FN:159,(anonymous_7)
FN:166,(anonymous_8)
FN:184,(anonymous_9)
FN:242,(anonymous_10)
FN:244,(anonymous_11)
FN:245,(anonymous_12)
FN:260,(anonymous_13)
FN:262,(anonymous_14)
FN:263,(anonymous_15)
FN:281,(anonymous_16)
FN:283,(anonymous_17)
FN:284,(anonymous_18)
FN:293,(anonymous_19)
FN:306,(anonymous_20)
FNF:21
FNH:21
FNDA:52,(anonymous_0)
FNDA:3,(anonymous_1)
FNDA:3,(anonymous_2)
FNDA:3,(anonymous_3)
FNDA:8,(anonymous_4)
FNDA:4,(anonymous_5)
FNDA:3,(anonymous_6)
FNDA:6,(anonymous_7)
FNDA:2,(anonymous_8)
FNDA:52,(anonymous_9)
FNDA:2,(anonymous_10)
FNDA:2,(anonymous_11)
FNDA:2,(anonymous_12)
FNDA:2,(anonymous_13)
FNDA:2,(anonymous_14)
FNDA:2,(anonymous_15)
FNDA:1,(anonymous_16)
FNDA:1,(anonymous_17)
FNDA:1,(anonymous_18)
FNDA:3,(anonymous_19)
FNDA:6,(anonymous_20)
DA:7,3
DA:13,3
DA:17,52
DA:18,52
DA:19,52
DA:26,3
DA:27,3
DA:28,1
DA:31,2
DA:32,2
DA:42,2
DA:55,3
DA:56,3
DA:57,1
DA:60,2
DA:68,2
DA:69,2
DA:70,1
DA:71,1
DA:73,1
DA:74,1
DA:88,3
DA:89,3
DA:90,1
DA:93,2
DA:100,2
DA:101,2
DA:102,1
DA:103,1
DA:105,1
DA:106,1
DA:114,8
DA:115,8
DA:116,1
DA:119,7
DA:120,7
DA:121,6
DA:122,6
DA:124,1
DA:125,1
DA:133,4
DA:134,4
DA:135,1
DA:139,3
DA:140,3
DA:141,1
DA:142,1
DA:145,2
DA:146,2
DA:147,1
DA:149,1
DA:150,1
DA:158,3
DA:159,6
DA:167,2
DA:168,2
DA:169,1
DA:172,1
DA:186,52
DA:187,30
DA:203,52
DA:204,29
DA:220,52
DA:221,29
DA:236,52
DA:244,2
DA:245,2
DA:246,2
DA:262,2
DA:263,2
DA:264,2
DA:283,1
DA:284,1
DA:285,1
DA:294,3
DA:300,3
DA:307,6
DA:309,1
DA:321,2
DA:333,2
DA:345,1
LF:81
LH:81
BRDA:27,0,0,1
BRDA:31,1,0,1
BRDA:31,1,1,1
BRDA:56,2,0,1
BRDA:89,3,0,1
BRDA:115,4,0,1
BRDA:134,5,0,1
BRDA:140,6,0,1
BRDA:168,7,0,1
BRDA:186,8,0,30
BRDA:186,9,0,52
BRDA:186,9,1,30
BRDA:197,10,0,30
BRDA:197,10,1,1
BRDA:203,11,0,29
BRDA:203,12,0,52
BRDA:203,12,1,29
BRDA:214,13,0,29
BRDA:214,13,1,0
BRDA:220,14,0,29
BRDA:220,15,0,52
BRDA:220,15,1,29
BRDA:231,16,0,29
BRDA:231,16,1,0
BRDA:300,17,0,3
BRDA:300,17,1,1
BRDA:307,18,0,1
BRDA:307,18,1,2
BRDA:307,18,2,2
BRDA:307,18,3,1
BRDA:324,19,0,2
BRDA:324,19,1,1
BRDA:325,20,0,2
BRDA:325,20,1,1
BRDA:326,21,0,2
BRDA:326,21,1,1
BRDA:335,22,0,2
BRDA:335,22,1,1
BRDA:349,23,0,1
BRDA:349,23,1,0
BRF:40
BRH:37
end_of_record
TN:
SF:src/auth/adapters/password-hash-manager.ts
FN:18,(anonymous_9)
FN:27,(anonymous_10)
FN:46,(anonymous_11)
FN:65,(anonymous_12)
FN:135,(anonymous_13)
FN:149,(anonymous_14)
FN:172,(anonymous_15)
FN:205,(anonymous_16)
FN:242,(anonymous_17)
FN:249,(anonymous_18)
FN:256,(anonymous_19)
FN:267,(anonymous_20)
FN:269,(anonymous_21)
FN:275,(anonymous_22)
FN:282,(anonymous_23)
FN:289,(anonymous_24)
FN:294,(anonymous_25)
FN:299,(anonymous_26)
FN:304,(anonymous_27)
FN:309,(anonymous_28)
FNF:20
FNH:15
FNDA:58,(anonymous_9)
FNDA:6,(anonymous_10)
FNDA:3,(anonymous_11)
FNDA:16,(anonymous_12)
FNDA:1,(anonymous_13)
FNDA:4,(anonymous_14)
FNDA:4,(anonymous_15)
FNDA:5,(anonymous_16)
FNDA:10,(anonymous_17)
FNDA:1,(anonymous_18)
FNDA:19,(anonymous_19)
FNDA:19,(anonymous_20)
FNDA:70,(anonymous_21)
FNDA:19,(anonymous_22)
FNDA:2,(anonymous_23)
FNDA:0,(anonymous_24)
FNDA:0,(anonymous_25)
FNDA:0,(anonymous_26)
FNDA:0,(anonymous_27)
FNDA:0,(anonymous_28)
DA:7,3
DA:8,3
DA:9,3
DA:14,3
DA:19,58
DA:20,58
DA:21,58
DA:28,6
DA:30,6
DA:33,6
DA:35,5
DA:36,5
DA:38,1
DA:39,1
DA:47,3
DA:49,3
DA:52,3
DA:54,2
DA:55,2
DA:57,1
DA:58,1
DA:70,16
DA:71,16
DA:74,16
DA:75,3
DA:76,13
DA:77,13
DA:80,16
DA:81,9
DA:85,16
DA:86,15
DA:88,1
DA:91,16
DA:92,12
DA:94,4
DA:97,16
DA:98,13
DA:100,3
DA:103,16
DA:104,12
DA:106,4
DA:110,16
DA:111,2
DA:112,2
DA:116,16
DA:117,6
DA:118,6
DA:122,16
DA:123,1
DA:124,1
DA:127,16
DA:129,16
DA:136,1
DA:137,1
DA:140,1
DA:142,1
DA:143,1
DA:150,4
DA:151,4
DA:152,3
DA:153,1
DA:157,2
DA:158,1
DA:159,1
DA:162,1
DA:164,1
DA:165,1
DA:173,4
DA:174,4
DA:175,4
DA:176,1
DA:180,3
DA:181,3
DA:182,1
DA:186,2
DA:189,1
DA:192,1
DA:194,1
DA:195,1
DA:197,2
DA:198,2
DA:206,5
DA:208,5
DA:209,5
DA:210,1
DA:214,4
DA:215,4
DA:216,1
DA:220,3
DA:221,3
DA:222,1
DA:226,2
DA:229,1
DA:231,1
DA:232,1
DA:234,2
DA:235,2
DA:243,10
DA:250,1
DA:257,19
DA:261,19
DA:268,19
DA:269,70
DA:276,19
DA:283,2
DA:291,0
DA:296,0
DA:301,0
DA:306,0
DA:311,0
LF:110
LH:105
BRDA:20,0,0,58
BRDA:20,0,1,21
BRDA:21,1,0,58
BRDA:21,1,1,21
BRDA:54,2,0,1
BRDA:54,2,1,1
BRDA:74,3,0,3
BRDA:74,3,1,13
BRDA:76,4,0,13
BRDA:80,5,0,9
BRDA:85,6,0,15
BRDA:85,6,1,1
BRDA:91,7,0,12
BRDA:91,7,1,4
BRDA:97,8,0,13
BRDA:97,8,1,3
BRDA:103,9,0,12
BRDA:103,9,1,4
BRDA:110,10,0,2
BRDA:116,11,0,6
BRDA:122,12,0,1
BRDA:127,13,0,16
BRDA:127,13,1,12
BRDA:152,14,0,1
BRDA:157,15,0,1
BRDA:175,16,0,1
BRDA:181,17,0,1
BRDA:209,18,0,1
BRDA:215,19,0,1
BRDA:221,20,0,1
BRF:30
BRH:30
end_of_record
TN:
SF:src/auth/adapters/rbac-manager.ts
FN:17,(anonymous_0)
FN:27,(anonymous_1)
FN:51,(anonymous_2)
FN:88,(anonymous_3)
FN:113,(anonymous_4)
FN:149,(anonymous_5)
FN:182,(anonymous_6)
FN:213,(anonymous_7)
FN:220,(anonymous_8)
FN:227,(anonymous_9)
FN:235,(anonymous_10)
FN:237,(anonymous_11)
FN:243,(anonymous_12)
FN:245,(anonymous_13)
FN:251,(anonymous_14)
FN:296,(anonymous_15)
FN:297,(anonymous_16)
FN:309,(anonymous_17)
FN:311,(anonymous_18)
FN:316,(anonymous_19)
FN:323,(anonymous_20)
FN:324,(anonymous_21)
FN:332,(anonymous_22)
FN:334,(anonymous_23)
FN:346,(anonymous_24)
FN:354,(anonymous_25)
FN:361,(anonymous_26)
FN:366,(anonymous_27)
FN:371,(anonymous_28)
FN:376,(anonymous_29)
FN:381,(anonymous_30)
FNF:31
FNH:26
FNDA:58,(anonymous_0)
FNDA:13,(anonymous_1)
FNDA:7,(anonymous_2)
FNDA:4,(anonymous_3)
FNDA:12,(anonymous_4)
FNDA:4,(anonymous_5)
FNDA:4,(anonymous_6)
FNDA:2,(anonymous_7)
FNDA:11,(anonymous_8)
FNDA:3,(anonymous_9)
FNDA:2,(anonymous_10)
FNDA:4,(anonymous_11)
FNDA:2,(anonymous_12)
FNDA:5,(anonymous_13)
FNDA:58,(anonymous_14)
FNDA:188,(anonymous_15)
FNDA:888,(anonymous_16)
FNDA:16,(anonymous_17)
FNDA:21,(anonymous_18)
FNDA:15,(anonymous_19)
FNDA:10,(anonymous_20)
FNDA:10,(anonymous_21)
FNDA:5,(anonymous_22)
FNDA:38,(anonymous_23)
FNDA:14,(anonymous_24)
FNDA:12,(anonymous_25)
FNDA:0,(anonymous_26)
FNDA:0,(anonymous_27)
FNDA:0,(anonymous_28)
FNDA:0,(anonymous_29)
FNDA:0,(anonymous_30)
DA:7,3
DA:8,3
DA:13,3
DA:18,58
DA:19,58
DA:20,58
DA:21,58
DA:32,13
DA:33,13
DA:35,12
DA:36,16
DA:37,4
DA:41,8
DA:43,1
DA:44,1
DA:52,7
DA:54,7
DA:55,7
DA:56,1
DA:60,6
DA:63,5
DA:65,5
DA:66,6
DA:67,6
DA:68,6
DA:73,5
DA:76,5
DA:78,5
DA:80,1
DA:81,1
DA:89,4
DA:91,4
DA:92,5
DA:93,1
DA:98,3
DA:101,2
DA:103,2
DA:105,2
DA:106,2
DA:119,12
DA:121,12
DA:123,12
DA:135,12
DA:136,11
DA:138,11
DA:139,11
DA:141,1
DA:142,1
DA:150,4
DA:151,4
DA:152,4
DA:153,1
DA:156,3
DA:157,1
DA:161,2
DA:164,2
DA:165,2
DA:167,2
DA:170,2
DA:172,2
DA:174,2
DA:175,2
DA:183,4
DA:184,4
DA:185,4
DA:186,1
DA:189,3
DA:190,1
DA:194,2
DA:195,2
DA:196,1
DA:200,1
DA:201,1
DA:203,1
DA:205,3
DA:206,3
DA:214,2
DA:221,11
DA:228,3
DA:229,3
DA:236,2
DA:237,4
DA:244,2
DA:245,5
DA:253,58
DA:265,58
DA:277,58
DA:288,58
DA:289,58
DA:290,58
DA:297,888
DA:311,21
DA:312,3
DA:316,15
DA:317,13
DA:318,4
DA:322,9
DA:323,10
DA:324,10
DA:326,9
DA:333,5
DA:334,5
DA:335,38
DA:336,0
DA:338,38
DA:339,38
DA:348,14
DA:355,12
DA:363,0
DA:368,0
DA:373,0
DA:378,0
DA:383,0
LF:113
LH:107
BRDA:36,0,0,4
BRDA:55,1,0,1
BRDA:67,2,0,6
BRDA:92,3,0,1
BRDA:152,4,0,1
BRDA:156,5,0,1
BRDA:185,6,0,1
BRDA:189,7,0,1
BRDA:195,8,0,1
BRDA:221,9,0,11
BRDA:221,9,1,2
BRDA:300,10,0,888
BRDA:300,10,1,58
BRDA:301,11,0,888
BRDA:301,11,1,0
BRDA:311,12,0,3
BRDA:317,13,0,4
BRDA:326,14,0,9
BRDA:326,14,1,6
BRDA:335,15,0,0
BRF:20
BRH:18
end_of_record
TN:
SF:src/auth/domain/auth-entities.ts
FNF:0
FNH:0
DA:202,6
DA:229,6
LF:2
LH:2
BRF:0
BRH:0
end_of_record
TN:
SF:src/auth/domain/enterprise-entities.ts
FNF:0
FNH:0
DA:380,2
DA:419,2
LF:2
LH:2
BRF:0
BRH:0
end_of_record
TN:
SF:src/auth/examples/express-integration.ts
FN:18,(anonymous_1)
FN:56,(anonymous_2)
FN:61,(anonymous_3)
FN:70,(anonymous_4)
FN:72,(anonymous_5)
FN:86,(anonymous_6)
FN:110,(anonymous_7)
FN:114,(anonymous_8)
FN:123,(anonymous_9)
FN:132,(anonymous_10)
FN:146,(anonymous_11)
FN:150,(anonymous_12)
FN:163,(anonymous_13)
FN:174,(anonymous_14)
FN:190,(anonymous_15)
FN:194,(anonymous_16)
FN:206,(anonymous_17)
FN:220,(anonymous_18)
FN:224,(anonymous_19)
FN:239,(anonymous_20)
FN:257,(anonymous_21)
FN:258,(anonymous_22)
FN:271,(anonymous_23)
FN:280,createExampleApp
FN:283,(anonymous_25)
FN:304,createPermissionExample
FN:311,(anonymous_27)
FN:322,(anonymous_28)
FN:333,(anonymous_29)
FN:354,(anonymous_30)
FN:360,(anonymous_31)
FNF:31
FNH:0
FNDA:0,(anonymous_1)
FNDA:0,(anonymous_2)
FNDA:0,(anonymous_3)
FNDA:0,(anonymous_4)
FNDA:0,(anonymous_5)
FNDA:0,(anonymous_6)
FNDA:0,(anonymous_7)
FNDA:0,(anonymous_8)
FNDA:0,(anonymous_9)
FNDA:0,(anonymous_10)
FNDA:0,(anonymous_11)
FNDA:0,(anonymous_12)
FNDA:0,(anonymous_13)
FNDA:0,(anonymous_14)
FNDA:0,(anonymous_15)
FNDA:0,(anonymous_16)
FNDA:0,(anonymous_17)
FNDA:0,(anonymous_18)
FNDA:0,(anonymous_19)
FNDA:0,(anonymous_20)
FNDA:0,(anonymous_21)
FNDA:0,(anonymous_22)
FNDA:0,(anonymous_23)
FNDA:0,createExampleApp
FNDA:0,(anonymous_25)
FNDA:0,createPermissionExample
FNDA:0,(anonymous_27)
FNDA:0,(anonymous_28)
FNDA:0,(anonymous_29)
FNDA:0,(anonymous_30)
FNDA:0,(anonymous_31)
DA:7,0
DA:8,0
DA:19,0
DA:22,0
DA:25,0
DA:43,0
DA:44,0
DA:47,0
DA:50,0
DA:57,0
DA:58,0
DA:61,0
DA:62,0
DA:63,0
DA:72,0
DA:73,0
DA:86,0
DA:87,0
DA:95,0
DA:98,0
DA:101,0
DA:104,0
DA:111,0
DA:114,0
DA:115,0
DA:123,0
DA:124,0
DA:132,0
DA:133,0
DA:140,0
DA:147,0
DA:150,0
DA:151,0
DA:163,0
DA:164,0
DA:174,0
DA:175,0
DA:184,0
DA:191,0
DA:194,0
DA:195,0
DA:206,0
DA:207,0
DA:214,0
DA:221,0
DA:224,0
DA:225,0
DA:227,0
DA:239,0
DA:240,0
DA:244,0
DA:251,0
DA:258,0
DA:259,0
DA:260,0
DA:261,0
DA:262,0
DA:263,0
DA:264,0
DA:272,0
DA:273,0
DA:282,0
DA:283,0
DA:285,0
DA:286,0
DA:287,0
DA:288,0
DA:289,0
DA:290,0
DA:291,0
DA:292,0
DA:293,0
DA:294,0
DA:295,0
DA:298,0
DA:305,0
DA:308,0
DA:312,0
DA:319,0
DA:323,0
DA:330,0
DA:334,0
DA:341,0
DA:345,0
DA:348,0
DA:349,0
DA:350,0
DA:351,0
DA:354,0
DA:355,0
DA:356,0
DA:357,0
DA:360,0
DA:361,0
DA:362,0
DA:363,0
LF:96
LH:0
BRDA:27,0,0,0
BRDA:27,0,1,0
BRDA:28,1,0,0
BRDA:28,1,1,0
BRDA:29,2,0,0
BRDA:29,2,1,0
BRDA:40,3,0,0
BRDA:40,3,1,0
BRDA:230,4,0,0
BRDA:230,4,1,0
BRDA:233,5,0,0
BRDA:233,5,1,0
BRDA:240,6,0,0
BRDA:240,6,1,0
BRDA:257,7,0,0
BRDA:285,8,0,0
BRDA:348,9,0,0
BRDA:350,10,0,0
BRDA:350,10,1,0
BRF:19
BRH:0
end_of_record
TN:
SF:src/auth/services/enterprise-sso.service.ts
FN:18,(anonymous_0)
FN:25,(anonymous_1)
FN:62,(anonymous_2)
FN:92,(anonymous_3)
FN:94,(anonymous_4)
FN:100,(anonymous_5)
FN:142,(anonymous_6)
FN:192,(anonymous_7)
FN:224,(anonymous_8)
FN:251,(anonymous_9)
FN:274,(anonymous_10)
FN:297,(anonymous_11)
FN:317,(anonymous_12)
FN:333,(anonymous_13)
FN:358,(anonymous_14)
FN:405,(anonymous_15)
FN:409,(anonymous_16)
FN:413,(anonymous_17)
FN:417,(anonymous_18)
FN:421,(anonymous_19)
FN:425,(anonymous_20)
FN:436,(anonymous_21)
FN:445,(anonymous_22)
FN:456,(anonymous_23)
FN:461,(anonymous_24)
FN:509,(anonymous_25)
FN:522,(anonymous_26)
FN:527,(anonymous_27)
FNF:28
FNH:11
FNDA:20,(anonymous_0)
FNDA:5,(anonymous_1)
FNDA:0,(anonymous_2)
FNDA:0,(anonymous_3)
FNDA:0,(anonymous_4)
FNDA:1,(anonymous_5)
FNDA:0,(anonymous_6)
FNDA:5,(anonymous_7)
FNDA:1,(anonymous_8)
FNDA:0,(anonymous_9)
FNDA:1,(anonymous_10)
FNDA:0,(anonymous_11)
FNDA:0,(anonymous_12)
FNDA:0,(anonymous_13)
FNDA:0,(anonymous_14)
FNDA:5,(anonymous_15)
FNDA:1,(anonymous_16)
FNDA:1,(anonymous_17)
FNDA:1,(anonymous_18)
FNDA:2,(anonymous_19)
FNDA:0,(anonymous_20)
FNDA:0,(anonymous_21)
FNDA:0,(anonymous_22)
FNDA:0,(anonymous_23)
FNDA:0,(anonymous_24)
FNDA:0,(anonymous_25)
FNDA:0,(anonymous_26)
FNDA:0,(anonymous_27)
DA:18,1
DA:19,20
DA:20,20
DA:33,5
DA:36,5
DA:38,4
DA:52,4
DA:54,4
DA:56,4
DA:66,0
DA:67,0
DA:68,0
DA:72,0
DA:73,0
DA:76,0
DA:82,0
DA:84,0
DA:86,0
DA:93,0
DA:94,0
DA:104,1
DA:105,1
DA:106,0
DA:109,1
DA:110,0
DA:113,1
DA:114,1
DA:117,1
DA:129,1
DA:132,1
DA:134,1
DA:136,1
DA:152,0
DA:153,0
DA:154,0
DA:157,0
DA:158,0
DA:161,0
DA:162,0
DA:165,0
DA:166,0
DA:167,0
DA:171,0
DA:174,0
DA:177,0
DA:178,0
DA:181,0
DA:182,0
DA:184,0
DA:186,0
DA:196,5
DA:198,2
DA:199,1
DA:201,1
DA:205,3
DA:206,0
DA:208,3
DA:211,0
DA:212,0
DA:214,0
DA:217,0
DA:229,1
DA:231,1
DA:233,0
DA:237,1
DA:241,0
DA:244,0
DA:256,0
DA:257,0
DA:260,0
DA:261,0
DA:263,0
DA:268,0
DA:279,1
DA:280,1
DA:282,1
DA:291,1
DA:301,0
DA:303,0
DA:307,0
DA:310,0
DA:319,0
DA:322,0
DA:337,0
DA:338,0
DA:341,0
DA:350,0
DA:352,0
DA:363,0
DA:366,0
DA:367,0
DA:368,0
DA:369,0
DA:370,0
DA:373,0
DA:375,0
DA:377,0
DA:389,0
DA:399,0
DA:406,5
DA:410,1
DA:414,1
DA:418,1
DA:422,2
DA:427,0
DA:438,0
DA:447,0
DA:458,0
DA:472,0
DA:504,0
DA:506,0
DA:511,0
DA:517,0
DA:519,0
DA:524,0
DA:529,0
LF:116
LH:37
BRDA:67,0,0,0
BRDA:72,1,0,0
BRDA:105,2,0,0
BRDA:109,3,0,0
BRDA:153,4,0,0
BRDA:157,5,0,0
BRDA:161,6,0,0
BRDA:161,7,0,0
BRDA:161,7,1,0
BRDA:166,8,0,0
BRDA:196,9,0,2
BRDA:196,9,1,3
BRDA:196,9,2,3
BRDA:196,9,3,0
BRDA:196,9,4,0
BRDA:198,10,0,1
BRDA:198,11,0,2
BRDA:198,11,1,2
BRDA:198,11,2,1
BRDA:205,12,0,0
BRDA:205,13,0,3
BRDA:205,13,1,3
BRDA:205,13,2,3
BRDA:205,13,3,3
BRDA:211,14,0,0
BRDA:211,15,0,0
BRDA:211,15,1,0
BRDA:211,15,2,0
BRDA:231,16,0,0
BRDA:231,16,1,1
BRDA:231,16,2,1
BRDA:231,16,3,0
BRDA:231,16,4,0
BRDA:279,17,0,1
BRDA:301,18,0,0
BRDA:301,18,1,0
BRDA:301,18,2,0
BRDA:301,18,3,0
BRDA:369,19,0,0
BRDA:369,19,1,0
BRDA:370,20,0,0
BRDA:370,20,1,0
BRDA:375,21,0,0
BRDA:375,21,1,0
BRDA:384,22,0,0
BRDA:384,22,1,0
BRDA:394,23,0,0
BRDA:394,23,1,0
BRDA:422,24,0,2
BRDA:422,24,1,0
BRF:50
BRH:15
end_of_record
TN:
SF:src/auth/services/organization-management.service.ts
FN:22,(anonymous_0)
FN:30,(anonymous_1)
FN:98,(anonymous_2)
FN:105,(anonymous_3)
FN:109,(anonymous_4)
FN:124,(anonymous_5)
FN:149,(anonymous_6)
FN:161,(anonymous_7)
FN:168,(anonymous_8)
FN:197,(anonymous_9)
FN:199,(anonymous_10)
FN:222,(anonymous_11)
FN:228,(anonymous_12)
FN:245,(anonymous_13)
FN:260,(anonymous_14)
FN:293,(anonymous_15)
FN:299,(anonymous_16)
FN:334,(anonymous_17)
FN:335,(anonymous_18)
FN:341,(anonymous_19)
FN:347,(anonymous_20)
FN:365,(anonymous_21)
FN:375,(anonymous_22)
FN:392,(anonymous_23)
FN:396,(anonymous_24)
FN:400,(anonymous_25)
FN:404,(anonymous_26)
FN:408,(anonymous_27)
FN:415,(anonymous_28)
FN:424,(anonymous_29)
FN:438,(anonymous_30)
FNF:31
FNH:20
FNDA:20,(anonymous_0)
FNDA:21,(anonymous_1)
FNDA:0,(anonymous_2)
FNDA:1,(anonymous_3)
FNDA:2,(anonymous_4)
FNDA:0,(anonymous_5)
FNDA:29,(anonymous_6)
FNDA:12,(anonymous_7)
FNDA:12,(anonymous_8)
FNDA:0,(anonymous_9)
FNDA:0,(anonymous_10)
FNDA:0,(anonymous_11)
FNDA:0,(anonymous_12)
FNDA:1,(anonymous_13)
FNDA:0,(anonymous_14)
FNDA:1,(anonymous_15)
FNDA:1,(anonymous_16)
FNDA:0,(anonymous_17)
FNDA:0,(anonymous_18)
FNDA:5,(anonymous_19)
FNDA:9,(anonymous_20)
FNDA:0,(anonymous_21)
FNDA:0,(anonymous_22)
FNDA:21,(anonymous_23)
FNDA:28,(anonymous_24)
FNDA:1,(anonymous_25)
FNDA:1,(anonymous_26)
FNDA:21,(anonymous_27)
FNDA:2,(anonymous_28)
FNDA:20,(anonymous_29)
FNDA:29,(anonymous_30)
DA:7,1
DA:22,1
DA:23,20
DA:24,20
DA:25,20
DA:39,21
DA:40,21
DA:43,21
DA:44,1
DA:48,20
DA:50,20
DA:85,20
DA:88,20
DA:90,20
DA:92,20
DA:99,0
DA:106,1
DA:108,1
DA:109,2
DA:110,1
DA:111,1
DA:112,1
DA:113,1
DA:118,1
DA:128,0
DA:129,0
DA:130,0
DA:133,0
DA:139,0
DA:141,0
DA:143,0
DA:154,29
DA:155,29
DA:156,0
DA:160,29
DA:161,29
DA:163,29
DA:164,0
DA:168,29
DA:169,29
DA:170,1
DA:173,28
DA:185,28
DA:186,28
DA:187,28
DA:189,28
DA:191,28
DA:198,0
DA:199,0
DA:201,0
DA:202,0
DA:205,0
DA:208,0
DA:209,0
DA:213,0
DA:214,0
DA:216,0
DA:227,0
DA:228,0
DA:230,0
DA:231,0
DA:234,0
DA:235,0
DA:237,0
DA:239,0
DA:252,1
DA:253,1
DA:254,0
DA:258,1
DA:259,1
DA:260,0
DA:263,1
DA:264,0
DA:267,1
DA:282,1
DA:283,1
DA:285,1
DA:287,1
DA:295,1
DA:296,1
DA:298,1
DA:299,1
DA:300,1
DA:301,1
DA:302,1
DA:303,1
DA:307,1
DA:308,0
DA:311,1
DA:312,0
DA:315,1
DA:316,0
DA:320,1
DA:321,1
DA:324,1
DA:326,1
DA:328,1
DA:335,0
DA:346,5
DA:347,9
DA:349,5
DA:350,0
DA:354,5
DA:355,1
DA:359,4
DA:374,0
DA:375,0
DA:378,0
DA:393,21
DA:397,28
DA:401,1
DA:405,1
DA:409,21
DA:416,2
DA:417,1
DA:418,1
DA:421,1
DA:425,20
DA:426,20
DA:439,29
DA:463,29
LF:121
LH:82
BRDA:43,0,0,1
BRDA:43,1,0,21
BRDA:43,1,1,2
BRDA:61,2,0,1
BRDA:61,2,1,19
BRDA:67,3,0,7
BRDA:67,3,1,13
BRDA:68,4,0,7
BRDA:68,4,1,13
BRDA:99,5,0,0
BRDA:99,5,1,0
BRDA:109,6,0,2
BRDA:109,6,1,1
BRDA:110,7,0,1
BRDA:112,8,0,1
BRDA:129,9,0,0
BRDA:152,10,0,3
BRDA:155,11,0,0
BRDA:160,12,0,29
BRDA:160,12,1,20
BRDA:163,13,0,0
BRDA:163,14,0,29
BRDA:163,14,1,0
BRDA:169,15,0,1
BRDA:169,16,0,29
BRDA:169,16,1,21
BRDA:185,17,0,28
BRDA:185,17,1,20
BRDA:198,18,0,0
BRDA:198,18,1,0
BRDA:201,19,0,0
BRDA:208,20,0,0
BRDA:227,21,0,0
BRDA:227,21,1,0
BRDA:228,22,0,0
BRDA:228,22,1,0
BRDA:230,23,0,0
BRDA:253,24,0,0
BRDA:258,25,0,1
BRDA:258,25,1,1
BRDA:260,26,0,0
BRDA:260,26,1,0
BRDA:263,27,0,0
BRDA:277,28,0,1
BRDA:277,28,1,0
BRDA:300,29,0,1
BRDA:307,30,0,0
BRDA:307,31,0,1
BRDA:307,31,1,1
BRDA:311,32,0,0
BRDA:315,33,0,0
BRDA:335,34,0,0
BRDA:335,34,1,0
BRDA:346,35,0,5
BRDA:346,35,1,0
BRDA:347,36,0,9
BRDA:347,36,1,5
BRDA:349,37,0,0
BRDA:354,38,0,1
BRDA:374,39,0,0
BRDA:374,39,1,0
BRDA:417,40,0,1
BRDA:434,41,0,7
BRDA:434,41,1,13
BRDA:434,42,0,12
BRDA:434,42,1,1
BRDA:463,43,0,29
BRDA:463,43,1,0
BRF:68
BRH:38
end_of_record
TN:
SF:src/auth/services/team-management.service.ts
FN:20,(anonymous_0)
FN:28,(anonymous_1)
FN:108,(anonymous_2)
FN:115,(anonymous_3)
FN:116,(anonymous_4)
FN:122,(anonymous_5)
FN:126,(anonymous_6)
FN:141,(anonymous_7)
FN:165,(anonymous_8)
FN:190,(anonymous_9)
FN:217,(anonymous_10)
FN:229,(anonymous_11)
FN:237,(anonymous_12)
FN:267,(anonymous_13)
FN:269,(anonymous_14)
FN:279,(anonymous_15)
FN:297,(anonymous_16)
FN:303,(anonymous_17)
FN:320,(anonymous_18)
FN:340,(anonymous_19)
FN:374,(anonymous_20)
FN:380,(anonymous_21)
FN:415,(anonymous_22)
FN:416,(anonymous_23)
FN:422,(anonymous_24)
FN:428,(anonymous_25)
FN:446,(anonymous_26)
FN:459,(anonymous_27)
FN:460,(anonymous_28)
FN:461,(anonymous_29)
FN:469,(anonymous_30)
FN:473,(anonymous_31)
FN:477,(anonymous_32)
FN:481,(anonymous_33)
FN:485,(anonymous_34)
FN:492,(anonymous_35)
FN:501,(anonymous_36)
FNF:37
FNH:17
FNDA:20,(anonymous_0)
FNDA:11,(anonymous_1)
FNDA:0,(anonymous_2)
FNDA:0,(anonymous_3)
FNDA:0,(anonymous_4)
FNDA:1,(anonymous_5)
FNDA:2,(anonymous_6)
FNDA:2,(anonymous_7)
FNDA:0,(anonymous_8)
FNDA:0,(anonymous_9)
FNDA:15,(anonymous_10)
FNDA:5,(anonymous_11)
FNDA:0,(anonymous_12)
FNDA:1,(anonymous_13)
FNDA:1,(anonymous_14)
FNDA:1,(anonymous_15)
FNDA:0,(anonymous_16)
FNDA:0,(anonymous_17)
FNDA:0,(anonymous_18)
FNDA:0,(anonymous_19)
FNDA:0,(anonymous_20)
FNDA:0,(anonymous_21)
FNDA:0,(anonymous_22)
FNDA:0,(anonymous_23)
FNDA:5,(anonymous_24)
FNDA:9,(anonymous_25)
FNDA:0,(anonymous_26)
FNDA:0,(anonymous_27)
FNDA:0,(anonymous_28)
FNDA:0,(anonymous_29)
FNDA:11,(anonymous_30)
FNDA:15,(anonymous_31)
FNDA:0,(anonymous_32)
FNDA:0,(anonymous_33)
FNDA:11,(anonymous_34)
FNDA:11,(anonymous_35)
FNDA:15,(anonymous_36)
DA:20,1
DA:21,20
DA:22,20
DA:23,20
DA:39,11
DA:40,11
DA:43,11
DA:44,1
DA:45,1
DA:46,0
DA:48,1
DA:49,0
DA:54,11
DA:55,1
DA:58,10
DA:95,10
DA:98,10
DA:100,10
DA:102,10
DA:109,0
DA:116,0
DA:123,1
DA:125,1
DA:126,2
DA:127,1
DA:128,1
DA:129,1
DA:130,1
DA:135,1
DA:142,2
DA:143,2
DA:144,0
DA:147,2
DA:150,2
DA:151,4
DA:152,1
DA:154,1
DA:155,1
DA:159,2
DA:169,0
DA:170,0
DA:171,0
DA:174,0
DA:180,0
DA:182,0
DA:184,0
DA:191,0
DA:192,0
DA:193,0
DA:197,0
DA:198,0
DA:199,0
DA:203,0
DA:206,0
DA:209,0
DA:211,0
DA:222,15
DA:223,15
DA:224,0
DA:228,15
DA:229,15
DA:231,15
DA:232,0
DA:236,15
DA:237,0
DA:238,0
DA:239,0
DA:243,15
DA:255,15
DA:256,15
DA:257,15
DA:259,15
DA:261,15
DA:268,1
DA:269,1
DA:271,1
DA:272,0
DA:275,1
DA:278,1
DA:279,1
DA:280,1
DA:282,1
DA:283,1
DA:288,0
DA:289,0
DA:291,0
DA:302,0
DA:303,0
DA:305,0
DA:306,0
DA:309,0
DA:310,0
DA:312,0
DA:314,0
DA:327,0
DA:328,0
DA:329,0
DA:333,0
DA:334,0
DA:338,0
DA:339,0
DA:340,0
DA:343,0
DA:344,0
DA:347,0
DA:363,0
DA:364,0
DA:366,0
DA:368,0
DA:376,0
DA:377,0
DA:379,0
DA:380,0
DA:381,0
DA:382,0
DA:383,0
DA:384,0
DA:388,0
DA:389,0
DA:392,0
DA:393,0
DA:396,0
DA:397,0
DA:401,0
DA:402,0
DA:405,0
DA:407,0
DA:409,0
DA:416,0
DA:427,5
DA:428,9
DA:430,5
DA:431,0
DA:435,5
DA:436,0
DA:440,5
DA:453,0
DA:454,0
DA:455,0
DA:457,0
DA:459,0
DA:460,0
DA:461,0
DA:470,11
DA:474,15
DA:478,0
DA:482,0
DA:486,11
DA:493,11
DA:494,2
DA:495,1
DA:498,10
DA:502,15
DA:521,15
LF:154
LH:69
BRDA:43,0,0,1
BRDA:45,1,0,0
BRDA:48,2,0,0
BRDA:54,3,0,1
BRDA:109,4,0,0
BRDA:109,4,1,0
BRDA:126,5,0,2
BRDA:126,5,1,1
BRDA:127,6,0,1
BRDA:129,7,0,1
BRDA:143,8,0,0
BRDA:151,9,0,1
BRDA:170,10,0,0
BRDA:192,11,0,0
BRDA:198,12,0,0
BRDA:220,13,0,4
BRDA:223,14,0,0
BRDA:228,15,0,15
BRDA:228,15,1,10
BRDA:231,16,0,0
BRDA:231,17,0,15
BRDA:231,17,1,0
BRDA:236,18,0,0
BRDA:238,19,0,0
BRDA:255,20,0,15
BRDA:255,20,1,10
BRDA:268,21,0,1
BRDA:268,21,1,0
BRDA:271,22,0,0
BRDA:278,23,0,1
BRDA:280,24,0,1
BRDA:280,24,1,1
BRDA:280,24,2,0
BRDA:282,25,0,1
BRDA:302,26,0,0
BRDA:302,26,1,0
BRDA:303,27,0,0
BRDA:303,27,1,0
BRDA:305,28,0,0
BRDA:328,29,0,0
BRDA:333,30,0,0
BRDA:338,31,0,0
BRDA:338,31,1,0
BRDA:340,32,0,0
BRDA:340,32,1,0
BRDA:343,33,0,0
BRDA:358,34,0,0
BRDA:358,34,1,0
BRDA:381,35,0,0
BRDA:388,36,0,0
BRDA:388,37,0,0
BRDA:388,37,1,0
BRDA:392,38,0,0
BRDA:396,39,0,0
BRDA:416,40,0,0
BRDA:416,40,1,0
BRDA:427,41,0,5
BRDA:427,41,1,0
BRDA:428,42,0,9
BRDA:428,42,1,5
BRDA:430,43,0,0
BRDA:435,44,0,0
BRDA:453,45,0,0
BRDA:453,45,1,0
BRDA:454,46,0,0
BRDA:454,46,1,0
BRDA:460,47,0,0
BRDA:460,47,1,0
BRDA:494,48,0,1
BRDA:494,49,0,2
BRDA:494,49,1,2
BRDA:521,50,0,15
BRDA:521,50,1,0
BRF:73
BRH:25
end_of_record
TN:
SF:src/coordination/coordination-application.ts
FN:36,(anonymous_2)
FN:54,(anonymous_3)
FN:87,(anonymous_4)
FN:115,(anonymous_5)
FN:171,(anonymous_6)
FN:217,(anonymous_7)
FN:231,(anonymous_8)
FN:250,(anonymous_9)
FN:252,(anonymous_10)
FN:260,(anonymous_11)
FN:265,(anonymous_12)
FN:265,(anonymous_13)
FN:277,(anonymous_14)
FN:277,(anonymous_15)
FN:285,(anonymous_16)
FN:287,(anonymous_17)
FN:295,(anonymous_18)
FN:297,(anonymous_19)
FN:304,(anonymous_20)
FN:327,(anonymous_21)
FN:346,(anonymous_22)
FN:354,(anonymous_23)
FN:358,(anonymous_24)
FN:365,(anonymous_25)
FN:369,(anonymous_26)
FN:370,(anonymous_27)
FN:378,(anonymous_28)
FN:386,(anonymous_29)
FN:399,(anonymous_30)
FN:406,(anonymous_31)
FNF:30
FNH:0
FNDA:0,(anonymous_2)
FNDA:0,(anonymous_3)
FNDA:0,(anonymous_4)
FNDA:0,(anonymous_5)
FNDA:0,(anonymous_6)
FNDA:0,(anonymous_7)
FNDA:0,(anonymous_8)
FNDA:0,(anonymous_9)
FNDA:0,(anonymous_10)
FNDA:0,(anonymous_11)
FNDA:0,(anonymous_12)
FNDA:0,(anonymous_13)
FNDA:0,(anonymous_14)
FNDA:0,(anonymous_15)
FNDA:0,(anonymous_16)
FNDA:0,(anonymous_17)
FNDA:0,(anonymous_18)
FNDA:0,(anonymous_19)
FNDA:0,(anonymous_20)
FNDA:0,(anonymous_21)
FNDA:0,(anonymous_22)
FNDA:0,(anonymous_23)
FNDA:0,(anonymous_24)
FNDA:0,(anonymous_25)
FNDA:0,(anonymous_26)
FNDA:0,(anonymous_27)
FNDA:0,(anonymous_28)
FNDA:0,(anonymous_29)
FNDA:0,(anonymous_30)
FNDA:0,(anonymous_31)
DA:7,0
DA:8,0
DA:25,0
DA:26,0
DA:27,0
DA:36,0
DA:37,0
DA:45,0
DA:46,0
DA:47,0
DA:48,0
DA:54,0
DA:55,0
DA:58,0
DA:74,0
DA:77,0
DA:79,0
DA:80,0
DA:87,0
DA:88,0
DA:90,0
DA:91,0
DA:93,0
DA:96,0
DA:98,0
DA:106,0
DA:108,0
DA:115,0
DA:116,0
DA:117,0
DA:119,0
DA:121,0
DA:123,0
DA:124,0
DA:128,0
DA:137,0
DA:140,0
DA:141,0
DA:144,0
DA:145,0
DA:146,0
DA:147,0
DA:155,0
DA:171,0
DA:172,0
DA:174,0
DA:175,0
DA:176,0
DA:177,0
DA:181,0
DA:182,0
DA:183,0
DA:184,0
DA:186,0
DA:187,0
DA:189,0
DA:193,0
DA:194,0
DA:195,0
DA:200,0
DA:203,0
DA:210,0
DA:217,0
DA:218,0
DA:219,0
DA:220,0
DA:221,0
DA:223,0
DA:231,0
DA:232,0
DA:234,0
DA:235,0
DA:236,0
DA:239,0
DA:240,0
DA:241,0
DA:242,0
DA:251,0
DA:252,0
DA:254,0
DA:255,0
DA:259,0
DA:260,0
DA:261,0
DA:262,0
DA:265,0
DA:272,0
DA:274,0
DA:277,0
DA:287,0
DA:288,0
DA:296,0
DA:297,0
DA:299,0
DA:301,0
DA:303,0
DA:304,0
DA:306,0
DA:307,0
DA:309,0
DA:312,0
DA:313,0
DA:318,0
DA:319,0
DA:328,0
DA:329,0
DA:348,0
DA:355,0
DA:356,0
DA:358,0
DA:359,0
DA:366,0
DA:367,0
DA:369,0
DA:370,0
DA:372,0
DA:380,0
DA:387,0
DA:400,0
DA:407,0
LF:120
LH:0
BRDA:91,0,0,0
BRDA:123,1,0,0
BRDA:145,2,0,0
BRDA:175,3,0,0
BRDA:182,4,0,0
BRDA:186,5,0,0
BRDA:186,5,1,0
BRDA:219,6,0,0
BRDA:221,7,0,0
BRDA:221,7,1,0
BRDA:223,8,0,0
BRDA:223,8,1,0
BRDA:235,9,0,0
BRDA:239,10,0,0
BRDA:254,11,0,0
BRDA:259,12,0,0
BRDA:261,13,0,0
BRDA:288,14,0,0
BRDA:288,14,1,0
BRDA:304,15,0,0
BRDA:304,15,1,0
BRDA:306,16,0,0
BRDA:306,16,1,0
BRDA:356,17,0,0
BRDA:367,18,0,0
BRDA:372,19,0,0
BRDA:372,19,1,0
BRDA:400,20,0,0
BRDA:400,20,1,0
BRF:29
BRH:0
end_of_record
TN:
SF:src/coordination/adapters/extension-manager-adapter.ts
FN:7,(anonymous_0)
FNF:1
FNH:1
FNDA:3,(anonymous_0)
DA:4,3
DA:6,3
DA:8,3
LF:3
LH:3
BRF:0
BRH:0
end_of_record
TN:
SF:src/coordination/adapters/session-manager-adapter.ts
FN:7,(anonymous_0)
FNF:1
FNH:1
FNDA:3,(anonymous_0)
DA:4,3
DA:6,3
DA:8,3
LF:3
LH:3
BRF:0
BRH:0
end_of_record
TN:
SF:src/coordination/adapters/websocket-server-adapter.ts
FN:14,(anonymous_10)
FN:30,(anonymous_11)
FN:39,(anonymous_12)
FN:69,(anonymous_13)
FN:92,(anonymous_14)
FN:93,(anonymous_15)
FN:117,(anonymous_16)
FN:120,(anonymous_17)
FN:124,(anonymous_18)
FN:142,(anonymous_19)
FN:169,(anonymous_20)
FN:176,(anonymous_21)
FN:197,(anonymous_22)
FN:200,(anonymous_23)
FN:204,(anonymous_24)
FN:208,(anonymous_25)
FN:216,(anonymous_26)
FN:250,(anonymous_27)
FN:251,(anonymous_28)
FN:255,(anonymous_29)
FN:259,(anonymous_30)
FN:263,(anonymous_31)
FN:271,(anonymous_32)
FN:303,(anonymous_33)
FN:337,(anonymous_34)
FN:353,(anonymous_35)
FN:361,(anonymous_36)
FN:376,(anonymous_37)
FN:386,(anonymous_38)
FN:397,(anonymous_39)
FN:407,(anonymous_40)
FN:408,(anonymous_41)
FN:416,(anonymous_42)
FN:441,(anonymous_43)
FN:443,(anonymous_44)
FN:449,(anonymous_45)
FN:456,(anonymous_46)
FNF:37
FNH:0
FNDA:0,(anonymous_10)
FNDA:0,(anonymous_11)
FNDA:0,(anonymous_12)
FNDA:0,(anonymous_13)
FNDA:0,(anonymous_14)
FNDA:0,(anonymous_15)
FNDA:0,(anonymous_16)
FNDA:0,(anonymous_17)
FNDA:0,(anonymous_18)
FNDA:0,(anonymous_19)
FNDA:0,(anonymous_20)
FNDA:0,(anonymous_21)
FNDA:0,(anonymous_22)
FNDA:0,(anonymous_23)
FNDA:0,(anonymous_24)
FNDA:0,(anonymous_25)
FNDA:0,(anonymous_26)
FNDA:0,(anonymous_27)
FNDA:0,(anonymous_28)
FNDA:0,(anonymous_29)
FNDA:0,(anonymous_30)
FNDA:0,(anonymous_31)
FNDA:0,(anonymous_32)
FNDA:0,(anonymous_33)
FNDA:0,(anonymous_34)
FNDA:0,(anonymous_35)
FNDA:0,(anonymous_36)
FNDA:0,(anonymous_37)
FNDA:0,(anonymous_38)
FNDA:0,(anonymous_39)
FNDA:0,(anonymous_40)
FNDA:0,(anonymous_41)
FNDA:0,(anonymous_42)
FNDA:0,(anonymous_43)
FNDA:0,(anonymous_44)
FNDA:0,(anonymous_45)
FNDA:0,(anonymous_46)
DA:7,2
DA:8,2
DA:14,2
DA:15,0
DA:30,2
DA:32,0
DA:33,0
DA:40,0
DA:41,0
DA:42,0
DA:45,0
DA:47,0
DA:48,0
DA:53,0
DA:54,0
DA:56,0
DA:58,0
DA:61,0
DA:62,0
DA:70,0
DA:71,0
DA:72,0
DA:75,0
DA:77,0
DA:79,0
DA:80,0
DA:81,0
DA:85,0
DA:86,0
DA:87,0
DA:91,0
DA:92,0
DA:93,0
DA:94,0
DA:95,0
DA:97,0
DA:103,0
DA:104,0
DA:106,0
DA:109,0
DA:110,0
DA:118,0
DA:119,0
DA:120,0
DA:122,0
DA:124,0
DA:125,0
DA:126,0
DA:127,0
DA:128,0
DA:130,0
DA:132,0
DA:136,0
DA:143,0
DA:144,0
DA:145,0
DA:148,0
DA:149,0
DA:152,0
DA:153,0
DA:154,0
DA:155,0
DA:156,0
DA:158,0
DA:161,0
DA:162,0
DA:170,0
DA:177,0
DA:178,0
DA:179,0
DA:182,0
DA:198,0
DA:200,0
DA:201,0
DA:204,0
DA:205,0
DA:208,0
DA:209,0
DA:217,0
DA:218,0
DA:220,0
DA:223,0
DA:225,0
DA:238,0
DA:241,0
DA:244,0
DA:251,0
DA:252,0
DA:255,0
DA:256,0
DA:259,0
DA:260,0
DA:263,0
DA:264,0
DA:272,0
DA:273,0
DA:274,0
DA:275,0
DA:277,0
DA:280,0
DA:281,0
DA:282,0
DA:286,0
DA:287,0
DA:288,0
DA:292,0
DA:295,0
DA:296,0
DA:304,0
DA:306,0
DA:307,0
DA:308,0
DA:312,0
DA:315,0
DA:316,0
DA:319,0
DA:321,0
DA:324,0
DA:338,0
DA:341,0
DA:355,0
DA:362,0
DA:364,0
DA:367,0
DA:377,0
DA:387,0
DA:398,0
DA:399,0
DA:400,0
DA:408,0
DA:409,0
DA:417,0
DA:418,0
DA:420,0
DA:421,0
DA:423,0
DA:424,0
DA:426,0
DA:428,0
DA:431,0
DA:432,0
DA:442,0
DA:443,0
DA:450,0
DA:457,0
LF:145
LH:4
BRDA:40,0,0,0
BRDA:70,1,0,0
BRDA:79,2,0,0
BRDA:91,3,0,0
BRDA:94,4,0,0
BRDA:94,4,1,0
BRDA:144,5,0,0
BRDA:148,6,0,0
BRDA:158,7,0,0
BRDA:158,7,1,0
BRDA:178,8,0,0
BRDA:198,9,0,0
BRDA:217,10,0,0
BRDA:217,10,1,0
BRDA:218,11,0,0
BRDA:218,11,1,0
BRDA:277,12,0,0
BRDA:277,12,1,0
BRDA:280,13,0,0
BRDA:280,14,0,0
BRDA:280,14,1,0
BRDA:286,15,0,0
BRDA:306,16,0,0
BRDA:398,17,0,0
BRDA:423,18,0,0
BRDA:426,19,0,0
BRDA:426,19,1,0
BRDA:450,20,0,0
BRDA:450,20,1,0
BRF:29
BRH:0
end_of_record
TN:
SF:src/coordination/services/ai-tool-websocket-bridge.ts
FN:17,(anonymous_0)
FN:27,(anonymous_1)
FN:40,(anonymous_2)
FN:69,(anonymous_3)
FN:97,(anonymous_4)
FN:130,(anonymous_5)
FN:156,(anonymous_6)
FN:184,(anonymous_7)
FN:216,(anonymous_8)
FNF:9
FNH:0
FNDA:0,(anonymous_0)
FNDA:0,(anonymous_1)
FNDA:0,(anonymous_2)
FNDA:0,(anonymous_3)
FNDA:0,(anonymous_4)
FNDA:0,(anonymous_5)
FNDA:0,(anonymous_6)
FNDA:0,(anonymous_7)
FNDA:0,(anonymous_8)
DA:5,0
DA:7,0
DA:16,0
DA:18,0
DA:20,0
DA:21,0
DA:29,0
DA:30,0
DA:31,0
DA:32,0
DA:33,0
DA:34,0
DA:41,0
DA:54,0
DA:55,0
DA:56,0
DA:58,0
DA:59,0
DA:62,0
DA:70,0
DA:82,0
DA:83,0
DA:84,0
DA:86,0
DA:87,0
DA:90,0
DA:98,0
DA:115,0
DA:116,0
DA:117,0
DA:119,0
DA:120,0
DA:123,0
DA:131,0
DA:142,0
DA:143,0
DA:144,0
DA:146,0
DA:149,0
DA:157,0
DA:170,0
DA:171,0
DA:172,0
DA:174,0
DA:177,0
DA:185,0
DA:202,0
DA:203,0
DA:204,0
DA:206,0
DA:209,0
DA:217,0
LF:52
LH:0
BRDA:54,0,0,0
BRDA:54,0,1,0
BRDA:82,1,0,0
BRDA:82,1,1,0
BRDA:115,2,0,0
BRDA:115,2,1,0
BRDA:142,3,0,0
BRDA:142,3,1,0
BRDA:170,4,0,0
BRDA:170,4,1,0
BRDA:202,5,0,0
BRDA:202,5,1,0
BRF:12
BRH:0
end_of_record
TN:
SF:src/core/events/auth-events.ts
FN:13,(anonymous_0)
FN:37,(anonymous_1)
FN:55,(anonymous_2)
FN:70,(anonymous_3)
FN:86,(anonymous_4)
FN:107,(anonymous_5)
FN:122,(anonymous_6)
FN:140,(anonymous_7)
FN:159,(anonymous_8)
FN:176,(anonymous_9)
FNF:10
FNH:10
FNDA:20,(anonymous_0)
FNDA:5,(anonymous_1)
FNDA:3,(anonymous_2)
FNDA:1,(anonymous_3)
FNDA:1,(anonymous_4)
FNDA:1,(anonymous_5)
FNDA:2,(anonymous_6)
FNDA:1,(anonymous_7)
FNDA:1,(anonymous_8)
FNDA:1,(anonymous_9)
DA:7,3
DA:12,3
DA:14,20
DA:22,20
DA:23,20
DA:29,20
DA:36,3
DA:38,5
DA:39,5
DA:40,5
DA:41,5
DA:47,5
DA:54,3
DA:56,3
DA:57,3
DA:62,3
DA:69,3
DA:71,1
DA:72,1
DA:73,1
DA:78,1
DA:85,3
DA:87,1
DA:94,1
DA:99,1
DA:106,3
DA:108,1
DA:109,1
DA:114,1
DA:121,3
DA:123,2
DA:124,2
DA:125,2
DA:126,2
DA:127,2
DA:132,2
DA:139,3
DA:141,1
DA:142,1
DA:143,1
DA:144,1
DA:145,1
DA:146,1
DA:151,1
DA:158,3
DA:160,1
DA:161,1
DA:162,1
DA:163,1
DA:168,1
DA:175,3
DA:177,1
DA:178,1
DA:179,1
DA:180,1
DA:181,1
DA:187,1
LF:57
LH:57
BRF:0
BRH:0
end_of_record
TN:
SF:src/core/events/coordination-events.ts
FN:15,(anonymous_0)
FN:30,(anonymous_1)
FN:45,(anonymous_2)
FN:62,(anonymous_3)
FN:77,(anonymous_4)
FN:93,(anonymous_5)
FN:109,(anonymous_6)
FN:125,(anonymous_7)
FN:141,(anonymous_8)
FN:156,(anonymous_9)
FN:171,(anonymous_10)
FN:186,(anonymous_11)
FNF:12
FNH:12
FNDA:3,(anonymous_0)
FNDA:7,(anonymous_1)
FNDA:3,(anonymous_2)
FNDA:6,(anonymous_3)
FNDA:2,(anonymous_4)
FNDA:1,(anonymous_5)
FNDA:6,(anonymous_6)
FNDA:7,(anonymous_7)
FNDA:1,(anonymous_8)
FNDA:1,(anonymous_9)
FNDA:7,(anonymous_10)
FNDA:5,(anonymous_11)
DA:7,3
DA:12,3
DA:13,3
DA:16,3
DA:17,3
DA:18,3
DA:20,3
DA:27,3
DA:28,7
DA:31,7
DA:32,7
DA:33,7
DA:35,7
DA:42,3
DA:43,3
DA:46,3
DA:47,3
DA:48,3
DA:49,3
DA:50,3
DA:52,3
DA:59,3
DA:60,6
DA:63,6
DA:64,6
DA:65,6
DA:67,6
DA:74,3
DA:75,2
DA:78,2
DA:79,2
DA:80,2
DA:81,2
DA:83,2
DA:90,3
DA:91,1
DA:94,1
DA:95,1
DA:96,1
DA:97,1
DA:99,1
DA:106,3
DA:107,6
DA:110,6
DA:111,6
DA:112,6
DA:113,6
DA:115,6
DA:122,3
DA:123,7
DA:126,7
DA:127,7
DA:128,7
DA:129,7
DA:131,7
DA:138,3
DA:139,1
DA:142,1
DA:143,1
DA:144,1
DA:146,1
DA:153,3
DA:154,1
DA:157,1
DA:158,1
DA:159,1
DA:161,1
DA:168,3
DA:169,7
DA:172,7
DA:173,7
DA:174,7
DA:176,7
DA:183,3
DA:184,5
DA:187,5
DA:188,5
DA:190,5
LF:78
LH:78
BRF:0
BRH:0
end_of_record
TN:
SF:src/core/events/developer-portal-events.ts
FN:13,(anonymous_0)
FN:30,(anonymous_1)
FN:53,(anonymous_2)
FN:77,(anonymous_3)
FN:100,(anonymous_4)
FN:124,(anonymous_5)
FN:145,(anonymous_6)
FN:165,(anonymous_7)
FN:182,(anonymous_8)
FN:201,(anonymous_9)
FN:221,(anonymous_10)
FN:240,(anonymous_11)
FN:261,(anonymous_12)
FN:280,(anonymous_13)
FN:300,(anonymous_14)
FN:327,(anonymous_15)
FN:350,(anonymous_16)
FN:373,(anonymous_17)
FN:393,(anonymous_18)
FNF:19
FNH:19
FNDA:6,(anonymous_0)
FNDA:5,(anonymous_1)
FNDA:2,(anonymous_2)
FNDA:1,(anonymous_3)
FNDA:2,(anonymous_4)
FNDA:1,(anonymous_5)
FNDA:2,(anonymous_6)
FNDA:1,(anonymous_7)
FNDA:1,(anonymous_8)
FNDA:1,(anonymous_9)
FNDA:1,(anonymous_10)
FNDA:2,(anonymous_11)
FNDA:1,(anonymous_12)
FNDA:1,(anonymous_13)
FNDA:2,(anonymous_14)
FNDA:1,(anonymous_15)
FNDA:2,(anonymous_16)
FNDA:2,(anonymous_17)
FNDA:1,(anonymous_18)
DA:7,1
DA:12,1
DA:14,6
DA:15,6
DA:16,6
DA:22,6
DA:29,1
DA:31,5
DA:32,5
DA:33,5
DA:39,5
DA:45,5
DA:52,1
DA:54,2
DA:55,2
DA:56,2
DA:63,2
DA:69,2
DA:76,1
DA:78,1
DA:79,1
DA:80,1
DA:81,1
DA:86,1
DA:92,1
DA:99,1
DA:101,2
DA:102,2
DA:103,2
DA:104,2
DA:105,2
DA:111,2
DA:116,2
DA:123,1
DA:125,1
DA:126,1
DA:132,1
DA:137,1
DA:144,1
DA:146,2
DA:147,2
DA:148,2
DA:149,2
DA:150,2
DA:151,2
DA:157,2
DA:164,1
DA:166,1
DA:167,1
DA:168,1
DA:174,1
DA:181,1
DA:183,1
DA:184,1
DA:185,1
DA:186,1
DA:187,1
DA:193,1
DA:200,1
DA:202,1
DA:203,1
DA:204,1
DA:205,1
DA:206,1
DA:213,1
DA:220,1
DA:222,1
DA:223,1
DA:224,1
DA:225,1
DA:226,1
DA:227,1
DA:232,1
DA:239,1
DA:241,2
DA:242,2
DA:243,2
DA:244,2
DA:249,2
DA:253,2
DA:260,1
DA:262,1
DA:263,1
DA:264,1
DA:265,1
DA:266,1
DA:267,1
DA:268,1
DA:272,1
DA:279,1
DA:281,1
DA:282,1
DA:283,1
DA:284,1
DA:285,1
DA:286,1
DA:292,1
DA:299,1
DA:301,2
DA:302,2
DA:303,2
DA:304,2
DA:310,2
DA:315,2
DA:319,2
DA:326,1
DA:328,1
DA:329,1
DA:336,1
DA:337,1
DA:342,1
DA:349,1
DA:351,2
DA:352,2
DA:353,2
DA:354,2
DA:355,2
DA:360,2
DA:365,2
DA:372,1
DA:374,2
DA:375,2
DA:376,2
DA:377,2
DA:378,2
DA:379,2
DA:380,2
DA:385,2
DA:392,1
DA:394,1
DA:395,1
DA:396,1
DA:401,1
LF:133
LH:133
BRF:0
BRH:0
end_of_record
TN:
SF:src/core/events/integration-testing-events.ts
FN:13,(anonymous_0)
FN:51,(anonymous_1)
FN:78,(anonymous_2)
FN:102,(anonymous_3)
FN:122,(anonymous_4)
FN:150,(anonymous_5)
FN:168,(anonymous_6)
FN:193,(anonymous_7)
FN:217,(anonymous_8)
FN:242,(anonymous_9)
FN:270,(anonymous_10)
FN:295,(anonymous_11)
FN:319,(anonymous_12)
FN:342,(anonymous_13)
FN:365,(anonymous_14)
FN:389,(anonymous_15)
FN:413,(anonymous_16)
FN:435,(anonymous_17)
FN:458,(anonymous_18)
FN:483,(anonymous_19)
FN:506,(anonymous_20)
FN:545,(anonymous_21)
FNF:22
FNH:0
FNDA:0,(anonymous_0)
FNDA:0,(anonymous_1)
FNDA:0,(anonymous_2)
FNDA:0,(anonymous_3)
FNDA:0,(anonymous_4)
FNDA:0,(anonymous_5)
FNDA:0,(anonymous_6)
FNDA:0,(anonymous_7)
FNDA:0,(anonymous_8)
FNDA:0,(anonymous_9)
FNDA:0,(anonymous_10)
FNDA:0,(anonymous_11)
FNDA:0,(anonymous_12)
FNDA:0,(anonymous_13)
FNDA:0,(anonymous_14)
FNDA:0,(anonymous_15)
FNDA:0,(anonymous_16)
FNDA:0,(anonymous_17)
FNDA:0,(anonymous_18)
FNDA:0,(anonymous_19)
FNDA:0,(anonymous_20)
FNDA:0,(anonymous_21)
DA:7,0
DA:12,0
DA:14,0
DA:15,0
DA:24,0
DA:37,0
DA:43,0
DA:50,0
DA:52,0
DA:63,0
DA:64,0
DA:70,0
DA:77,0
DA:79,0
DA:87,0
DA:88,0
DA:94,0
DA:101,0
DA:103,0
DA:104,0
DA:105,0
DA:106,0
DA:107,0
DA:114,0
DA:121,0
DA:123,0
DA:124,0
DA:125,0
DA:135,0
DA:142,0
DA:149,0
DA:151,0
DA:152,0
DA:153,0
DA:154,0
DA:155,0
DA:160,0
DA:167,0
DA:169,0
DA:170,0
DA:171,0
DA:180,0
DA:185,0
DA:192,0
DA:194,0
DA:195,0
DA:196,0
DA:197,0
DA:204,0
DA:209,0
DA:216,0
DA:218,0
DA:219,0
DA:229,0
DA:234,0
DA:241,0
DA:243,0
DA:244,0
DA:257,0
DA:262,0
DA:269,0
DA:271,0
DA:272,0
DA:282,0
DA:287,0
DA:294,0
DA:296,0
DA:297,0
DA:306,0
DA:311,0
DA:318,0
DA:320,0
DA:321,0
DA:329,0
DA:334,0
DA:341,0
DA:343,0
DA:344,0
DA:352,0
DA:357,0
DA:364,0
DA:366,0
DA:367,0
DA:368,0
DA:376,0
DA:381,0
DA:388,0
DA:390,0
DA:391,0
DA:392,0
DA:400,0
DA:405,0
DA:412,0
DA:414,0
DA:415,0
DA:416,0
DA:422,0
DA:427,0
DA:434,0
DA:436,0
DA:437,0
DA:438,0
DA:445,0
DA:450,0
DA:457,0
DA:459,0
DA:460,0
DA:470,0
DA:475,0
DA:482,0
DA:484,0
DA:485,0
DA:493,0
DA:498,0
DA:505,0
DA:507,0
DA:508,0
DA:532,0
DA:537,0
DA:544,0
DA:546,0
DA:547,0
DA:568,0
DA:576,0
LF:124
LH:0
BRF:0
BRH:0
end_of_record
TN:
SF:src/core/events/rate-limiting-events.ts
FN:13,(anonymous_0)
FN:32,(anonymous_1)
FN:55,(anonymous_2)
FN:77,(anonymous_3)
FN:103,(anonymous_4)
FN:123,(anonymous_5)
FN:144,(anonymous_6)
FN:165,(anonymous_7)
FN:184,(anonymous_8)
FN:204,(anonymous_9)
FN:232,(anonymous_10)
FNF:11
FNH:11
FNDA:1,(anonymous_0)
FNDA:1,(anonymous_1)
FNDA:6,(anonymous_2)
FNDA:1,(anonymous_3)
FNDA:2,(anonymous_4)
FNDA:5,(anonymous_5)
FNDA:1,(anonymous_6)
FNDA:11,(anonymous_7)
FNDA:4,(anonymous_8)
FNDA:1,(anonymous_9)
FNDA:5,(anonymous_10)
DA:7,1
DA:12,1
DA:14,1
DA:15,1
DA:16,1
DA:17,1
DA:24,1
DA:31,1
DA:33,1
DA:34,1
DA:35,1
DA:36,1
DA:37,1
DA:38,1
DA:39,1
DA:47,1
DA:54,1
DA:56,6
DA:57,6
DA:58,6
DA:64,6
DA:69,6
DA:76,1
DA:78,1
DA:79,1
DA:80,1
DA:81,1
DA:82,1
DA:88,1
DA:95,1
DA:102,1
DA:104,2
DA:105,2
DA:110,2
DA:115,2
DA:122,1
DA:124,5
DA:125,5
DA:131,5
DA:136,5
DA:143,1
DA:145,1
DA:146,1
DA:147,1
DA:148,1
DA:149,1
DA:150,1
DA:151,1
DA:157,1
DA:164,1
DA:166,11
DA:167,11
DA:168,11
DA:169,11
DA:170,11
DA:171,11
DA:176,11
DA:183,1
DA:185,4
DA:186,4
DA:187,4
DA:188,4
DA:189,4
DA:190,4
DA:191,4
DA:196,4
DA:203,1
DA:205,1
DA:206,1
DA:216,1
DA:224,1
DA:231,1
DA:233,5
DA:234,5
DA:235,5
DA:240,5
LF:76
LH:76
BRF:0
BRH:0
end_of_record
TN:
SF:src/core/events/server-events.ts
FN:15,(anonymous_0)
FN:29,(anonymous_1)
FN:43,(anonymous_2)
FN:57,(anonymous_3)
FN:71,(anonymous_4)
FN:86,(anonymous_5)
FN:101,(anonymous_6)
FN:116,(anonymous_7)
FN:131,(anonymous_8)
FN:147,(anonymous_9)
FNF:10
FNH:4
FNDA:14,(anonymous_0)
FNDA:7,(anonymous_1)
FNDA:12,(anonymous_2)
FNDA:2,(anonymous_3)
FNDA:0,(anonymous_4)
FNDA:0,(anonymous_5)
FNDA:0,(anonymous_6)
FNDA:0,(anonymous_7)
FNDA:0,(anonymous_8)
FNDA:0,(anonymous_9)
DA:7,2
DA:12,2
DA:13,14
DA:16,14
DA:17,14
DA:19,14
DA:26,2
DA:27,7
DA:30,7
DA:31,7
DA:33,7
DA:40,2
DA:41,12
DA:44,12
DA:45,12
DA:47,12
DA:54,2
DA:55,2
DA:58,2
DA:59,2
DA:61,2
DA:68,2
DA:69,0
DA:72,0
DA:73,0
DA:74,0
DA:76,0
DA:83,2
DA:84,0
DA:87,0
DA:88,0
DA:89,0
DA:91,0
DA:98,2
DA:99,0
DA:102,0
DA:103,0
DA:104,0
DA:106,0
DA:113,2
DA:114,0
DA:117,0
DA:118,0
DA:119,0
DA:121,0
DA:128,2
DA:129,0
DA:132,0
DA:133,0
DA:134,0
DA:135,0
DA:137,0
DA:144,2
DA:145,0
DA:148,0
DA:149,0
DA:150,0
DA:151,0
DA:153,0
LF:59
LH:27
BRDA:31,0,0,7
BRDA:45,1,0,12
BRDA:59,2,0,2
BRDA:104,3,0,0
BRDA:151,4,0,0
BRF:5
BRH:3
end_of_record
TN:
SF:src/developer-portal/adapters/openapi-documentation-generator.ts
FN:19,(anonymous_0)
FN:30,(anonymous_1)
FN:89,(anonymous_2)
FN:122,(anonymous_3)
FN:151,(anonymous_4)
FN:154,(anonymous_5)
FN:179,(anonymous_6)
FN:206,(anonymous_7)
FN:255,(anonymous_8)
FN:287,(anonymous_9)
FN:308,(anonymous_10)
FN:326,(anonymous_11)
FN:349,(anonymous_12)
FN:351,(anonymous_13)
FN:385,(anonymous_14)
FN:389,(anonymous_15)
FN:407,(anonymous_16)
FN:408,(anonymous_17)
FN:431,(anonymous_18)
FN:445,(anonymous_19)
FN:449,(anonymous_20)
FN:474,(anonymous_21)
FN:500,(anonymous_22)
FN:515,(anonymous_23)
FN:522,(anonymous_24)
FN:526,(anonymous_25)
FN:529,(anonymous_26)
FN:535,(anonymous_27)
FN:536,(anonymous_28)
FN:560,(anonymous_29)
FN:584,(anonymous_30)
FNF:31
FNH:31
FNDA:25,(anonymous_0)
FNDA:13,(anonymous_1)
FNDA:4,(anonymous_2)
FNDA:3,(anonymous_3)
FNDA:3,(anonymous_4)
FNDA:4,(anonymous_5)
FNDA:13,(anonymous_6)
FNDA:13,(anonymous_7)
FNDA:13,(anonymous_8)
FNDA:4,(anonymous_9)
FNDA:4,(anonymous_10)
FNDA:4,(anonymous_11)
FNDA:23,(anonymous_12)
FNDA:31,(anonymous_13)
FNDA:23,(anonymous_14)
FNDA:23,(anonymous_15)
FNDA:23,(anonymous_16)
FNDA:31,(anonymous_17)
FNDA:16,(anonymous_18)
FNDA:16,(anonymous_19)
FNDA:13,(anonymous_20)
FNDA:13,(anonymous_21)
FNDA:13,(anonymous_22)
FNDA:13,(anonymous_23)
FNDA:13,(anonymous_24)
FNDA:16,(anonymous_25)
FNDA:16,(anonymous_26)
FNDA:4,(anonymous_27)
FNDA:6,(anonymous_28)
FNDA:3,(anonymous_29)
FNDA:5,(anonymous_30)
DA:7,1
DA:13,1
DA:20,25
DA:21,25
DA:22,25
DA:23,25
DA:24,25
DA:31,13
DA:33,13
DA:71,13
DA:90,4
DA:92,4
DA:104,4
DA:123,3
DA:125,3
DA:133,3
DA:152,3
DA:154,4
DA:161,3
DA:180,13
DA:182,13
DA:183,16
DA:184,16
DA:187,16
DA:200,13
DA:207,13
DA:210,13
DA:219,13
DA:229,13
DA:230,16
DA:231,0
DA:232,0
DA:233,0
DA:238,16
DA:239,16
DA:240,16
DA:241,16
DA:242,16
DA:249,13
DA:256,13
DA:288,4
DA:309,4
DA:327,4
DA:330,4
DA:333,4
DA:334,4
DA:337,4
DA:338,0
DA:341,4
DA:343,4
DA:351,31
DA:386,23
DA:390,23
DA:408,31
DA:432,16
DA:434,16
DA:435,16
DA:442,16
DA:450,13
DA:475,13
DA:501,13
DA:503,13
DA:504,16
DA:512,13
DA:516,13
DA:523,13
DA:525,13
DA:526,16
DA:529,16
DA:536,6
DA:561,3
DA:564,3
DA:572,3
DA:584,3
DA:585,5
DA:605,3
LF:76
LH:72
BRDA:21,0,0,25
BRDA:21,0,1,1
BRDA:22,1,0,25
BRDA:22,1,1,1
BRDA:23,2,0,25
BRDA:23,2,1,1
BRDA:24,3,0,25
BRDA:24,3,1,1
BRDA:183,4,0,16
BRDA:230,5,0,0
BRDA:232,6,0,0
BRDA:239,7,0,16
BRDA:241,8,0,16
BRDA:337,9,0,0
BRDA:337,10,0,4
BRDA:337,10,1,0
BRDA:358,11,0,31
BRDA:358,11,1,0
BRDA:418,12,0,0
BRDA:418,12,1,31
BRDA:427,13,0,31
BRDA:427,13,1,0
BRDA:551,14,0,0
BRDA:551,14,1,6
BRDA:597,15,0,0
BRDA:597,15,1,5
BRF:26
BRH:17
end_of_record
TN:
SF:src/health/infrastructure/http/health.routes.ts
FN:29,(anonymous_0)
FN:50,(anonymous_1)
FN:157,(anonymous_2)
FN:169,(anonymous_3)
FN:202,(anonymous_4)
FNF:5
FNH:4
FNDA:2,(anonymous_0)
FNDA:9,(anonymous_1)
FNDA:2,(anonymous_2)
FNDA:2,(anonymous_3)
FNDA:0,(anonymous_4)
DA:5,2
DA:6,2
DA:7,2
DA:9,2
DA:29,1
DA:30,2
DA:43,2
DA:50,1
DA:51,9
DA:52,9
DA:53,9
DA:56,9
DA:67,6
DA:68,6
DA:69,6
DA:70,2
DA:73,2
DA:76,2
DA:77,2
DA:79,2
DA:89,4
DA:94,4
DA:98,6
DA:99,6
DA:100,6
DA:101,3
DA:103,3
DA:113,3
DA:118,3
DA:122,6
DA:123,6
DA:126,6
DA:129,6
DA:130,6
DA:132,6
DA:138,6
DA:147,6
DA:150,6
DA:157,1
DA:159,2
DA:169,1
DA:170,2
DA:172,2
DA:175,1
DA:177,1
DA:178,1
DA:183,0
DA:190,1
DA:202,1
DA:205,0
LF:50
LH:48
BRDA:73,0,0,0
BRDA:73,0,1,2
BRDA:74,1,0,0
BRDA:74,1,1,2
BRDA:76,2,0,0
BRDA:77,3,0,0
BRDA:92,4,0,4
BRDA:92,4,1,0
BRDA:116,5,0,3
BRDA:116,5,1,0
BRDA:126,6,0,0
BRDA:126,6,1,6
BRDA:127,7,0,6
BRDA:127,7,1,0
BRDA:129,8,0,2
BRDA:129,9,0,6
BRDA:129,9,1,6
BRDA:130,10,0,0
BRDA:147,11,0,0
BRDA:147,11,1,6
BRDA:148,12,0,2
BRDA:148,12,1,4
BRDA:177,13,0,1
BRDA:177,13,1,0
BRF:24
BRH:13
end_of_record
TN:
SF:src/items/application/services/item.service.ts
FN:34,(anonymous_0)
FN:39,(anonymous_1)
FN:65,(anonymous_2)
FN:72,(anonymous_3)
FN:79,(anonymous_4)
FN:115,(anonymous_5)
FN:150,(anonymous_6)
FN:181,(anonymous_7)
FN:202,(anonymous_8)
FN:213,(anonymous_9)
FN:223,(anonymous_10)
FNF:11
FNH:11
FNDA:36,(anonymous_0)
FNDA:2,(anonymous_1)
FNDA:2,(anonymous_2)
FNDA:2,(anonymous_3)
FNDA:3,(anonymous_4)
FNDA:2,(anonymous_5)
FNDA:2,(anonymous_6)
FNDA:16,(anonymous_7)
FNDA:3,(anonymous_8)
FNDA:2,(anonymous_9)
FNDA:2,(anonymous_10)
DA:6,5
DA:33,5
DA:34,36
DA:40,2
DA:48,2
DA:51,2
DA:52,2
DA:53,2
DA:59,2
DA:66,2
DA:73,2
DA:80,3
DA:81,3
DA:82,1
DA:86,2
DA:87,2
DA:90,2
DA:93,2
DA:96,2
DA:99,2
DA:100,2
DA:101,2
DA:103,2
DA:104,2
DA:105,2
DA:109,2
DA:120,2
DA:121,2
DA:122,1
DA:126,1
DA:129,1
DA:132,1
DA:135,1
DA:138,1
DA:139,1
DA:140,1
DA:141,1
DA:144,1
DA:151,2
DA:152,2
DA:153,1
DA:157,1
DA:160,1
DA:163,1
DA:166,1
DA:169,1
DA:170,1
DA:171,1
DA:172,1
DA:175,1
DA:182,16
DA:183,16
DA:184,2
DA:187,14
DA:189,14
DA:207,3
DA:217,2
DA:224,2
LF:58
LH:58
BRDA:52,0,0,2
BRDA:81,1,0,1
BRDA:101,2,0,2
BRDA:121,3,0,1
BRDA:140,4,0,1
BRDA:152,5,0,1
BRDA:171,6,0,1
BRDA:171,7,0,1
BRDA:171,7,1,1
BRDA:183,8,0,2
BRDA:194,9,0,13
BRDA:194,9,1,1
BRDA:195,10,0,13
BRDA:195,10,1,1
BRF:14
BRH:14
end_of_record
TN:
SF:src/items/domain/entities/item.entity.ts
FN:45,(anonymous_0)
FN:66,(anonymous_1)
FN:71,(anonymous_2)
FN:103,(anonymous_3)
FN:132,(anonymous_4)
FN:149,(anonymous_5)
FN:156,(anonymous_6)
FN:168,(anonymous_7)
FN:185,(anonymous_8)
FNF:9
FNH:9
FNDA:49,(anonymous_0)
FNDA:40,(anonymous_1)
FNDA:46,(anonymous_2)
FNDA:24,(anonymous_3)
FNDA:6,(anonymous_4)
FNDA:60,(anonymous_5)
FNDA:118,(anonymous_6)
FNDA:240,(anonymous_7)
FNDA:7,(anonymous_8)
DA:6,31
DA:32,31
DA:43,49
DA:46,49
DA:47,49
DA:48,49
DA:49,49
DA:50,49
DA:51,49
DA:52,49
DA:53,49
DA:54,49
DA:57,49
DA:67,40
DA:68,40
DA:71,40
DA:72,46
DA:73,45
DA:81,40
DA:82,40
DA:83,40
DA:84,40
DA:85,40
DA:87,40
DA:88,40
DA:91,40
DA:104,24
DA:106,24
DA:107,1
DA:110,23
DA:111,23
DA:112,23
DA:113,23
DA:115,23
DA:133,6
DA:134,6
DA:135,6
DA:136,6
DA:138,6
DA:150,60
DA:157,118
DA:169,240
DA:186,7
DA:187,7
DA:188,7
DA:189,7
DA:190,7
DA:191,7
DA:192,7
DA:193,7
DA:194,7
DA:195,7
DA:196,7
DA:197,7
LF:54
LH:54
BRDA:46,0,0,49
BRDA:46,0,1,47
BRDA:49,1,0,49
BRDA:49,1,1,29
BRDA:50,2,0,49
BRDA:50,2,1,24
BRDA:51,3,0,49
BRDA:51,3,1,36
BRDA:52,4,0,49
BRDA:52,4,1,47
BRDA:53,5,0,49
BRDA:53,5,1,47
BRDA:54,6,0,49
BRDA:54,6,1,47
BRDA:72,7,0,45
BRDA:81,8,0,18
BRDA:82,9,0,19
BRDA:83,10,0,3
BRDA:84,11,0,3
BRDA:85,12,0,2
BRDA:106,13,0,1
BRDA:191,14,0,7
BRDA:191,14,1,1
BRDA:192,15,0,7
BRDA:192,15,1,1
BRDA:196,16,0,7
BRDA:196,16,1,2
BRF:27
BRH:27
end_of_record
TN:
SF:src/items/infrastructure/http/item.routes.ts
FN:22,(anonymous_0)
FN:39,(anonymous_1)
FN:65,(anonymous_2)
FN:97,(anonymous_3)
FN:132,(anonymous_4)
FN:168,(anonymous_5)
FN:197,(anonymous_6)
FN:257,(anonymous_7)
FN:284,seedTestData
FNF:9
FNH:8
FNDA:3,(anonymous_0)
FNDA:3,(anonymous_1)
FNDA:5,(anonymous_2)
FNDA:2,(anonymous_3)
FNDA:4,(anonymous_4)
FNDA:2,(anonymous_5)
FNDA:4,(anonymous_6)
FNDA:2,(anonymous_7)
FNDA:0,seedTestData
DA:6,28
DA:7,28
DA:8,28
DA:9,28
DA:12,28
DA:13,28
DA:16,28
DA:22,27
DA:23,3
DA:24,3
DA:25,1
DA:31,2
DA:39,27
DA:40,3
DA:41,3
DA:42,3
DA:44,2
DA:45,1
DA:52,1
DA:57,1
DA:65,27
DA:66,5
DA:67,5
DA:68,5
DA:70,5
DA:71,1
DA:77,4
DA:84,3
DA:89,1
DA:97,27
DA:98,2
DA:99,2
DA:100,2
DA:101,2
DA:103,2
DA:111,2
DA:112,1
DA:119,1
DA:124,0
DA:132,27
DA:133,4
DA:134,4
DA:135,4
DA:136,4
DA:138,4
DA:139,2
DA:145,2
DA:147,2
DA:148,1
DA:155,1
DA:160,0
DA:168,27
DA:169,2
DA:170,2
DA:171,2
DA:173,2
DA:175,2
DA:176,1
DA:183,1
DA:189,0
DA:197,27
DA:198,4
DA:199,4
DA:200,4
DA:203,4
DA:205,4
DA:206,1
DA:214,3
DA:217,3
DA:218,1
DA:219,1
DA:221,1
DA:229,3
DA:230,1
DA:236,3
DA:249,0
DA:257,27
DA:258,2
DA:259,2
DA:261,2
DA:262,1
DA:268,1
DA:270,1
DA:277,0
DA:284,28
DA:285,0
DA:298,0
DA:299,0
DA:302,0
DA:303,0
DA:304,0
DA:308,0
DA:309,0
DA:311,0
DA:312,0
DA:313,0
DA:317,0
LF:97
LH:80
BRDA:44,0,0,1
BRDA:70,1,0,1
BRDA:111,2,0,1
BRDA:138,3,0,2
BRDA:138,4,0,4
BRDA:138,4,1,3
BRDA:147,5,0,1
BRDA:175,6,0,1
BRDA:205,7,0,1
BRDA:217,8,0,1
BRDA:217,9,0,3
BRDA:217,9,1,2
BRDA:218,10,0,1
BRDA:218,10,1,0
BRDA:219,11,0,1
BRDA:219,11,1,0
BRDA:229,12,0,1
BRDA:229,13,0,3
BRDA:229,13,1,1
BRDA:242,14,0,3
BRDA:242,14,1,2
BRDA:243,15,0,3
BRDA:243,15,1,2
BRDA:244,16,0,3
BRDA:244,16,1,2
BRDA:261,17,0,1
BRDA:312,18,0,0
BRF:27
BRH:24
end_of_record
TN:
SF:src/items/infrastructure/repositories/in-memory-item.repository.ts
FN:9,(anonymous_0)
FN:16,(anonymous_1)
FN:24,(anonymous_2)
FN:31,(anonymous_3)
FN:32,(anonymous_4)
FN:38,(anonymous_5)
FN:52,(anonymous_6)
FN:74,(anonymous_7)
FN:95,(anonymous_8)
FN:97,(anonymous_9)
FN:103,(anonymous_10)
FN:113,(anonymous_11)
FN:127,(anonymous_12)
FN:134,(anonymous_13)
FN:143,(anonymous_14)
FN:148,(anonymous_15)
FN:154,(anonymous_16)
FN:162,(anonymous_17)
FNF:18
FNH:12
FNDA:16,(anonymous_0)
FNDA:14,(anonymous_1)
FNDA:0,(anonymous_2)
FNDA:0,(anonymous_3)
FNDA:0,(anonymous_4)
FNDA:14,(anonymous_5)
FNDA:27,(anonymous_6)
FNDA:0,(anonymous_7)
FNDA:15,(anonymous_8)
FNDA:33,(anonymous_9)
FNDA:41,(anonymous_10)
FNDA:0,(anonymous_11)
FNDA:2,(anonymous_12)
FNDA:6,(anonymous_13)
FNDA:1,(anonymous_14)
FNDA:3,(anonymous_15)
FNDA:13,(anonymous_16)
FNDA:0,(anonymous_17)
DA:9,5
DA:10,16
DA:11,16
DA:17,14
DA:18,14
DA:25,0
DA:32,0
DA:39,14
DA:42,14
DA:43,14
DA:46,14
DA:53,27
DA:54,27
DA:55,0
DA:58,27
DA:67,27
DA:68,27
DA:75,0
DA:76,0
DA:77,0
DA:81,0
DA:88,0
DA:89,0
DA:96,15
DA:97,33
DA:104,41
DA:105,41
DA:106,41
DA:107,41
DA:114,0
DA:116,0
DA:117,0
DA:118,0
DA:121,0
DA:132,2
DA:134,2
DA:135,6
DA:136,6
DA:147,1
DA:148,3
DA:155,13
DA:156,13
DA:163,0
DA:164,0
DA:167,0
DA:168,0
DA:169,0
DA:170,0
LF:48
LH:28
BRDA:18,0,0,14
BRDA:18,0,1,1
BRDA:42,1,0,14
BRDA:54,2,0,0
BRDA:76,3,0,0
BRDA:96,4,0,15
BRDA:96,4,1,0
BRDA:104,5,0,41
BRDA:104,5,1,0
BRDA:136,6,0,6
BRDA:136,6,1,3
BRDA:167,7,0,0
BRF:12
BRH:7
end_of_record
TN:
SF:src/messages/infrastructure/http/message.routes.ts
FN:20,(anonymous_0)
FN:68,(anonymous_1)
FN:88,(anonymous_2)
FN:115,(anonymous_3)
FN:120,(anonymous_4)
FN:140,(anonymous_5)
FN:145,(anonymous_6)
FN:165,(anonymous_7)
FN:193,captureMessage
FNF:9
FNH:5
FNDA:3,(anonymous_0)
FNDA:3,(anonymous_1)
FNDA:5,(anonymous_2)
FNDA:0,(anonymous_3)
FNDA:0,(anonymous_4)
FNDA:0,(anonymous_5)
FNDA:0,(anonymous_6)
FNDA:3,(anonymous_7)
FNDA:1,captureMessage
DA:6,16
DA:7,16
DA:11,16
DA:14,16
DA:20,15
DA:21,3
DA:30,3
DA:32,3
DA:42,2
DA:50,2
DA:60,1
DA:68,15
DA:69,3
DA:70,3
DA:72,3
DA:74,2
DA:80,1
DA:88,15
DA:89,5
DA:90,5
DA:92,5
DA:94,2
DA:95,1
DA:102,1
DA:107,3
DA:115,15
DA:116,0
DA:117,0
DA:119,0
DA:120,0
DA:121,0
DA:122,0
DA:126,0
DA:132,0
DA:140,15
DA:141,0
DA:142,0
DA:144,0
DA:145,0
DA:146,0
DA:147,0
DA:151,0
DA:157,0
DA:165,15
DA:166,3
DA:167,3
DA:169,3
DA:170,1
DA:176,2
DA:177,2
DA:179,1
DA:185,1
DA:193,16
DA:194,1
DA:202,16
LF:55
LH:39
BRDA:28,0,0,2
BRDA:29,1,0,2
BRDA:33,2,0,1
BRDA:33,2,1,2
BRDA:34,3,0,1
BRDA:34,3,1,2
BRDA:43,4,0,1
BRDA:43,4,1,1
BRDA:44,5,0,1
BRDA:44,5,1,1
BRDA:70,6,0,2
BRDA:94,7,0,1
BRDA:121,8,0,0
BRDA:146,9,0,0
BRDA:169,10,0,1
BRF:15
BRH:13
end_of_record
TN:
SF:src/messages/infrastructure/repositories/in-memory-message.repository.ts
FN:9,(anonymous_0)
FN:14,(anonymous_1)
FN:35,(anonymous_2)
FN:40,(anonymous_3)
FN:43,(anonymous_4)
FN:48,(anonymous_5)
FN:53,(anonymous_6)
FN:58,(anonymous_7)
FN:62,(anonymous_8)
FN:71,(anonymous_9)
FN:75,(anonymous_10)
FN:82,(anonymous_11)
FN:85,(anonymous_12)
FN:89,(anonymous_13)
FN:95,(anonymous_14)
FN:107,(anonymous_15)
FN:115,(anonymous_16)
FNF:17
FNH:17
FNDA:29,(anonymous_0)
FNDA:235,(anonymous_1)
FNDA:12,(anonymous_2)
FNDA:7,(anonymous_3)
FNDA:5,(anonymous_4)
FNDA:21,(anonymous_5)
FNDA:8,(anonymous_6)
FNDA:4,(anonymous_7)
FNDA:539,(anonymous_8)
FNDA:7,(anonymous_9)
FNDA:8,(anonymous_10)
FNDA:3,(anonymous_11)
FNDA:12,(anonymous_12)
FNDA:6,(anonymous_13)
FNDA:7,(anonymous_14)
FNDA:1,(anonymous_15)
FNDA:2,(anonymous_16)
DA:6,2
DA:9,2
DA:10,29
DA:11,29
DA:12,29
DA:15,235
DA:21,235
DA:22,235
DA:25,235
DA:26,3
DA:27,3
DA:28,3
DA:32,235
DA:36,12
DA:39,12
DA:40,7
DA:42,12
DA:43,5
DA:47,12
DA:48,21
DA:52,12
DA:53,8
DA:57,12
DA:58,4
DA:62,539
DA:65,12
DA:66,12
DA:68,12
DA:72,7
DA:76,8
DA:77,8
DA:83,3
DA:85,12
DA:88,3
DA:89,6
DA:90,3
DA:92,3
DA:96,7
DA:97,3
DA:100,4
DA:101,4
DA:108,1
DA:109,1
DA:116,2
LF:44
LH:44
BRDA:17,0,0,235
BRDA:17,0,1,1
BRDA:18,1,0,235
BRDA:18,1,1,1
BRDA:25,2,0,3
BRDA:27,3,0,3
BRDA:39,4,0,2
BRDA:42,5,0,2
BRDA:47,6,0,6
BRDA:52,7,0,3
BRDA:57,8,0,1
BRDA:65,9,0,12
BRDA:65,9,1,11
BRDA:66,10,0,12
BRDA:66,10,1,7
BRDA:72,11,0,7
BRDA:72,11,1,6
BRDA:96,12,0,3
BRF:18
BRH:18
end_of_record
TN:
SF:src/monitoring/index.ts
FN:341,(anonymous_0)
FN:346,(anonymous_1)
FN:342,(anonymous_2)
FN:343,(anonymous_3)
FN:347,(anonymous_4)
FN:344,(anonymous_5)
FN:348,(anonymous_6)
FN:345,(anonymous_7)
FN:349,(anonymous_8)
FN:52,(anonymous_9)
FN:69,(anonymous_10)
FN:110,(anonymous_11)
FN:143,(anonymous_12)
FN:171,(anonymous_13)
FN:186,(anonymous_14)
FN:211,(anonymous_15)
FN:291,(anonymous_16)
FN:301,(anonymous_17)
FN:311,(anonymous_18)
FN:326,(anonymous_19)
FN:355,setupMonitoring
FN:371,(anonymous_21)
FN:377,(anonymous_22)
FN:387,setupLogAggregation
FNF:24
FNH:0
FNDA:0,(anonymous_0)
FNDA:0,(anonymous_1)
FNDA:0,(anonymous_2)
FNDA:0,(anonymous_3)
FNDA:0,(anonymous_4)
FNDA:0,(anonymous_5)
FNDA:0,(anonymous_6)
FNDA:0,(anonymous_7)
FNDA:0,(anonymous_8)
FNDA:0,(anonymous_9)
FNDA:0,(anonymous_10)
FNDA:0,(anonymous_11)
FNDA:0,(anonymous_12)
FNDA:0,(anonymous_13)
FNDA:0,(anonymous_14)
FNDA:0,(anonymous_15)
FNDA:0,(anonymous_16)
FNDA:0,(anonymous_17)
FNDA:0,(anonymous_18)
FNDA:0,(anonymous_19)
FNDA:0,setupMonitoring
FNDA:0,(anonymous_21)
FNDA:0,(anonymous_22)
FNDA:0,setupLogAggregation
DA:8,0
DA:15,0
DA:20,0
DA:24,0
DA:29,0
DA:48,0
DA:49,0
DA:53,0
DA:70,0
DA:71,0
DA:72,0
DA:75,0
DA:79,0
DA:81,0
DA:82,0
DA:83,0
DA:87,0
DA:88,0
DA:89,0
DA:93,0
DA:94,0
DA:95,0
DA:98,0
DA:99,0
DA:102,0
DA:103,0
DA:111,0
DA:113,0
DA:115,0
DA:117,0
DA:118,0
DA:122,0
DA:123,0
DA:127,0
DA:128,0
DA:131,0
DA:132,0
DA:135,0
DA:136,0
DA:145,0
DA:148,0
DA:149,0
DA:153,0
DA:154,0
DA:158,0
DA:159,0
DA:163,0
DA:165,0
DA:173,0
DA:176,0
DA:177,0
DA:180,0
DA:187,0
DA:189,0
DA:190,0
DA:191,0
DA:192,0
DA:193,0
DA:196,0
DA:197,0
DA:198,0
DA:201,0
DA:202,0
DA:205,0
DA:221,0
DA:237,0
DA:238,0
DA:239,0
DA:240,0
DA:243,0
DA:244,0
DA:247,0
DA:248,0
DA:254,0
DA:258,0
DA:290,0
DA:292,0
DA:302,0
DA:313,0
DA:319,0
DA:321,0
DA:322,0
DA:327,0
DA:334,0
DA:335,0
DA:341,0
DA:342,0
DA:343,0
DA:344,0
DA:345,0
DA:346,0
DA:347,0
DA:348,0
DA:349,0
DA:355,0
DA:356,0
DA:359,0
DA:362,0
DA:365,0
DA:366,0
DA:371,0
DA:372,0
DA:373,0
DA:374,0
DA:377,0
DA:378,0
DA:379,0
DA:380,0
DA:387,0
DA:398,0
LF:110
LH:0
BRDA:52,0,0,0
BRDA:70,1,0,0
BRDA:81,2,0,0
BRDA:87,3,0,0
BRDA:93,4,0,0
BRDA:111,5,0,0
BRDA:117,6,0,0
BRDA:122,7,0,0
BRDA:127,8,0,0
BRDA:148,9,0,0
BRDA:153,10,0,0
BRDA:158,11,0,0
BRDA:176,12,0,0
BRDA:189,13,0,0
BRDA:196,14,0,0
BRDA:201,15,0,0
BRDA:225,16,0,0
BRDA:225,16,1,0
BRDA:226,17,0,0
BRDA:226,17,1,0
BRDA:227,18,0,0
BRDA:227,18,1,0
BRDA:228,19,0,0
BRDA:228,19,1,0
BRDA:237,20,0,0
BRDA:239,21,0,0
BRDA:243,22,0,0
BRDA:247,23,0,0
BRDA:293,24,0,0
BRDA:293,24,1,0
BRDA:303,25,0,0
BRDA:303,25,1,0
BRDA:315,26,0,0
BRDA:315,26,1,0
BRDA:321,27,0,0
BRF:35
BRH:0
end_of_record
TN:
SF:src/monitoring/infrastructure/health-check.ts
FN:11,(anonymous_0)
FN:65,(anonymous_1)
FN:72,(anonymous_2)
FN:92,(anonymous_3)
FN:108,(anonymous_4)
FN:126,(anonymous_5)
FN:143,(anonymous_6)
FN:155,(anonymous_7)
FN:156,(anonymous_8)
FN:185,(anonymous_9)
FN:188,(anonymous_10)
FN:208,(anonymous_11)
FN:252,(anonymous_12)
FN:256,(anonymous_13)
FN:275,(anonymous_14)
FN:284,(anonymous_15)
FN:288,(anonymous_16)
FN:309,(anonymous_17)
FN:327,(anonymous_18)
FN:339,(anonymous_19)
FN:352,(anonymous_20)
FN:356,(anonymous_21)
FN:390,(anonymous_22)
FN:413,(anonymous_23)
FN:446,(anonymous_24)
FN:447,(anonymous_25)
FN:461,(anonymous_26)
FN:493,(anonymous_27)
FN:513,(anonymous_28)
FN:515,(anonymous_29)
FN:523,(anonymous_30)
FN:538,(anonymous_31)
FN:547,(anonymous_32)
FN:553,(anonymous_33)
FN:557,(anonymous_34)
FNF:35
FNH:35
FNDA:3,(anonymous_0)
FNDA:75,(anonymous_1)
FNDA:265,(anonymous_2)
FNDA:9,(anonymous_3)
FNDA:14,(anonymous_4)
FNDA:71,(anonymous_5)
FNDA:77,(anonymous_6)
FNDA:74,(anonymous_7)
FNDA:2,(anonymous_8)
FNDA:12,(anonymous_9)
FNDA:51,(anonymous_10)
FNDA:10,(anonymous_11)
FNDA:12,(anonymous_12)
FNDA:2,(anonymous_13)
FNDA:1,(anonymous_14)
FNDA:1,(anonymous_15)
FNDA:1,(anonymous_16)
FNDA:2,(anonymous_17)
FNDA:2,(anonymous_18)
FNDA:1,(anonymous_19)
FNDA:75,(anonymous_20)
FNDA:15,(anonymous_21)
FNDA:12,(anonymous_22)
FNDA:15,(anonymous_23)
FNDA:42,(anonymous_24)
FNDA:3,(anonymous_25)
FNDA:74,(anonymous_26)
FNDA:123,(anonymous_27)
FNDA:12,(anonymous_28)
FNDA:12,(anonymous_29)
FNDA:1,(anonymous_30)
FNDA:10,(anonymous_31)
FNDA:10,(anonymous_32)
FNDA:41,(anonymous_33)
FNDA:10,(anonymous_34)
DA:6,3
DA:7,3
DA:8,3
DA:9,3
DA:11,3
DA:12,3
DA:13,3
DA:14,3
DA:15,3
DA:58,3
DA:59,75
DA:60,75
DA:61,75
DA:62,75
DA:63,75
DA:65,75
DA:66,75
DA:73,265
DA:76,265
DA:77,5
DA:80,265
DA:93,9
DA:94,9
DA:96,9
DA:97,9
DA:98,1
DA:99,1
DA:102,9
DA:109,14
DA:111,12
DA:114,12
DA:115,37
DA:116,37
DA:120,12
DA:127,71
DA:129,12
DA:132,12
DA:133,41
DA:135,12
DA:137,12
DA:144,77
DA:145,77
DA:146,3
DA:149,74
DA:150,74
DA:152,74
DA:153,74
DA:156,74
DA:160,67
DA:161,67
DA:164,67
DA:166,67
DA:168,7
DA:175,7
DA:176,7
DA:178,7
DA:186,12
DA:188,12
DA:189,51
DA:190,51
DA:192,0
DA:201,12
DA:202,12
DA:209,10
DA:212,10
DA:215,10
DA:216,10
DA:219,10
DA:222,10
DA:224,10
DA:237,10
DA:246,10
DA:253,12
DA:256,12
DA:257,2
DA:258,2
DA:260,2
DA:263,2
DA:265,0
DA:266,0
DA:275,12
DA:276,1
DA:284,12
DA:285,1
DA:286,1
DA:287,1
DA:288,1
DA:291,1
DA:293,1
DA:299,0
DA:300,0
DA:309,12
DA:310,2
DA:312,2
DA:313,2
DA:314,1
DA:316,1
DA:318,1
DA:327,12
DA:328,2
DA:330,2
DA:331,1
DA:333,1
DA:334,1
DA:339,12
DA:340,1
DA:346,12
DA:354,75
DA:357,15
DA:358,15
DA:359,15
DA:361,15
DA:362,15
DA:369,15
DA:370,1
DA:371,14
DA:372,1
DA:375,15
DA:388,75
DA:391,12
DA:392,12
DA:394,12
DA:411,75
DA:414,15
DA:415,15
DA:417,15
DA:418,15
DA:419,1
DA:420,14
DA:421,8
DA:424,15
DA:447,42
DA:448,3
DA:449,3
DA:451,0
DA:455,42
DA:462,74
DA:463,74
DA:466,74
DA:467,4
DA:478,74
DA:479,14
DA:494,123
DA:497,123
DA:498,5
DA:501,123
DA:514,12
DA:515,12
DA:516,12
DA:524,1
DA:526,1
DA:527,1
DA:528,1
DA:532,1
DA:541,10
DA:551,10
DA:553,41
DA:554,6
DA:557,10
DA:558,3
DA:561,1
DA:568,3
LF:162
LH:156
BRDA:11,0,0,3
BRDA:11,0,1,3
BRDA:65,1,0,1
BRDA:76,2,0,5
BRDA:76,3,0,265
BRDA:76,3,1,234
BRDA:97,4,0,1
BRDA:109,5,0,2
BRDA:115,6,0,37
BRDA:127,7,0,59
BRDA:145,8,0,3
BRDA:150,9,0,74
BRDA:150,9,1,30
BRDA:172,10,0,7
BRDA:172,10,1,0
BRDA:196,11,0,0
BRDA:196,11,1,0
BRDA:260,12,0,0
BRDA:260,12,1,2
BRDA:261,13,0,1
BRDA:261,13,1,1
BRDA:269,14,0,0
BRDA:269,14,1,0
BRDA:287,15,0,1
BRDA:287,15,1,0
BRDA:291,16,0,1
BRDA:291,16,1,0
BRDA:303,17,0,0
BRDA:303,17,1,0
BRDA:314,18,0,1
BRDA:314,18,1,0
BRDA:321,19,0,1
BRDA:321,19,1,0
BRDA:330,20,0,1
BRDA:330,20,1,1
BRDA:330,21,0,2
BRDA:330,21,1,2
BRDA:369,22,0,1
BRDA:369,22,1,14
BRDA:369,23,0,15
BRDA:369,23,1,14
BRDA:371,24,0,1
BRDA:371,25,0,14
BRDA:371,25,1,13
BRDA:418,26,0,1
BRDA:418,26,1,14
BRDA:420,27,0,8
BRDA:463,28,0,0
BRDA:466,29,0,4
BRDA:466,30,0,74
BRDA:466,30,1,16
BRDA:478,31,0,14
BRDA:497,32,0,5
BRDA:527,33,0,1
BRDA:553,34,0,6
BRDA:557,35,0,3
BRDA:569,36,0,3
BRDA:569,36,1,0
BRF:58
BRH:44
end_of_record
TN:
SF:src/monitoring/infrastructure/metrics-dashboard.ts
FN:23,(anonymous_0)
FN:30,(anonymous_1)
FN:34,(anonymous_2)
FN:40,(anonymous_3)
FN:50,(anonymous_4)
FN:60,(anonymous_5)
FN:70,(anonymous_6)
FN:86,(anonymous_7)
FN:137,(anonymous_8)
FN:153,(anonymous_9)
FN:162,(anonymous_10)
FN:170,(anonymous_11)
FNF:12
FNH:0
FNDA:0,(anonymous_0)
FNDA:0,(anonymous_1)
FNDA:0,(anonymous_2)
FNDA:0,(anonymous_3)
FNDA:0,(anonymous_4)
FNDA:0,(anonymous_5)
FNDA:0,(anonymous_6)
FNDA:0,(anonymous_7)
FNDA:0,(anonymous_8)
FNDA:0,(anonymous_9)
FNDA:0,(anonymous_10)
FNDA:0,(anonymous_11)
DA:6,0
DA:9,0
DA:10,0
DA:11,0
DA:12,0
DA:17,0
DA:19,0
DA:20,0
DA:21,0
DA:24,0
DA:31,0
DA:34,0
DA:35,0
DA:36,0
DA:40,0
DA:41,0
DA:42,0
DA:43,0
DA:45,0
DA:46,0
DA:50,0
DA:51,0
DA:52,0
DA:53,0
DA:55,0
DA:56,0
DA:60,0
DA:61,0
DA:62,0
DA:63,0
DA:65,0
DA:66,0
DA:70,0
DA:71,0
DA:72,0
DA:73,0
DA:75,0
DA:76,0
DA:80,0
DA:87,0
DA:90,0
DA:91,0
DA:94,0
DA:95,0
DA:96,0
DA:97,0
DA:99,0
DA:128,0
DA:129,0
DA:131,0
DA:138,0
DA:140,0
DA:154,0
DA:155,0
DA:157,0
DA:162,0
DA:171,0
DA:704,0
LF:58
LH:0
BRDA:90,0,0,0
BRDA:90,1,0,0
BRDA:90,1,1,0
BRDA:114,2,0,0
BRDA:114,2,1,0
BRDA:121,3,0,0
BRDA:121,3,1,0
BRDA:122,4,0,0
BRDA:122,4,1,0
BRF:9
BRH:0
end_of_record
TN:
SF:src/monitoring/infrastructure/http/monitoring.routes.ts
FN:53,(anonymous_1)
FN:99,(anonymous_2)
FN:153,(anonymous_3)
FN:187,(anonymous_4)
FN:190,(anonymous_5)
FNF:5
FNH:0
FNDA:0,(anonymous_1)
FNDA:0,(anonymous_2)
FNDA:0,(anonymous_3)
FNDA:0,(anonymous_4)
FNDA:0,(anonymous_5)
DA:5,1
DA:6,1
DA:7,1
DA:8,1
DA:10,1
DA:53,0
DA:54,0
DA:55,0
DA:56,0
DA:59,0
DA:89,0
DA:91,0
DA:99,0
DA:100,0
DA:101,0
DA:102,0
DA:103,0
DA:104,0
DA:111,0
DA:143,0
DA:145,0
DA:153,0
DA:154,0
DA:155,0
DA:157,0
DA:179,0
DA:187,0
DA:188,0
DA:189,0
DA:190,0
DA:197,0
DA:223,0
LF:32
LH:5
BRF:0
BRH:0
end_of_record
TN:
SF:src/queues/application/services/download-queue-manager.ts
FN:34,(anonymous_0)
FN:74,(anonymous_1)
FN:84,(anonymous_2)
FN:105,(anonymous_3)
FN:136,(anonymous_4)
FN:144,(anonymous_5)
FN:152,(anonymous_6)
FN:157,(anonymous_7)
FN:166,(anonymous_8)
FN:174,(anonymous_9)
FN:188,(anonymous_10)
FN:215,(anonymous_11)
FN:220,(anonymous_12)
FN:240,(anonymous_13)
FN:297,(anonymous_14)
FN:298,(anonymous_15)
FN:299,(anonymous_16)
FN:305,(anonymous_17)
FN:310,(anonymous_18)
FN:323,(anonymous_19)
FN:330,(anonymous_20)
FN:365,(anonymous_21)
FN:389,(anonymous_22)
FN:402,(anonymous_23)
FN:410,(anonymous_24)
FN:411,(anonymous_25)
FN:416,(anonymous_26)
FN:418,(anonymous_27)
FN:427,(anonymous_28)
FN:434,(anonymous_29)
FN:435,(anonymous_30)
FN:455,(anonymous_31)
FN:465,(anonymous_32)
FN:466,(anonymous_33)
FN:472,(anonymous_34)
FNF:35
FNH:25
FNDA:24,(anonymous_0)
FNDA:10,(anonymous_1)
FNDA:28,(anonymous_2)
FNDA:28,(anonymous_3)
FNDA:5,(anonymous_4)
FNDA:1,(anonymous_5)
FNDA:0,(anonymous_6)
FNDA:0,(anonymous_7)
FNDA:2,(anonymous_8)
FNDA:1,(anonymous_9)
FNDA:9,(anonymous_10)
FNDA:6,(anonymous_11)
FNDA:4,(anonymous_12)
FNDA:4,(anonymous_13)
FNDA:4,(anonymous_14)
FNDA:4,(anonymous_15)
FNDA:0,(anonymous_16)
FNDA:2,(anonymous_17)
FNDA:1,(anonymous_18)
FNDA:2,(anonymous_19)
FNDA:2,(anonymous_20)
FNDA:6,(anonymous_21)
FNDA:36,(anonymous_22)
FNDA:2,(anonymous_23)
FNDA:24,(anonymous_24)
FNDA:0,(anonymous_25)
FNDA:0,(anonymous_26)
FNDA:0,(anonymous_27)
FNDA:1,(anonymous_28)
FNDA:0,(anonymous_29)
FNDA:0,(anonymous_30)
FNDA:1,(anonymous_31)
FNDA:0,(anonymous_32)
FNDA:0,(anonymous_33)
FNDA:21,(anonymous_34)
DA:5,3
DA:6,3
DA:18,3
DA:19,24
DA:25,24
DA:26,24
DA:28,24
DA:35,24
DA:37,24
DA:46,24
DA:62,24
DA:68,24
DA:75,10
DA:85,28
DA:87,10
DA:89,10
DA:90,2
DA:94,8
DA:95,4
DA:107,28
DA:109,26
DA:119,26
DA:120,26
DA:121,26
DA:123,26
DA:126,26
DA:127,4
DA:130,26
DA:137,5
DA:138,5
DA:146,1
DA:147,0
DA:151,1
DA:152,3
DA:153,3
DA:157,1
DA:158,1
DA:160,1
DA:168,2
DA:169,0
DA:173,2
DA:174,5
DA:175,5
DA:176,1
DA:177,1
DA:178,1
DA:182,1
DA:189,9
DA:190,9
DA:192,9
DA:193,9
DA:195,6
DA:196,0
DA:197,0
DA:201,6
DA:202,6
DA:205,4
DA:208,9
DA:217,6
DA:218,6
DA:219,18
DA:220,4
DA:222,18
DA:223,0
DA:228,6
DA:229,14
DA:230,4
DA:234,2
DA:241,4
DA:242,4
DA:243,4
DA:245,4
DA:246,4
DA:248,4
DA:250,4
DA:252,4
DA:254,2
DA:255,2
DA:256,2
DA:257,2
DA:259,2
DA:260,2
DA:262,2
DA:264,1
DA:270,1
DA:272,1
DA:273,1
DA:274,1
DA:275,1
DA:278,0
DA:279,0
DA:282,0
DA:283,0
DA:286,1
DA:288,3
DA:289,3
DA:290,3
DA:298,4
DA:299,4
DA:300,0
DA:301,0
DA:302,0
DA:305,4
DA:306,2
DA:307,2
DA:310,4
DA:311,1
DA:312,1
DA:316,4
DA:324,2
DA:331,2
DA:332,2
DA:334,2
DA:337,2
DA:338,2
DA:340,2
DA:341,2
DA:342,2
DA:343,2
DA:346,0
DA:347,0
DA:350,0
DA:351,0
DA:355,2
DA:356,2
DA:359,2
DA:366,6
DA:367,6
DA:368,6
DA:370,6
DA:371,0
DA:375,0
DA:378,6
DA:379,6
DA:380,6
DA:383,0
DA:390,36
DA:403,2
DA:404,2
DA:411,24
DA:412,0
DA:416,24
DA:417,0
DA:418,0
DA:419,0
DA:428,1
DA:435,0
DA:436,0
DA:438,0
DA:439,0
DA:440,0
DA:441,0
DA:443,0
DA:444,0
DA:446,0
DA:447,0
DA:449,0
DA:456,1
DA:457,1
DA:458,1
DA:459,1
DA:466,0
DA:473,21
DA:474,19
DA:475,19
DA:477,21
DA:478,19
DA:479,19
LF:168
LH:133
BRDA:85,0,0,18
BRDA:89,1,0,2
BRDA:94,2,0,4
BRDA:105,3,0,18
BRDA:126,4,0,4
BRDA:146,5,0,0
BRDA:153,6,0,0
BRDA:158,7,0,0
BRDA:168,8,0,0
BRDA:175,9,0,1
BRDA:189,10,0,0
BRDA:195,11,0,0
BRDA:202,12,0,2
BRDA:220,13,0,4
BRDA:220,13,1,0
BRDA:222,14,0,0
BRDA:229,15,0,4
BRDA:265,16,0,1
BRDA:265,16,1,0
BRDA:267,17,0,1
BRDA:267,17,1,0
BRDA:270,18,0,1
BRDA:270,18,1,0
BRDA:280,19,0,0
BRDA:280,19,1,0
BRDA:332,20,0,2
BRDA:338,21,0,2
BRDA:338,21,1,0
BRDA:348,22,0,0
BRDA:348,22,1,0
BRDA:370,23,0,0
BRDA:378,24,0,6
BRDA:436,25,0,0
BRDA:473,26,0,19
BRDA:477,27,0,19
BRF:35
BRH:17
end_of_record
TN:
SF:src/queues/infrastructure/http/queue.routes.ts
FN:37,(anonymous_0)
FN:77,(anonymous_1)
FN:96,(anonymous_2)
FN:124,(anonymous_3)
FN:151,(anonymous_4)
FN:172,(anonymous_5)
FN:199,(anonymous_6)
FN:217,(anonymous_7)
FN:238,(anonymous_8)
FNF:9
FNH:0
FNDA:0,(anonymous_0)
FNDA:0,(anonymous_1)
FNDA:0,(anonymous_2)
FNDA:0,(anonymous_3)
FNDA:0,(anonymous_4)
FNDA:0,(anonymous_5)
FNDA:0,(anonymous_6)
FNDA:0,(anonymous_7)
FNDA:0,(anonymous_8)
DA:5,1
DA:6,1
DA:8,1
DA:16,1
DA:24,1
DA:27,1
DA:33,0
DA:38,0
DA:39,0
DA:41,0
DA:42,0
DA:48,0
DA:49,0
DA:50,0
DA:56,0
DA:64,0
DA:69,0
DA:77,0
DA:78,0
DA:79,0
DA:81,0
DA:86,0
DA:94,0
DA:97,0
DA:98,0
DA:99,0
DA:101,0
DA:102,0
DA:109,0
DA:114,0
DA:122,0
DA:125,0
DA:126,0
DA:127,0
DA:129,0
DA:130,0
DA:137,0
DA:143,0
DA:151,0
DA:152,0
DA:153,0
DA:155,0
DA:161,0
DA:169,0
DA:173,0
DA:174,0
DA:175,0
DA:177,0
DA:178,0
DA:185,0
DA:191,0
DA:199,0
DA:200,0
DA:201,0
DA:203,0
DA:209,0
DA:217,0
DA:218,0
DA:219,0
DA:220,0
DA:222,0
DA:224,0
DA:230,0
DA:238,0
DA:239,0
DA:240,0
DA:241,0
DA:243,0
DA:245,0
DA:251,0
DA:256,1
LF:71
LH:7
BRDA:17,0,0,1
BRDA:17,0,1,1
BRDA:18,1,0,1
BRDA:18,1,1,1
BRDA:39,2,0,0
BRDA:41,3,0,0
BRDA:49,4,0,0
BRDA:101,5,0,0
BRDA:129,6,0,0
BRDA:177,7,0,0
BRDA:243,8,0,0
BRDA:243,8,1,0
BRF:12
BRH:4
end_of_record
TN:
SF:src/rate-limiting/adapters/redis-rate-limiter.ts
FN:18,(anonymous_0)
FN:28,(anonymous_1)
FN:70,(anonymous_2)
FN:110,(anonymous_3)
FN:146,(anonymous_4)
FN:158,(anonymous_5)
FN:171,(anonymous_6)
FN:183,(anonymous_7)
FN:195,(anonymous_8)
FN:208,(anonymous_9)
FN:221,(anonymous_10)
FN:233,(anonymous_11)
FN:254,(anonymous_12)
FN:270,(anonymous_13)
FN:278,(anonymous_14)
FN:286,(anonymous_15)
FN:294,(anonymous_16)
FN:302,(anonymous_17)
FN:310,(anonymous_18)
FN:318,(anonymous_19)
FNF:20
FNH:11
FNDA:21,(anonymous_0)
FNDA:3,(anonymous_1)
FNDA:2,(anonymous_2)
FNDA:2,(anonymous_3)
FNDA:2,(anonymous_4)
FNDA:1,(anonymous_5)
FNDA:1,(anonymous_6)
FNDA:1,(anonymous_7)
FNDA:2,(anonymous_8)
FNDA:0,(anonymous_9)
FNDA:2,(anonymous_10)
FNDA:2,(anonymous_11)
FNDA:0,(anonymous_12)
FNDA:0,(anonymous_13)
FNDA:0,(anonymous_14)
FNDA:0,(anonymous_15)
FNDA:0,(anonymous_16)
FNDA:0,(anonymous_17)
FNDA:0,(anonymous_18)
FNDA:0,(anonymous_19)
DA:7,1
DA:13,1
DA:19,21
DA:20,21
DA:21,21
DA:22,21
DA:29,3
DA:30,3
DA:31,3
DA:32,3
DA:35,3
DA:37,2
DA:38,2
DA:39,2
DA:41,2
DA:55,1
DA:57,1
DA:71,2
DA:72,2
DA:73,2
DA:74,2
DA:76,2
DA:78,2
DA:79,2
DA:80,2
DA:82,2
DA:96,0
DA:97,0
DA:111,2
DA:112,2
DA:113,2
DA:115,2
DA:116,2
DA:118,2
DA:132,0
DA:133,0
DA:147,2
DA:148,2
DA:149,2
DA:151,1
DA:159,1
DA:160,1
DA:161,1
DA:162,1
DA:164,0
DA:172,1
DA:173,1
DA:174,1
DA:176,0
DA:184,1
DA:185,1
DA:186,1
DA:188,0
DA:196,2
DA:197,2
DA:198,2
DA:200,1
DA:201,1
DA:209,0
DA:210,0
DA:211,0
DA:213,0
DA:214,0
DA:222,2
DA:223,2
DA:224,2
DA:226,1
DA:238,2
DA:239,2
DA:240,2
DA:241,1
DA:242,1
DA:244,1
DA:246,1
DA:247,1
DA:263,0
DA:264,0
DA:272,0
DA:280,0
DA:288,0
DA:296,0
DA:304,0
DA:312,0
DA:320,0
LF:84
LH:63
BRDA:20,0,0,21
BRDA:20,0,1,1
BRDA:21,1,0,21
BRDA:21,1,1,1
BRDA:22,2,0,21
BRDA:22,2,1,1
BRDA:46,3,0,1
BRDA:46,3,1,1
BRDA:47,4,0,1
BRDA:47,4,1,1
BRDA:87,5,0,1
BRDA:87,5,1,1
BRDA:88,6,0,1
BRDA:88,6,1,1
BRDA:123,7,0,1
BRDA:123,7,1,1
BRDA:124,8,0,1
BRDA:124,8,1,1
BRF:18
BRH:18
end_of_record
TN:
SF:src/rate-limiting/domain/rate-limiting-entities.ts
FNF:0
FNH:0
DA:266,1
DA:332,1
DA:343,1
DA:353,1
LF:4
LH:4
BRF:0
BRH:0
end_of_record
TN:
SF:src/security/index.ts
FN:7,(anonymous_0)
FN:11,(anonymous_1)
FN:12,(anonymous_2)
FN:20,(anonymous_3)
FN:21,(anonymous_4)
FN:30,(anonymous_5)
FN:31,(anonymous_6)
FN:47,initializeEnterpriseSecurityModule
FN:70,setupSecurityRoutes
FN:72,(anonymous_9)
FN:83,(anonymous_10)
FN:96,(anonymous_11)
FN:111,(anonymous_12)
FN:127,(anonymous_13)
FN:138,(anonymous_14)
FN:148,(anonymous_15)
FN:162,(anonymous_16)
FN:173,(anonymous_17)
FN:186,(anonymous_18)
FN:197,(anonymous_19)
FN:213,(anonymous_20)
FN:227,(anonymous_21)
FN:238,(anonymous_22)
FN:251,(anonymous_23)
FN:262,(anonymous_24)
FN:275,(anonymous_25)
FN:290,(anonymous_26)
FN:311,shutdownEnterpriseSecurityModule
FNF:28
FNH:21
FNDA:0,(anonymous_0)
FNDA:0,(anonymous_1)
FNDA:0,(anonymous_2)
FNDA:0,(anonymous_3)
FNDA:0,(anonymous_4)
FNDA:0,(anonymous_5)
FNDA:0,(anonymous_6)
FNDA:26,initializeEnterpriseSecurityModule
FNDA:25,setupSecurityRoutes
FNDA:2,(anonymous_9)
FNDA:2,(anonymous_10)
FNDA:1,(anonymous_11)
FNDA:1,(anonymous_12)
FNDA:1,(anonymous_13)
FNDA:1,(anonymous_14)
FNDA:1,(anonymous_15)
FNDA:1,(anonymous_16)
FNDA:2,(anonymous_17)
FNDA:1,(anonymous_18)
FNDA:1,(anonymous_19)
FNDA:1,(anonymous_20)
FNDA:1,(anonymous_21)
FNDA:2,(anonymous_22)
FNDA:1,(anonymous_23)
FNDA:2,(anonymous_24)
FNDA:1,(anonymous_25)
FNDA:1,(anonymous_26)
FNDA:2,shutdownEnterpriseSecurityModule
DA:6,1
DA:7,1
DA:10,1
DA:11,1
DA:12,1
DA:19,1
DA:20,1
DA:21,1
DA:29,1
DA:30,1
DA:31,1
DA:39,1
DA:40,1
DA:41,1
DA:42,1
DA:47,1
DA:48,26
DA:50,26
DA:52,26
DA:53,25
DA:54,25
DA:57,25
DA:59,25
DA:62,1
DA:63,1
DA:72,25
DA:73,2
DA:74,2
DA:75,2
DA:76,1
DA:78,1
DA:79,1
DA:83,25
DA:84,2
DA:85,2
DA:86,2
DA:87,1
DA:89,1
DA:91,0
DA:92,0
DA:96,25
DA:97,1
DA:98,1
DA:99,1
DA:104,1
DA:106,0
DA:107,0
DA:111,25
DA:112,1
DA:113,1
DA:114,1
DA:120,1
DA:122,0
DA:123,0
DA:127,25
DA:128,1
DA:129,1
DA:130,1
DA:132,0
DA:133,0
DA:138,25
DA:139,1
DA:140,1
DA:141,1
DA:143,0
DA:144,0
DA:148,25
DA:149,1
DA:150,1
DA:151,1
DA:155,1
DA:157,0
DA:158,0
DA:162,25
DA:163,1
DA:164,1
DA:165,1
DA:166,1
DA:168,0
DA:169,0
DA:173,25
DA:174,2
DA:175,2
DA:176,2
DA:177,1
DA:179,1
DA:181,0
DA:182,0
DA:186,25
DA:187,1
DA:188,1
DA:189,1
DA:190,1
DA:192,0
DA:193,0
DA:197,25
DA:198,1
DA:199,1
DA:200,1
DA:205,1
DA:207,0
DA:208,0
DA:213,25
DA:214,1
DA:215,1
DA:216,1
DA:220,1
DA:222,0
DA:223,0
DA:227,25
DA:228,1
DA:229,1
DA:230,1
DA:231,1
DA:233,0
DA:234,0
DA:238,25
DA:239,2
DA:240,2
DA:241,2
DA:242,1
DA:244,1
DA:246,0
DA:247,0
DA:251,25
DA:252,1
DA:253,1
DA:254,1
DA:255,1
DA:257,0
DA:258,0
DA:262,25
DA:263,2
DA:264,2
DA:265,2
DA:266,1
DA:268,1
DA:270,0
DA:271,0
DA:275,25
DA:276,1
DA:277,1
DA:278,1
DA:283,1
DA:285,0
DA:286,0
DA:290,25
DA:291,1
DA:292,1
DA:293,1
DA:298,1
DA:300,0
DA:301,0
DA:305,25
DA:311,1
DA:312,2
DA:314,2
DA:315,2
DA:316,1
DA:317,1
DA:319,1
DA:321,1
LF:162
LH:128
BRDA:86,0,0,1
BRDA:176,1,0,1
BRDA:241,2,0,1
BRDA:265,3,0,1
BRF:4
BRH:4
end_of_record
TN:
SF:src/security/infrastructure/middleware/security.middleware.ts
FN:13,(anonymous_0)
FN:19,(anonymous_1)
FN:27,(anonymous_2)
FN:50,(anonymous_3)
FN:53,(anonymous_4)
FN:100,(anonymous_5)
FN:130,(anonymous_6)
FN:144,(anonymous_7)
FN:169,(anonymous_8)
FN:202,(anonymous_9)
FN:230,(anonymous_10)
FN:232,(anonymous_11)
FN:264,(anonymous_12)
FNF:13
FNH:8
FNDA:8,(anonymous_0)
FNDA:0,(anonymous_1)
FNDA:0,(anonymous_2)
FNDA:0,(anonymous_3)
FNDA:0,(anonymous_4)
FNDA:4,(anonymous_5)
FNDA:5,(anonymous_6)
FNDA:0,(anonymous_7)
FNDA:2,(anonymous_8)
FNDA:2,(anonymous_9)
FNDA:2,(anonymous_10)
FNDA:6,(anonymous_11)
FNDA:1,(anonymous_12)
DA:11,8
DA:14,8
DA:15,8
DA:16,8
DA:19,8
DA:20,0
DA:21,0
DA:24,0
DA:27,0
DA:29,0
DA:30,0
DA:39,0
DA:40,0
DA:43,0
DA:44,0
DA:47,0
DA:51,0
DA:52,0
DA:53,0
DA:54,0
DA:55,0
DA:57,0
DA:66,2
DA:99,2
DA:101,4
DA:103,4
DA:104,1
DA:111,3
DA:112,3
DA:113,2
DA:114,0
DA:116,2
DA:117,1
DA:120,2
DA:127,1
DA:131,5
DA:133,5
DA:134,1
DA:141,4
DA:145,0
DA:147,0
DA:148,0
DA:149,0
DA:156,0
DA:157,0
DA:158,0
DA:166,0
DA:170,2
DA:172,2
DA:173,2
DA:174,0
DA:181,2
DA:182,1
DA:189,1
DA:191,0
DA:199,1
DA:203,2
DA:205,2
DA:206,0
DA:214,2
DA:215,2
DA:216,1
DA:223,1
DA:230,2
DA:232,2
DA:233,6
DA:235,3
DA:237,3
DA:238,0
DA:240,3
DA:241,3
DA:242,3
DA:243,4
DA:245,4
DA:246,4
DA:249,3
DA:251,0
DA:254,2
DA:255,2
DA:258,2
DA:264,2
DA:266,1
DA:267,1
DA:268,1
DA:269,1
DA:270,1
DA:271,1
DA:273,1
DA:279,2
DA:287,2
LF:90
LH:59
BRDA:20,0,0,0
BRDA:20,0,1,0
BRDA:20,0,2,0
BRDA:24,1,0,0
BRDA:24,1,1,0
BRDA:29,2,0,0
BRDA:43,3,0,0
BRDA:54,4,0,0
BRDA:54,4,1,0
BRDA:103,5,0,1
BRDA:103,6,0,4
BRDA:103,6,1,3
BRDA:113,7,0,0
BRDA:116,8,0,1
BRDA:133,9,0,1
BRDA:133,10,0,5
BRDA:133,10,1,4
BRDA:147,11,0,0
BRDA:148,12,0,0
BRDA:148,13,0,0
BRDA:148,13,1,0
BRDA:157,14,0,0
BRDA:172,15,0,2
BRDA:173,16,0,0
BRDA:173,17,0,2
BRDA:173,17,1,2
BRDA:181,18,0,1
BRDA:181,19,0,2
BRDA:181,19,1,2
BRDA:189,20,0,0
BRDA:189,21,0,1
BRDA:189,21,1,1
BRDA:205,22,0,0
BRDA:205,23,0,2
BRDA:205,23,1,2
BRDA:215,24,0,1
BRDA:233,25,0,3
BRDA:237,26,0,0
BRDA:240,27,0,3
BRDA:240,28,0,3
BRDA:240,28,1,3
BRDA:243,29,0,4
BRDA:254,30,0,2
BRF:43
BRH:24
end_of_record
TN:
SF:src/server/server-application.ts
FN:36,(anonymous_2)
FN:52,(anonymous_3)
FN:87,(anonymous_4)
FN:120,(anonymous_5)
FN:141,(anonymous_6)
FN:159,(anonymous_7)
FN:173,(anonymous_8)
FN:182,(anonymous_9)
FN:194,(anonymous_10)
FN:219,(anonymous_11)
FN:227,(anonymous_12)
FN:235,(anonymous_13)
FN:242,(anonymous_14)
FN:249,(anonymous_15)
FN:256,(anonymous_16)
FN:270,(anonymous_17)
FN:278,(anonymous_18)
FN:286,(anonymous_19)
FN:294,(anonymous_20)
FN:301,(anonymous_21)
FN:308,(anonymous_22)
FNF:21
FNH:18
FNDA:19,(anonymous_2)
FNDA:14,(anonymous_3)
FNDA:7,(anonymous_4)
FNDA:12,(anonymous_5)
FNDA:2,(anonymous_6)
FNDA:0,(anonymous_7)
FNDA:0,(anonymous_8)
FNDA:0,(anonymous_9)
FNDA:11,(anonymous_10)
FNDA:11,(anonymous_11)
FNDA:11,(anonymous_12)
FNDA:6,(anonymous_13)
FNDA:6,(anonymous_14)
FNDA:6,(anonymous_15)
FNDA:12,(anonymous_16)
FNDA:2,(anonymous_17)
FNDA:2,(anonymous_18)
FNDA:2,(anonymous_19)
FNDA:9,(anonymous_20)
FNDA:4,(anonymous_21)
FNDA:1,(anonymous_22)
DA:7,2
DA:8,2
DA:14,2
DA:19,2
DA:20,2
DA:21,2
DA:22,2
DA:23,2
DA:24,2
DA:36,2
DA:37,19
DA:45,19
DA:52,2
DA:53,14
DA:54,1
DA:55,1
DA:58,13
DA:60,13
DA:62,13
DA:65,11
DA:68,11
DA:70,11
DA:71,11
DA:73,11
DA:74,11
DA:75,11
DA:78,2
DA:79,2
DA:87,2
DA:88,7
DA:89,1
DA:90,1
DA:93,6
DA:95,6
DA:97,6
DA:100,6
DA:103,6
DA:105,6
DA:106,6
DA:108,6
DA:111,0
DA:112,0
DA:120,2
DA:121,12
DA:122,12
DA:131,12
DA:141,2
DA:142,2
DA:152,2
DA:159,2
DA:160,0
DA:161,0
DA:173,2
DA:174,0
DA:175,0
DA:182,2
DA:183,0
DA:184,0
DA:185,0
DA:195,11
DA:204,11
DA:205,66
DA:207,66
DA:210,0
DA:211,0
DA:221,11
DA:229,11
DA:236,6
DA:243,6
DA:250,6
DA:257,12
DA:272,2
DA:280,2
DA:288,2
DA:295,9
DA:302,4
DA:309,1
LF:77
LH:66
BRDA:41,0,0,19
BRDA:41,0,1,18
BRDA:42,1,0,19
BRDA:42,1,1,16
BRDA:53,2,0,1
BRDA:88,3,0,1
BRDA:121,4,0,1
BRDA:121,4,1,11
BRDA:123,5,0,1
BRDA:123,5,1,11
BRDA:143,6,0,1
BRDA:143,6,1,1
BRDA:258,7,0,1
BRDA:258,7,1,11
BRDA:259,8,0,1
BRDA:259,8,1,11
BRDA:302,9,0,3
BRDA:302,9,1,1
BRDA:313,10,0,1
BRDA:313,10,1,0
BRF:20
BRH:19
end_of_record
TN:
SF:src/server/adapters/cache-adapter.ts
FN:7,(anonymous_0)
FNF:1
FNH:1
FNDA:3,(anonymous_0)
DA:4,3
DA:6,3
DA:8,3
LF:3
LH:3
BRF:0
BRH:0
end_of_record
TN:
SF:src/server/adapters/http-server-adapter.ts
FN:18,(anonymous_2)
FN:32,(anonymous_3)
FN:42,(anonymous_4)
FN:61,(anonymous_5)
FN:62,(anonymous_6)
FN:84,(anonymous_7)
FN:94,(anonymous_8)
FN:95,(anonymous_9)
FN:120,(anonymous_10)
FN:160,(anonymous_11)
FN:174,(anonymous_12)
FN:205,(anonymous_13)
FN:209,(anonymous_14)
FN:223,(anonymous_15)
FN:227,(anonymous_16)
FN:238,(anonymous_17)
FN:248,(anonymous_18)
FN:282,(anonymous_19)
FN:292,(anonymous_20)
FN:304,(anonymous_21)
FN:321,(anonymous_22)
FN:340,(anonymous_23)
FN:349,(anonymous_24)
FN:365,(anonymous_25)
FN:372,(anonymous_26)
FN:379,(anonymous_27)
FNF:26
FNH:15
FNDA:25,(anonymous_2)
FNDA:25,(anonymous_3)
FNDA:20,(anonymous_4)
FNDA:19,(anonymous_5)
FNDA:19,(anonymous_6)
FNDA:6,(anonymous_7)
FNDA:4,(anonymous_8)
FNDA:4,(anonymous_9)
FNDA:140,(anonymous_10)
FNDA:4,(anonymous_11)
FNDA:19,(anonymous_12)
FNDA:0,(anonymous_13)
FNDA:0,(anonymous_14)
FNDA:19,(anonymous_15)
FNDA:0,(anonymous_16)
FNDA:0,(anonymous_17)
FNDA:0,(anonymous_18)
FNDA:0,(anonymous_19)
FNDA:0,(anonymous_20)
FNDA:0,(anonymous_21)
FNDA:0,(anonymous_22)
FNDA:0,(anonymous_23)
FNDA:0,(anonymous_24)
FNDA:3,(anonymous_25)
FNDA:6,(anonymous_26)
FNDA:2,(anonymous_27)
DA:7,3
DA:8,3
DA:9,3
DA:10,3
DA:11,3
DA:13,3
DA:18,3
DA:19,25
DA:32,3
DA:35,25
DA:36,25
DA:37,25
DA:43,20
DA:44,1
DA:45,1
DA:48,19
DA:50,19
DA:51,19
DA:52,19
DA:55,19
DA:58,19
DA:61,19
DA:62,19
DA:63,19
DA:64,1
DA:66,18
DA:71,18
DA:73,18
DA:76,1
DA:77,1
DA:85,6
DA:86,2
DA:87,2
DA:90,4
DA:92,4
DA:93,4
DA:94,4
DA:95,4
DA:96,4
DA:97,1
DA:99,3
DA:105,3
DA:106,3
DA:107,3
DA:109,3
DA:112,1
DA:113,1
DA:121,140
DA:122,0
DA:125,140
DA:126,140
DA:134,140
DA:136,117
DA:137,117
DA:139,20
DA:140,20
DA:142,1
DA:143,1
DA:145,1
DA:146,1
DA:148,1
DA:149,1
DA:151,0
DA:154,140
DA:161,4
DA:175,19
DA:178,19
DA:190,19
DA:198,19
DA:201,19
DA:202,19
DA:205,19
DA:206,0
DA:207,0
DA:209,0
DA:210,0
DA:211,0
DA:214,0
DA:217,19
DA:224,19
DA:227,19
DA:228,0
DA:238,19
DA:239,0
DA:240,0
DA:241,0
DA:243,0
DA:248,19
DA:249,0
DA:250,0
DA:253,0
DA:254,0
DA:259,0
DA:262,0
DA:269,0
DA:276,0
DA:277,0
DA:282,19
DA:284,0
DA:292,19
DA:293,0
DA:296,0
DA:304,19
DA:305,0
DA:321,19
DA:322,0
DA:331,19
DA:332,19
DA:335,19
DA:336,19
DA:340,19
DA:341,0
DA:349,19
DA:350,0
DA:352,0
DA:359,19
DA:366,3
DA:373,6
DA:380,2
LF:119
LH:89
BRDA:43,0,0,1
BRDA:63,1,0,1
BRDA:63,1,1,18
BRDA:85,2,0,2
BRDA:93,3,0,4
BRDA:96,4,0,1
BRDA:96,4,1,3
BRDA:121,5,0,0
BRDA:134,6,0,117
BRDA:134,6,1,20
BRDA:134,6,2,1
BRDA:134,6,3,1
BRDA:134,6,4,1
BRDA:134,6,5,0
BRDA:166,7,0,1
BRDA:166,7,1,3
BRDA:167,8,0,4
BRDA:167,8,1,0
BRDA:175,9,0,0
BRDA:191,10,0,19
BRDA:191,10,1,19
BRDA:224,11,0,0
BRDA:233,12,0,0
BRDA:233,12,1,0
BRDA:253,13,0,0
BRDA:253,14,0,0
BRDA:253,14,1,0
BRDA:335,15,0,19
BRDA:373,16,0,6
BRDA:373,16,1,2
BRF:30
BRH:20
end_of_record
TN:
SF:src/server/adapters/logging-adapter.ts
FN:7,(anonymous_0)
FNF:1
FNH:1
FNDA:3,(anonymous_0)
DA:4,3
DA:6,3
DA:8,3
LF:3
LH:3
BRF:0
BRH:0
end_of_record
TN:
SF:src/testing/domain/integration-testing-entities.ts
FNF:0
FNH:0
DA:716,1
DA:724,1
DA:732,1
DA:739,1
LF:4
LH:4
BRF:0
BRH:0
end_of_record
